<?xml version="1.0" ?>
<!DOCTYPE coverage SYSTEM "http://cobertura.sourceforge.net/xml/coverage-04.dtd">
<coverage lines-valid="3377" lines-covered="2539" line-rate="0.7518" branches-valid="499" branches-covered="307" branch-rate="0.6152000000000001" timestamp="1763511334137" complexity="0" version="0.1">
  <sources>
    <source>C:\Users\vivia\csc491\Horizon-Labs\project\frontend</source>
  </sources>
  <packages>
    <package name="Instructor.Assessment" line-rate="0.6712" branch-rate="0.5697">
      <classes>
        <class name="assessment.jsx" filename="app\Instructor\Assessment\assessment.jsx" line-rate="0.6712" branch-rate="0.5697">
          <methods>
            <method name="QuizGenerator2Page" hits="52" signature="()V">
              <lines>
                <line number="19" hits="52"/>
              </lines>
            </method>
            <method name="finishHydration" hits="8" signature="()V">
              <lines>
                <line number="90" hits="8"/>
              </lines>
            </method>
            <method name="handleInputChange" hits="26" signature="()V">
              <lines>
                <line number="196" hits="26"/>
              </lines>
            </method>
            <method name="handleTopicInputChange" hits="12" signature="()V">
              <lines>
                <line number="204" hits="12"/>
              </lines>
            </method>
            <method name="handleAddTopic" hits="2" signature="()V">
              <lines>
                <line number="208" hits="2"/>
              </lines>
            </method>
            <method name="handleRemoveTopic" hits="0" signature="()V">
              <lines>
                <line number="221" hits="0"/>
              </lines>
            </method>
            <method name="deleteDocumentFromIndex" hits="0" signature="()V">
              <lines>
                <line number="228" hits="0"/>
              </lines>
            </method>
            <method name="deleteQuizDefinition" hits="0" signature="()V">
              <lines>
                <line number="239" hits="0"/>
              </lines>
            </method>
            <method name="showSaveSuccess" hits="0" signature="()V">
              <lines>
                <line number="250" hits="0"/>
              </lines>
            </method>
            <method name="persistPreviewState" hits="0" signature="()V">
              <lines>
                <line number="258" hits="0"/>
              </lines>
            </method>
            <method name="handlePreviewQuiz" hits="0" signature="()V">
              <lines>
                <line number="270" hits="0"/>
              </lines>
            </method>
            <method name="saveQuizRecord" hits="0" signature="()V">
              <lines>
                <line number="309" hits="0"/>
              </lines>
            </method>
            <method name="handleSaveQuiz" hits="0" signature="()V">
              <lines>
                <line number="406" hits="0"/>
              </lines>
            </method>
            <method name="handlePublishQuiz" hits="0" signature="()V">
              <lines>
                <line number="408" hits="0"/>
              </lines>
            </method>
            <method name="handleDeleteQuiz" hits="0" signature="()V">
              <lines>
                <line number="410" hits="0"/>
              </lines>
            </method>
            <method name="confirmDeleteQuiz" hits="0" signature="()V">
              <lines>
                <line number="412" hits="0"/>
              </lines>
            </method>
            <method name="cancelDeleteQuiz" hits="0" signature="()V">
              <lines>
                <line number="416" hits="0"/>
              </lines>
            </method>
            <method name="handleBackToQuizList" hits="0" signature="()V">
              <lines>
                <line number="420" hits="0"/>
              </lines>
            </method>
            <method name="handleLeaveWithoutSaving" hits="0" signature="()V">
              <lines>
                <line number="424" hits="0"/>
              </lines>
            </method>
            <method name="handleSaveAndExit" hits="0" signature="()V">
              <lines>
                <line number="428" hits="0"/>
              </lines>
            </method>
            <method name="handleStayOnPage" hits="0" signature="()V">
              <lines>
                <line number="432" hits="0"/>
              </lines>
            </method>
            <method name="onClick" hits="1" signature="()V">
              <lines>
                <line number="442" hits="1"/>
              </lines>
            </method>
            <method name="onKeyDown" hits="12" signature="()V">
              <lines>
                <line number="620" hits="12"/>
              </lines>
            </method>
            <method name="onClick" hits="0" signature="()V">
              <lines>
                <line number="656" hits="0"/>
              </lines>
            </method>
            <method name="onClick" hits="0" signature="()V">
              <lines>
                <line number="675" hits="0"/>
              </lines>
            </method>
            <method name="onClick" hits="0" signature="()V">
              <lines>
                <line number="682" hits="0"/>
              </lines>
            </method>
            <method name="onClick" hits="0" signature="()V">
              <lines>
                <line number="691" hits="0"/>
              </lines>
            </method>
            <method name="onClick" hits="0" signature="()V">
              <lines>
                <line number="713" hits="0"/>
              </lines>
            </method>
          </methods>
          <lines>
            <line number="1" hits="1" branch="false"/>
            <line number="2" hits="1" branch="false"/>
            <line number="3" hits="1" branch="false"/>
            <line number="4" hits="1" branch="false"/>
            <line number="5" hits="1" branch="false"/>
            <line number="6" hits="1" branch="false"/>
            <line number="7" hits="1" branch="false"/>
            <line number="8" hits="1" branch="false"/>
            <line number="9" hits="1" branch="false"/>
            <line number="10" hits="1" branch="false"/>
            <line number="11" hits="1" branch="false"/>
            <line number="12" hits="1" branch="false"/>
            <line number="13" hits="1" branch="false"/>
            <line number="14" hits="1" branch="false"/>
            <line number="15" hits="1" branch="false"/>
            <line number="16" hits="1" branch="false"/>
            <line number="17" hits="1" branch="false"/>
            <line number="18" hits="1" branch="false"/>
            <line number="19" hits="1" branch="true" condition-coverage="100% (1/1)"/>
            <line number="20" hits="52" branch="false"/>
            <line number="21" hits="52" branch="false"/>
            <line number="22" hits="52" branch="false"/>
            <line number="23" hits="52" branch="false"/>
            <line number="24" hits="52" branch="false"/>
            <line number="25" hits="52" branch="false"/>
            <line number="26" hits="52" branch="false"/>
            <line number="27" hits="52" branch="false"/>
            <line number="28" hits="52" branch="false"/>
            <line number="29" hits="52" branch="false"/>
            <line number="30" hits="52" branch="false"/>
            <line number="31" hits="52" branch="false"/>
            <line number="32" hits="52" branch="false"/>
            <line number="33" hits="52" branch="false"/>
            <line number="34" hits="52" branch="false"/>
            <line number="35" hits="52" branch="false"/>
            <line number="36" hits="52" branch="false"/>
            <line number="37" hits="52" branch="false"/>
            <line number="38" hits="52" branch="false"/>
            <line number="39" hits="52" branch="false"/>
            <line number="40" hits="52" branch="false"/>
            <line number="41" hits="52" branch="false"/>
            <line number="42" hits="52" branch="false"/>
            <line number="43" hits="52" branch="true" condition-coverage="100% (1/1)"/>
            <line number="44" hits="4" branch="true" condition-coverage="0% (0/1)"/>
            <line number="45" hits="4" branch="false"/>
            <line number="46" hits="4" branch="false"/>
            <line number="47" hits="4" branch="true" condition-coverage="100% (1/1)"/>
            <line number="48" hits="4" branch="true" condition-coverage="100% (1/1)"/>
            <line number="49" hits="1" branch="true" condition-coverage="0% (0/1)"/>
            <line number="50" hits="1" branch="false"/>
            <line number="51" hits="4" branch="true" condition-coverage="0% (0/1)"/>
            <line number="52" hits="4" branch="false"/>
            <line number="53" hits="4" branch="true" condition-coverage="100% (1/1)"/>
            <line number="54" hits="1" branch="true" condition-coverage="100% (1/1)"/>
            <line number="55" hits="4" branch="true" condition-coverage="0% (0/2)"/>
            <line number="56" hits="4" branch="true" condition-coverage="100% (1/1)"/>
            <line number="57" hits="1" branch="false"/>
            <line number="58" hits="1" branch="true" condition-coverage="0% (0/1)"/>
            <line number="59" hits="1" branch="true" condition-coverage="0% (0/1)"/>
            <line number="60" hits="1" branch="false"/>
            <line number="61" hits="1" branch="true" condition-coverage="0% (0/1)"/>
            <line number="62" hits="1" branch="false"/>
            <line number="63" hits="1" branch="false"/>
            <line number="64" hits="1" branch="true" condition-coverage="0% (0/1)"/>
            <line number="65" hits="1" branch="false"/>
            <line number="66" hits="1" branch="false"/>
            <line number="67" hits="1" branch="true" condition-coverage="0% (0/1)"/>
            <line number="68" hits="1" branch="true" condition-coverage="0% (0/1)"/>
            <line number="69" hits="1" branch="false"/>
            <line number="70" hits="1" branch="false"/>
            <line number="71" hits="1" branch="false"/>
            <line number="72" hits="1" branch="true" condition-coverage="0% (0/1)"/>
            <line number="73" hits="1" branch="true" condition-coverage="0% (0/1)"/>
            <line number="74" hits="1" branch="true" condition-coverage="0% (0/1)"/>
            <line number="75" hits="0" branch="false"/>
            <line number="76" hits="1" branch="false"/>
            <line number="77" hits="1" branch="false"/>
            <line number="78" hits="4" branch="false"/>
            <line number="79" hits="4" branch="false"/>
            <line number="80" hits="4" branch="true" condition-coverage="0% (0/1)"/>
            <line number="81" hits="4" branch="true" condition-coverage="0% (0/1)"/>
            <line number="82" hits="4" branch="false"/>
            <line number="83" hits="4" branch="false"/>
            <line number="84" hits="4" branch="true" condition-coverage="100% (1/1)"/>
            <line number="85" hits="3" branch="false"/>
            <line number="86" hits="3" branch="false"/>
            <line number="87" hits="52" branch="false"/>
            <line number="88" hits="52" branch="false"/>
            <line number="89" hits="52" branch="true" condition-coverage="100% (1/1)"/>
            <line number="90" hits="8" branch="true" condition-coverage="100% (1/1)"/>
            <line number="91" hits="8" branch="false"/>
            <line number="92" hits="8" branch="false"/>
            <line number="93" hits="8" branch="false"/>
            <line number="94" hits="8" branch="true" condition-coverage="0% (0/1)"/>
            <line number="95" hits="0" branch="false"/>
            <line number="96" hits="0" branch="false"/>
            <line number="97" hits="0" branch="false"/>
            <line number="98" hits="8" branch="false"/>
            <line number="99" hits="8" branch="true" condition-coverage="100% (1/1)"/>
            <line number="100" hits="6" branch="false"/>
            <line number="101" hits="6" branch="false"/>
            <line number="102" hits="6" branch="true" condition-coverage="100% (1/1)"/>
            <line number="103" hits="2" branch="false"/>
            <line number="104" hits="8" branch="true" condition-coverage="0% (0/1)"/>
            <line number="105" hits="0" branch="false"/>
            <line number="106" hits="0" branch="false"/>
            <line number="107" hits="0" branch="true" condition-coverage="100% (1/1)"/>
            <line number="108" hits="8" branch="true" condition-coverage="0% (0/1)"/>
            <line number="109" hits="8" branch="true" condition-coverage="0% (0/2)"/>
            <line number="110" hits="8" branch="true" condition-coverage="100% (1/1)"/>
            <line number="111" hits="2" branch="false"/>
            <line number="112" hits="2" branch="true" condition-coverage="0% (0/1)"/>
            <line number="113" hits="2" branch="false"/>
            <line number="114" hits="2" branch="false"/>
            <line number="115" hits="2" branch="false"/>
            <line number="116" hits="2" branch="true" condition-coverage="0% (0/1)"/>
            <line number="117" hits="2" branch="false"/>
            <line number="118" hits="2" branch="false"/>
            <line number="119" hits="2" branch="true" condition-coverage="0% (0/1)"/>
            <line number="120" hits="8" branch="false"/>
            <line number="121" hits="8" branch="false"/>
            <line number="122" hits="8" branch="true" condition-coverage="100% (2/2)"/>
            <line number="123" hits="8" branch="true" condition-coverage="100% (1/1)"/>
            <line number="124" hits="8" branch="false"/>
            <line number="125" hits="8" branch="true" condition-coverage="100% (1/1)"/>
            <line number="126" hits="2" branch="false"/>
            <line number="127" hits="8" branch="true" condition-coverage="0% (0/1)"/>
            <line number="128" hits="0" branch="false"/>
            <line number="129" hits="0" branch="false"/>
            <line number="130" hits="8" branch="true" condition-coverage="0% (0/1)"/>
            <line number="131" hits="0" branch="false"/>
            <line number="132" hits="0" branch="false"/>
            <line number="133" hits="0" branch="true" condition-coverage="100% (1/1)"/>
            <line number="134" hits="2" branch="false"/>
            <line number="135" hits="52" branch="false"/>
            <line number="136" hits="52" branch="false"/>
            <line number="137" hits="52" branch="true" condition-coverage="100% (1/1)"/>
            <line number="138" hits="8" branch="true" condition-coverage="100% (1/1)"/>
            <line number="139" hits="8" branch="true" condition-coverage="0% (0/1)"/>
            <line number="140" hits="0" branch="false"/>
            <line number="141" hits="0" branch="false"/>
            <line number="142" hits="8" branch="false"/>
            <line number="143" hits="52" branch="false"/>
            <line number="144" hits="52" branch="false"/>
            <line number="145" hits="52" branch="true" condition-coverage="100% (1/1)"/>
            <line number="146" hits="8" branch="false"/>
            <line number="147" hits="8" branch="true" condition-coverage="0% (0/1)"/>
            <line number="148" hits="8" branch="false"/>
            <line number="149" hits="8" branch="true" condition-coverage="100% (2/2)"/>
            <line number="150" hits="1" branch="false"/>
            <line number="151" hits="8" branch="true" condition-coverage="100% (1/1)"/>
            <line number="152" hits="1" branch="false"/>
            <line number="153" hits="1" branch="false"/>
            <line number="154" hits="8" branch="true" condition-coverage="100% (1/1)"/>
            <line number="155" hits="1" branch="false"/>
            <line number="156" hits="1" branch="false"/>
            <line number="157" hits="8" branch="true" condition-coverage="100% (1/1)"/>
            <line number="158" hits="1" branch="false"/>
            <line number="159" hits="1" branch="false"/>
            <line number="160" hits="8" branch="true" condition-coverage="0% (0/1)"/>
            <line number="161" hits="0" branch="false"/>
            <line number="162" hits="0" branch="false"/>
            <line number="163" hits="52" branch="false"/>
            <line number="164" hits="52" branch="false"/>
            <line number="165" hits="52" branch="true" condition-coverage="100% (1/1)"/>
            <line number="166" hits="40" branch="true" condition-coverage="100% (2/2)"/>
            <line number="167" hits="5" branch="false"/>
            <line number="168" hits="40" branch="true" condition-coverage="50% (1/2)"/>
            <line number="169" hits="5" branch="false"/>
            <line number="170" hits="5" branch="false"/>
            <line number="171" hits="5" branch="false"/>
            <line number="172" hits="5" branch="false"/>
            <line number="173" hits="5" branch="false"/>
            <line number="174" hits="5" branch="false"/>
            <line number="175" hits="5" branch="false"/>
            <line number="176" hits="5" branch="false"/>
            <line number="177" hits="5" branch="false"/>
            <line number="178" hits="5" branch="false"/>
            <line number="179" hits="5" branch="false"/>
            <line number="180" hits="5" branch="false"/>
            <line number="181" hits="5" branch="false"/>
            <line number="182" hits="5" branch="false"/>
            <line number="183" hits="5" branch="false"/>
            <line number="184" hits="5" branch="false"/>
            <line number="185" hits="40" branch="true" condition-coverage="0% (0/1)"/>
            <line number="186" hits="0" branch="false"/>
            <line number="187" hits="0" branch="false"/>
            <line number="188" hits="52" branch="false"/>
            <line number="189" hits="52" branch="false"/>
            <line number="190" hits="52" branch="true" condition-coverage="100% (1/1)"/>
            <line number="191" hits="10" branch="true" condition-coverage="100% (2/2)"/>
            <line number="192" hits="10" branch="true" condition-coverage="50% (1/2)"/>
            <line number="193" hits="2" branch="false"/>
            <line number="194" hits="52" branch="false"/>
            <line number="195" hits="52" branch="false"/>
            <line number="196" hits="52" branch="true" condition-coverage="100% (1/1)"/>
            <line number="197" hits="26" branch="false"/>
            <line number="198" hits="26" branch="true" condition-coverage="100% (1/1)"/>
            <line number="199" hits="26" branch="false"/>
            <line number="200" hits="26" branch="false"/>
            <line number="201" hits="26" branch="false"/>
            <line number="202" hits="52" branch="false"/>
            <line number="203" hits="52" branch="false"/>
            <line number="204" hits="52" branch="true" condition-coverage="100% (1/1)"/>
            <line number="205" hits="12" branch="false"/>
            <line number="206" hits="52" branch="false"/>
            <line number="207" hits="52" branch="false"/>
            <line number="208" hits="52" branch="true" condition-coverage="100% (1/1)"/>
            <line number="209" hits="2" branch="false"/>
            <line number="210" hits="2" branch="true" condition-coverage="0% (0/1)"/>
            <line number="211" hits="0" branch="false"/>
            <line number="212" hits="0" branch="false"/>
            <line number="213" hits="0" branch="false"/>
            <line number="214" hits="2" branch="true" condition-coverage="100% (1/1)"/>
            <line number="215" hits="2" branch="false"/>
            <line number="216" hits="2" branch="false"/>
            <line number="217" hits="2" branch="false"/>
            <line number="218" hits="2" branch="false"/>
            <line number="219" hits="52" branch="false"/>
            <line number="220" hits="52" branch="false"/>
            <line number="221" hits="52" branch="false"/>
            <line number="222" hits="0" branch="false"/>
            <line number="223" hits="0" branch="false"/>
            <line number="224" hits="0" branch="false"/>
            <line number="225" hits="0" branch="false"/>
            <line number="226" hits="52" branch="false"/>
            <line number="227" hits="52" branch="false"/>
            <line number="228" hits="52" branch="false"/>
            <line number="229" hits="0" branch="false"/>
            <line number="230" hits="0" branch="false"/>
            <line number="231" hits="0" branch="false"/>
            <line number="232" hits="0" branch="false"/>
            <line number="233" hits="0" branch="false"/>
            <line number="234" hits="0" branch="false"/>
            <line number="235" hits="0" branch="false"/>
            <line number="236" hits="0" branch="false"/>
            <line number="237" hits="52" branch="false"/>
            <line number="238" hits="52" branch="false"/>
            <line number="239" hits="52" branch="false"/>
            <line number="240" hits="0" branch="false"/>
            <line number="241" hits="0" branch="false"/>
            <line number="242" hits="0" branch="false"/>
            <line number="243" hits="0" branch="false"/>
            <line number="244" hits="0" branch="false"/>
            <line number="245" hits="0" branch="false"/>
            <line number="246" hits="0" branch="false"/>
            <line number="247" hits="0" branch="false"/>
            <line number="248" hits="52" branch="false"/>
            <line number="249" hits="52" branch="false"/>
            <line number="250" hits="52" branch="false"/>
            <line number="251" hits="0" branch="false"/>
            <line number="252" hits="0" branch="false"/>
            <line number="253" hits="0" branch="false"/>
            <line number="254" hits="0" branch="false"/>
            <line number="255" hits="0" branch="false"/>
            <line number="256" hits="52" branch="false"/>
            <line number="257" hits="52" branch="false"/>
            <line number="258" hits="52" branch="false"/>
            <line number="259" hits="0" branch="false"/>
            <line number="260" hits="0" branch="false"/>
            <line number="261" hits="0" branch="false"/>
            <line number="262" hits="0" branch="false"/>
            <line number="263" hits="0" branch="false"/>
            <line number="264" hits="0" branch="false"/>
            <line number="265" hits="0" branch="false"/>
            <line number="266" hits="0" branch="false"/>
            <line number="267" hits="0" branch="false"/>
            <line number="268" hits="52" branch="false"/>
            <line number="269" hits="52" branch="false"/>
            <line number="270" hits="52" branch="false"/>
            <line number="271" hits="0" branch="false"/>
            <line number="272" hits="0" branch="false"/>
            <line number="273" hits="0" branch="false"/>
            <line number="274" hits="0" branch="false"/>
            <line number="275" hits="0" branch="false"/>
            <line number="276" hits="0" branch="false"/>
            <line number="277" hits="0" branch="false"/>
            <line number="278" hits="0" branch="false"/>
            <line number="279" hits="0" branch="false"/>
            <line number="280" hits="0" branch="false"/>
            <line number="281" hits="0" branch="false"/>
            <line number="282" hits="0" branch="false"/>
            <line number="283" hits="0" branch="false"/>
            <line number="284" hits="0" branch="false"/>
            <line number="285" hits="0" branch="false"/>
            <line number="286" hits="0" branch="false"/>
            <line number="287" hits="0" branch="false"/>
            <line number="288" hits="0" branch="false"/>
            <line number="289" hits="0" branch="false"/>
            <line number="290" hits="0" branch="false"/>
            <line number="291" hits="0" branch="false"/>
            <line number="292" hits="0" branch="false"/>
            <line number="293" hits="0" branch="false"/>
            <line number="294" hits="0" branch="false"/>
            <line number="295" hits="0" branch="false"/>
            <line number="296" hits="0" branch="false"/>
            <line number="297" hits="0" branch="false"/>
            <line number="298" hits="0" branch="false"/>
            <line number="299" hits="0" branch="false"/>
            <line number="300" hits="0" branch="false"/>
            <line number="301" hits="0" branch="false"/>
            <line number="302" hits="0" branch="false"/>
            <line number="303" hits="0" branch="false"/>
            <line number="304" hits="0" branch="false"/>
            <line number="305" hits="0" branch="false"/>
            <line number="306" hits="0" branch="false"/>
            <line number="307" hits="52" branch="false"/>
            <line number="308" hits="52" branch="false"/>
            <line number="309" hits="52" branch="false"/>
            <line number="310" hits="0" branch="false"/>
            <line number="311" hits="0" branch="false"/>
            <line number="312" hits="0" branch="false"/>
            <line number="313" hits="0" branch="false"/>
            <line number="314" hits="0" branch="false"/>
            <line number="315" hits="0" branch="false"/>
            <line number="316" hits="0" branch="false"/>
            <line number="317" hits="0" branch="false"/>
            <line number="318" hits="0" branch="false"/>
            <line number="319" hits="0" branch="false"/>
            <line number="320" hits="0" branch="false"/>
            <line number="321" hits="0" branch="false"/>
            <line number="322" hits="0" branch="false"/>
            <line number="323" hits="0" branch="false"/>
            <line number="324" hits="0" branch="false"/>
            <line number="325" hits="0" branch="false"/>
            <line number="326" hits="0" branch="false"/>
            <line number="327" hits="0" branch="false"/>
            <line number="328" hits="0" branch="false"/>
            <line number="329" hits="0" branch="false"/>
            <line number="330" hits="0" branch="false"/>
            <line number="331" hits="0" branch="false"/>
            <line number="332" hits="0" branch="false"/>
            <line number="333" hits="0" branch="false"/>
            <line number="334" hits="0" branch="false"/>
            <line number="335" hits="0" branch="false"/>
            <line number="336" hits="0" branch="false"/>
            <line number="337" hits="0" branch="false"/>
            <line number="338" hits="0" branch="false"/>
            <line number="339" hits="0" branch="false"/>
            <line number="340" hits="0" branch="false"/>
            <line number="341" hits="0" branch="false"/>
            <line number="342" hits="0" branch="false"/>
            <line number="343" hits="0" branch="false"/>
            <line number="344" hits="0" branch="false"/>
            <line number="345" hits="0" branch="false"/>
            <line number="346" hits="0" branch="false"/>
            <line number="347" hits="0" branch="false"/>
            <line number="348" hits="0" branch="false"/>
            <line number="349" hits="0" branch="false"/>
            <line number="350" hits="0" branch="false"/>
            <line number="351" hits="0" branch="false"/>
            <line number="352" hits="0" branch="false"/>
            <line number="353" hits="0" branch="false"/>
            <line number="354" hits="0" branch="false"/>
            <line number="355" hits="0" branch="false"/>
            <line number="356" hits="0" branch="false"/>
            <line number="357" hits="0" branch="false"/>
            <line number="358" hits="0" branch="false"/>
            <line number="359" hits="0" branch="false"/>
            <line number="360" hits="0" branch="false"/>
            <line number="361" hits="0" branch="false"/>
            <line number="362" hits="0" branch="false"/>
            <line number="363" hits="0" branch="false"/>
            <line number="364" hits="0" branch="false"/>
            <line number="365" hits="0" branch="false"/>
            <line number="366" hits="0" branch="false"/>
            <line number="367" hits="0" branch="false"/>
            <line number="368" hits="0" branch="false"/>
            <line number="369" hits="0" branch="false"/>
            <line number="370" hits="0" branch="false"/>
            <line number="371" hits="0" branch="false"/>
            <line number="372" hits="0" branch="false"/>
            <line number="373" hits="0" branch="false"/>
            <line number="374" hits="0" branch="false"/>
            <line number="375" hits="0" branch="false"/>
            <line number="376" hits="0" branch="false"/>
            <line number="377" hits="0" branch="false"/>
            <line number="378" hits="0" branch="false"/>
            <line number="379" hits="0" branch="false"/>
            <line number="380" hits="0" branch="false"/>
            <line number="381" hits="0" branch="false"/>
            <line number="382" hits="0" branch="false"/>
            <line number="383" hits="0" branch="false"/>
            <line number="384" hits="0" branch="false"/>
            <line number="385" hits="0" branch="false"/>
            <line number="386" hits="0" branch="false"/>
            <line number="387" hits="0" branch="false"/>
            <line number="388" hits="0" branch="false"/>
            <line number="389" hits="0" branch="false"/>
            <line number="390" hits="0" branch="false"/>
            <line number="391" hits="0" branch="false"/>
            <line number="392" hits="0" branch="false"/>
            <line number="393" hits="0" branch="false"/>
            <line number="394" hits="0" branch="false"/>
            <line number="395" hits="0" branch="false"/>
            <line number="396" hits="0" branch="false"/>
            <line number="397" hits="0" branch="false"/>
            <line number="398" hits="0" branch="false"/>
            <line number="399" hits="0" branch="false"/>
            <line number="400" hits="0" branch="false"/>
            <line number="401" hits="0" branch="false"/>
            <line number="402" hits="0" branch="false"/>
            <line number="403" hits="0" branch="false"/>
            <line number="404" hits="52" branch="false"/>
            <line number="405" hits="52" branch="false"/>
            <line number="406" hits="52" branch="false"/>
            <line number="407" hits="52" branch="false"/>
            <line number="408" hits="52" branch="false"/>
            <line number="409" hits="52" branch="false"/>
            <line number="410" hits="52" branch="false"/>
            <line number="411" hits="52" branch="false"/>
            <line number="412" hits="52" branch="false"/>
            <line number="413" hits="0" branch="false"/>
            <line number="414" hits="52" branch="false"/>
            <line number="415" hits="52" branch="false"/>
            <line number="416" hits="52" branch="false"/>
            <line number="417" hits="0" branch="false"/>
            <line number="418" hits="52" branch="false"/>
            <line number="419" hits="52" branch="false"/>
            <line number="420" hits="52" branch="false"/>
            <line number="421" hits="0" branch="false"/>
            <line number="422" hits="52" branch="false"/>
            <line number="423" hits="52" branch="false"/>
            <line number="424" hits="52" branch="false"/>
            <line number="425" hits="0" branch="false"/>
            <line number="426" hits="52" branch="false"/>
            <line number="427" hits="52" branch="false"/>
            <line number="428" hits="52" branch="false"/>
            <line number="429" hits="0" branch="false"/>
            <line number="430" hits="52" branch="false"/>
            <line number="431" hits="52" branch="false"/>
            <line number="432" hits="52" branch="false"/>
            <line number="433" hits="0" branch="false"/>
            <line number="434" hits="52" branch="false"/>
            <line number="435" hits="52" branch="false"/>
            <line number="436" hits="52" branch="false"/>
            <line number="437" hits="52" branch="false"/>
            <line number="438" hits="52" branch="false"/>
            <line number="439" hits="52" branch="false"/>
            <line number="440" hits="52" branch="false"/>
            <line number="441" hits="52" branch="false"/>
            <line number="442" hits="52" branch="true" condition-coverage="100% (1/1)"/>
            <line number="443" hits="52" branch="false"/>
            <line number="444" hits="52" branch="false"/>
            <line number="445" hits="52" branch="false"/>
            <line number="446" hits="52" branch="false"/>
            <line number="447" hits="52" branch="false"/>
            <line number="448" hits="52" branch="false"/>
            <line number="449" hits="52" branch="false"/>
            <line number="450" hits="52" branch="false"/>
            <line number="451" hits="52" branch="false"/>
            <line number="452" hits="52" branch="false"/>
            <line number="453" hits="52" branch="false"/>
            <line number="454" hits="52" branch="false"/>
            <line number="455" hits="52" branch="false"/>
            <line number="456" hits="52" branch="false"/>
            <line number="457" hits="52" branch="false"/>
            <line number="458" hits="52" branch="false"/>
            <line number="459" hits="52" branch="false"/>
            <line number="460" hits="52" branch="true" condition-coverage="100% (2/2)"/>
            <line number="461" hits="52" branch="false"/>
            <line number="462" hits="52" branch="false"/>
            <line number="463" hits="52" branch="false"/>
            <line number="464" hits="52" branch="false"/>
            <line number="465" hits="52" branch="false"/>
            <line number="466" hits="52" branch="false"/>
            <line number="467" hits="52" branch="false"/>
            <line number="468" hits="52" branch="false"/>
            <line number="469" hits="52" branch="false"/>
            <line number="470" hits="52" branch="false"/>
            <line number="471" hits="52" branch="false"/>
            <line number="472" hits="52" branch="false"/>
            <line number="473" hits="52" branch="false"/>
            <line number="474" hits="52" branch="false"/>
            <line number="475" hits="52" branch="false"/>
            <line number="476" hits="52" branch="false"/>
            <line number="477" hits="52" branch="false"/>
            <line number="478" hits="52" branch="false"/>
            <line number="479" hits="52" branch="false"/>
            <line number="480" hits="52" branch="false"/>
            <line number="481" hits="52" branch="false"/>
            <line number="482" hits="52" branch="false"/>
            <line number="483" hits="52" branch="false"/>
            <line number="484" hits="52" branch="false"/>
            <line number="485" hits="52" branch="false"/>
            <line number="486" hits="52" branch="false"/>
            <line number="487" hits="52" branch="false"/>
            <line number="488" hits="52" branch="false"/>
            <line number="489" hits="52" branch="false"/>
            <line number="490" hits="52" branch="false"/>
            <line number="491" hits="52" branch="false"/>
            <line number="492" hits="52" branch="false"/>
            <line number="493" hits="52" branch="false"/>
            <line number="494" hits="52" branch="false"/>
            <line number="495" hits="52" branch="false"/>
            <line number="496" hits="52" branch="false"/>
            <line number="497" hits="52" branch="false"/>
            <line number="498" hits="52" branch="false"/>
            <line number="499" hits="52" branch="false"/>
            <line number="500" hits="52" branch="false"/>
            <line number="501" hits="52" branch="false"/>
            <line number="502" hits="52" branch="false"/>
            <line number="503" hits="52" branch="false"/>
            <line number="504" hits="52" branch="false"/>
            <line number="505" hits="52" branch="false"/>
            <line number="506" hits="52" branch="false"/>
            <line number="507" hits="52" branch="false"/>
            <line number="508" hits="52" branch="false"/>
            <line number="509" hits="52" branch="false"/>
            <line number="510" hits="52" branch="false"/>
            <line number="511" hits="52" branch="false"/>
            <line number="512" hits="52" branch="false"/>
            <line number="513" hits="52" branch="false"/>
            <line number="514" hits="52" branch="false"/>
            <line number="515" hits="52" branch="false"/>
            <line number="516" hits="52" branch="false"/>
            <line number="517" hits="52" branch="false"/>
            <line number="518" hits="52" branch="false"/>
            <line number="519" hits="52" branch="false"/>
            <line number="520" hits="52" branch="false"/>
            <line number="521" hits="52" branch="false"/>
            <line number="522" hits="52" branch="false"/>
            <line number="523" hits="52" branch="false"/>
            <line number="524" hits="52" branch="false"/>
            <line number="525" hits="52" branch="false"/>
            <line number="526" hits="52" branch="false"/>
            <line number="527" hits="52" branch="false"/>
            <line number="528" hits="52" branch="false"/>
            <line number="529" hits="52" branch="false"/>
            <line number="530" hits="52" branch="false"/>
            <line number="531" hits="52" branch="false"/>
            <line number="532" hits="52" branch="false"/>
            <line number="533" hits="52" branch="false"/>
            <line number="534" hits="52" branch="false"/>
            <line number="535" hits="52" branch="false"/>
            <line number="536" hits="52" branch="false"/>
            <line number="537" hits="52" branch="false"/>
            <line number="538" hits="52" branch="false"/>
            <line number="539" hits="52" branch="false"/>
            <line number="540" hits="52" branch="false"/>
            <line number="541" hits="52" branch="false"/>
            <line number="542" hits="52" branch="false"/>
            <line number="543" hits="52" branch="false"/>
            <line number="544" hits="52" branch="false"/>
            <line number="545" hits="52" branch="false"/>
            <line number="546" hits="52" branch="false"/>
            <line number="547" hits="52" branch="false"/>
            <line number="548" hits="52" branch="false"/>
            <line number="549" hits="52" branch="false"/>
            <line number="550" hits="52" branch="false"/>
            <line number="551" hits="52" branch="false"/>
            <line number="552" hits="52" branch="false"/>
            <line number="553" hits="52" branch="false"/>
            <line number="554" hits="52" branch="false"/>
            <line number="555" hits="52" branch="false"/>
            <line number="556" hits="52" branch="false"/>
            <line number="557" hits="52" branch="false"/>
            <line number="558" hits="52" branch="false"/>
            <line number="559" hits="52" branch="false"/>
            <line number="560" hits="52" branch="false"/>
            <line number="561" hits="52" branch="false"/>
            <line number="562" hits="52" branch="false"/>
            <line number="563" hits="52" branch="false"/>
            <line number="564" hits="52" branch="false"/>
            <line number="565" hits="52" branch="false"/>
            <line number="566" hits="52" branch="false"/>
            <line number="567" hits="52" branch="false"/>
            <line number="568" hits="52" branch="false"/>
            <line number="569" hits="52" branch="false"/>
            <line number="570" hits="52" branch="false"/>
            <line number="571" hits="52" branch="false"/>
            <line number="572" hits="52" branch="false"/>
            <line number="573" hits="52" branch="false"/>
            <line number="574" hits="52" branch="false"/>
            <line number="575" hits="52" branch="false"/>
            <line number="576" hits="52" branch="false"/>
            <line number="577" hits="52" branch="false"/>
            <line number="578" hits="52" branch="false"/>
            <line number="579" hits="52" branch="false"/>
            <line number="580" hits="52" branch="false"/>
            <line number="581" hits="52" branch="false"/>
            <line number="582" hits="52" branch="false"/>
            <line number="583" hits="52" branch="false"/>
            <line number="584" hits="52" branch="false"/>
            <line number="585" hits="52" branch="false"/>
            <line number="586" hits="52" branch="false"/>
            <line number="587" hits="52" branch="false"/>
            <line number="588" hits="52" branch="false"/>
            <line number="589" hits="52" branch="false"/>
            <line number="590" hits="52" branch="false"/>
            <line number="591" hits="52" branch="false"/>
            <line number="592" hits="52" branch="false"/>
            <line number="593" hits="52" branch="false"/>
            <line number="594" hits="52" branch="false"/>
            <line number="595" hits="52" branch="false"/>
            <line number="596" hits="52" branch="false"/>
            <line number="597" hits="52" branch="false"/>
            <line number="598" hits="52" branch="false"/>
            <line number="599" hits="52" branch="false"/>
            <line number="600" hits="52" branch="false"/>
            <line number="601" hits="52" branch="false"/>
            <line number="602" hits="52" branch="false"/>
            <line number="603" hits="52" branch="false"/>
            <line number="604" hits="52" branch="false"/>
            <line number="605" hits="52" branch="false"/>
            <line number="606" hits="52" branch="false"/>
            <line number="607" hits="52" branch="false"/>
            <line number="608" hits="52" branch="false"/>
            <line number="609" hits="52" branch="false"/>
            <line number="610" hits="52" branch="false"/>
            <line number="611" hits="52" branch="false"/>
            <line number="612" hits="52" branch="false"/>
            <line number="613" hits="52" branch="false"/>
            <line number="614" hits="52" branch="false"/>
            <line number="615" hits="52" branch="false"/>
            <line number="616" hits="52" branch="false"/>
            <line number="617" hits="52" branch="false"/>
            <line number="618" hits="52" branch="false"/>
            <line number="619" hits="52" branch="false"/>
            <line number="620" hits="52" branch="true" condition-coverage="100% (1/1)"/>
            <line number="621" hits="12" branch="true" condition-coverage="0% (0/1)"/>
            <line number="622" hits="0" branch="false"/>
            <line number="623" hits="0" branch="false"/>
            <line number="624" hits="0" branch="false"/>
            <line number="625" hits="12" branch="false"/>
            <line number="626" hits="52" branch="false"/>
            <line number="627" hits="52" branch="false"/>
            <line number="628" hits="52" branch="false"/>
            <line number="629" hits="52" branch="false"/>
            <line number="630" hits="52" branch="false"/>
            <line number="631" hits="52" branch="false"/>
            <line number="632" hits="52" branch="false"/>
            <line number="633" hits="52" branch="false"/>
            <line number="634" hits="52" branch="false"/>
            <line number="635" hits="52" branch="false"/>
            <line number="636" hits="52" branch="false"/>
            <line number="637" hits="52" branch="false"/>
            <line number="638" hits="52" branch="false"/>
            <line number="639" hits="52" branch="false"/>
            <line number="640" hits="52" branch="false"/>
            <line number="641" hits="52" branch="false"/>
            <line number="642" hits="52" branch="true" condition-coverage="100% (1/1)"/>
            <line number="643" hits="49" branch="false"/>
            <line number="644" hits="49" branch="false"/>
            <line number="645" hits="49" branch="false"/>
            <line number="646" hits="3" branch="true" condition-coverage="100% (1/1)"/>
            <line number="647" hits="3" branch="false"/>
            <line number="648" hits="3" branch="true" condition-coverage="100% (1/1)"/>
            <line number="649" hits="4" branch="false"/>
            <line number="650" hits="4" branch="false"/>
            <line number="651" hits="4" branch="false"/>
            <line number="652" hits="4" branch="false"/>
            <line number="653" hits="4" branch="false"/>
            <line number="654" hits="4" branch="false"/>
            <line number="655" hits="4" branch="false"/>
            <line number="656" hits="4" branch="false"/>
            <line number="657" hits="4" branch="false"/>
            <line number="658" hits="4" branch="false"/>
            <line number="659" hits="4" branch="false"/>
            <line number="660" hits="4" branch="false"/>
            <line number="661" hits="4" branch="false"/>
            <line number="662" hits="3" branch="false"/>
            <line number="663" hits="3" branch="false"/>
            <line number="664" hits="52" branch="false"/>
            <line number="665" hits="52" branch="false"/>
            <line number="666" hits="52" branch="false"/>
            <line number="667" hits="52" branch="false"/>
            <line number="668" hits="52" branch="false"/>
            <line number="669" hits="52" branch="false"/>
            <line number="670" hits="52" branch="false"/>
            <line number="671" hits="52" branch="false"/>
            <line number="672" hits="52" branch="false"/>
            <line number="673" hits="52" branch="false"/>
            <line number="674" hits="52" branch="false"/>
            <line number="675" hits="52" branch="false"/>
            <line number="676" hits="52" branch="false"/>
            <line number="677" hits="52" branch="false"/>
            <line number="678" hits="52" branch="false"/>
            <line number="679" hits="52" branch="false"/>
            <line number="680" hits="52" branch="false"/>
            <line number="681" hits="52" branch="false"/>
            <line number="682" hits="52" branch="false"/>
            <line number="683" hits="52" branch="false"/>
            <line number="684" hits="52" branch="false"/>
            <line number="685" hits="52" branch="false"/>
            <line number="686" hits="52" branch="false"/>
            <line number="687" hits="52" branch="false"/>
            <line number="688" hits="52" branch="false"/>
            <line number="689" hits="52" branch="false"/>
            <line number="690" hits="52" branch="false"/>
            <line number="691" hits="52" branch="false"/>
            <line number="692" hits="52" branch="false"/>
            <line number="693" hits="52" branch="false"/>
            <line number="694" hits="52" branch="false"/>
            <line number="695" hits="52" branch="false"/>
            <line number="696" hits="52" branch="false"/>
            <line number="697" hits="52" branch="false"/>
            <line number="698" hits="52" branch="false"/>
            <line number="699" hits="52" branch="false"/>
            <line number="700" hits="52" branch="false"/>
            <line number="701" hits="52" branch="false"/>
            <line number="702" hits="52" branch="false"/>
            <line number="703" hits="52" branch="false"/>
            <line number="704" hits="52" branch="false"/>
            <line number="705" hits="52" branch="false"/>
            <line number="706" hits="52" branch="false"/>
            <line number="707" hits="52" branch="false"/>
            <line number="708" hits="52" branch="false"/>
            <line number="709" hits="52" branch="false"/>
            <line number="710" hits="52" branch="false"/>
            <line number="711" hits="52" branch="false"/>
            <line number="712" hits="52" branch="false"/>
            <line number="713" hits="52" branch="false"/>
            <line number="714" hits="52" branch="false"/>
            <line number="715" hits="52" branch="false"/>
            <line number="716" hits="52" branch="false"/>
            <line number="717" hits="52" branch="false"/>
            <line number="718" hits="52" branch="false"/>
            <line number="719" hits="52" branch="true" condition-coverage="100% (2/2)"/>
            <line number="720" hits="52" branch="false"/>
            <line number="721" hits="52" branch="false"/>
            <line number="722" hits="52" branch="false"/>
            <line number="723" hits="52" branch="false"/>
            <line number="724" hits="52" branch="false"/>
            <line number="725" hits="52" branch="true" condition-coverage="0% (0/1)"/>
            <line number="726" hits="0" branch="false"/>
            <line number="727" hits="0" branch="false"/>
            <line number="728" hits="0" branch="false"/>
            <line number="729" hits="0" branch="false"/>
            <line number="730" hits="0" branch="false"/>
            <line number="731" hits="52" branch="false"/>
            <line number="732" hits="52" branch="false"/>
            <line number="733" hits="52" branch="true" condition-coverage="0% (0/1)"/>
            <line number="734" hits="0" branch="false"/>
            <line number="735" hits="0" branch="false"/>
            <line number="736" hits="0" branch="false"/>
            <line number="737" hits="0" branch="false"/>
            <line number="738" hits="0" branch="false"/>
            <line number="739" hits="0" branch="false"/>
            <line number="740" hits="0" branch="false"/>
            <line number="741" hits="0" branch="false"/>
            <line number="742" hits="0" branch="false"/>
            <line number="743" hits="0" branch="false"/>
            <line number="744" hits="0" branch="false"/>
            <line number="745" hits="0" branch="false"/>
            <line number="746" hits="0" branch="false"/>
            <line number="747" hits="0" branch="false"/>
            <line number="748" hits="0" branch="false"/>
            <line number="749" hits="0" branch="false"/>
            <line number="750" hits="0" branch="false"/>
            <line number="751" hits="0" branch="false"/>
            <line number="752" hits="0" branch="false"/>
            <line number="753" hits="0" branch="false"/>
            <line number="754" hits="0" branch="false"/>
            <line number="755" hits="0" branch="false"/>
            <line number="756" hits="0" branch="false"/>
            <line number="757" hits="0" branch="false"/>
            <line number="758" hits="0" branch="false"/>
            <line number="759" hits="0" branch="false"/>
            <line number="760" hits="0" branch="false"/>
            <line number="761" hits="0" branch="false"/>
            <line number="762" hits="0" branch="false"/>
            <line number="763" hits="52" branch="false"/>
            <line number="764" hits="52" branch="false"/>
            <line number="765" hits="52" branch="true" condition-coverage="0% (0/1)"/>
            <line number="766" hits="0" branch="false"/>
            <line number="767" hits="0" branch="false"/>
            <line number="768" hits="0" branch="false"/>
            <line number="769" hits="0" branch="false"/>
            <line number="770" hits="0" branch="false"/>
            <line number="771" hits="0" branch="false"/>
            <line number="772" hits="0" branch="false"/>
            <line number="773" hits="0" branch="false"/>
            <line number="774" hits="0" branch="false"/>
            <line number="775" hits="0" branch="false"/>
            <line number="776" hits="0" branch="false"/>
            <line number="777" hits="0" branch="false"/>
            <line number="778" hits="0" branch="false"/>
            <line number="779" hits="0" branch="false"/>
            <line number="780" hits="0" branch="false"/>
            <line number="781" hits="0" branch="false"/>
            <line number="782" hits="0" branch="false"/>
            <line number="783" hits="0" branch="false"/>
            <line number="784" hits="0" branch="false"/>
            <line number="785" hits="0" branch="false"/>
            <line number="786" hits="0" branch="false"/>
            <line number="787" hits="0" branch="false"/>
            <line number="788" hits="0" branch="false"/>
            <line number="789" hits="0" branch="false"/>
            <line number="790" hits="0" branch="false"/>
            <line number="791" hits="0" branch="false"/>
            <line number="792" hits="0" branch="false"/>
            <line number="793" hits="0" branch="false"/>
            <line number="794" hits="0" branch="false"/>
            <line number="795" hits="0" branch="false"/>
            <line number="796" hits="0" branch="false"/>
            <line number="797" hits="0" branch="false"/>
            <line number="798" hits="0" branch="false"/>
            <line number="799" hits="0" branch="false"/>
            <line number="800" hits="0" branch="false"/>
            <line number="801" hits="0" branch="false"/>
            <line number="802" hits="0" branch="false"/>
            <line number="803" hits="52" branch="false"/>
            <line number="804" hits="52" branch="false"/>
            <line number="805" hits="52" branch="false"/>
            <line number="806" hits="52" branch="false"/>
          </lines>
        </class>
      </classes>
    </package>
    <package name="Instructor.Practice" line-rate="0.6177" branch-rate="0.7333">
      <classes>
        <class name="practice.jsx" filename="app\Instructor\Practice\practice.jsx" line-rate="0.6177" branch-rate="0.7333">
          <methods>
            <method name="PracticePage" hits="51" signature="()V">
              <lines>
                <line number="19" hits="51"/>
              </lines>
            </method>
            <method name="finishHydration" hits="9" signature="()V">
              <lines>
                <line number="65" hits="9"/>
              </lines>
            </method>
            <method name="persistPreviewState" hits="0" signature="()V">
              <lines>
                <line number="158" hits="0"/>
              </lines>
            </method>
            <method name="handleTopicInputChange" hits="20" signature="()V">
              <lines>
                <line number="170" hits="20"/>
              </lines>
            </method>
            <method name="handleAddTopic" hits="2" signature="()V">
              <lines>
                <line number="174" hits="2"/>
              </lines>
            </method>
            <method name="handleRemoveTopic" hits="0" signature="()V">
              <lines>
                <line number="184" hits="0"/>
              </lines>
            </method>
            <method name="deleteDocumentFromIndex" hits="0" signature="()V">
              <lines>
                <line number="188" hits="0"/>
              </lines>
            </method>
            <method name="deleteQuizDefinition" hits="0" signature="()V">
              <lines>
                <line number="199" hits="0"/>
              </lines>
            </method>
            <method name="showSaveSuccess" hits="0" signature="()V">
              <lines>
                <line number="210" hits="0"/>
              </lines>
            </method>
            <method name="handlePreviewQuiz" hits="0" signature="()V">
              <lines>
                <line number="220" hits="0"/>
              </lines>
            </method>
            <method name="handlePublishQuiz" hits="0" signature="()V">
              <lines>
                <line number="252" hits="0"/>
              </lines>
            </method>
            <method name="saveQuizRecord" hits="0" signature="()V">
              <lines>
                <line number="256" hits="0"/>
              </lines>
            </method>
            <method name="handleSaveQuiz" hits="0" signature="()V">
              <lines>
                <line number="326" hits="0"/>
              </lines>
            </method>
            <method name="handleDeleteQuiz" hits="0" signature="()V">
              <lines>
                <line number="330" hits="0"/>
              </lines>
            </method>
            <method name="confirmDeleteQuiz" hits="0" signature="()V">
              <lines>
                <line number="338" hits="0"/>
              </lines>
            </method>
            <method name="cancelDeleteQuiz" hits="0" signature="()V">
              <lines>
                <line number="354" hits="0"/>
              </lines>
            </method>
            <method name="handleBackToQuizList" hits="0" signature="()V">
              <lines>
                <line number="358" hits="0"/>
              </lines>
            </method>
            <method name="handleLeaveWithoutSaving" hits="0" signature="()V">
              <lines>
                <line number="362" hits="0"/>
              </lines>
            </method>
            <method name="handleSaveAndExit" hits="0" signature="()V">
              <lines>
                <line number="372" hits="0"/>
              </lines>
            </method>
            <method name="handleStayOnPage" hits="0" signature="()V">
              <lines>
                <line number="380" hits="0"/>
              </lines>
            </method>
            <method name="onChange" hits="16" signature="()V">
              <lines>
                <line number="433" hits="16"/>
              </lines>
            </method>
            <method name="onChange" hits="0" signature="()V">
              <lines>
                <line number="448" hits="0"/>
              </lines>
            </method>
            <method name="onKeyDown" hits="20" signature="()V">
              <lines>
                <line number="482" hits="20"/>
              </lines>
            </method>
            <method name="onClick" hits="0" signature="()V">
              <lines>
                <line number="518" hits="0"/>
              </lines>
            </method>
          </methods>
          <lines>
            <line number="1" hits="1" branch="false"/>
            <line number="2" hits="1" branch="false"/>
            <line number="3" hits="1" branch="false"/>
            <line number="4" hits="1" branch="false"/>
            <line number="5" hits="1" branch="false"/>
            <line number="6" hits="1" branch="false"/>
            <line number="7" hits="1" branch="false"/>
            <line number="8" hits="1" branch="false"/>
            <line number="9" hits="1" branch="false"/>
            <line number="10" hits="1" branch="false"/>
            <line number="11" hits="1" branch="false"/>
            <line number="12" hits="1" branch="false"/>
            <line number="13" hits="1" branch="false"/>
            <line number="14" hits="1" branch="false"/>
            <line number="15" hits="1" branch="false"/>
            <line number="16" hits="1" branch="false"/>
            <line number="17" hits="1" branch="false"/>
            <line number="18" hits="1" branch="false"/>
            <line number="19" hits="1" branch="true" condition-coverage="100% (1/1)"/>
            <line number="20" hits="51" branch="false"/>
            <line number="21" hits="51" branch="false"/>
            <line number="22" hits="51" branch="false"/>
            <line number="23" hits="51" branch="false"/>
            <line number="24" hits="51" branch="false"/>
            <line number="25" hits="51" branch="false"/>
            <line number="26" hits="51" branch="false"/>
            <line number="27" hits="51" branch="false"/>
            <line number="28" hits="51" branch="false"/>
            <line number="29" hits="51" branch="false"/>
            <line number="30" hits="51" branch="false"/>
            <line number="31" hits="51" branch="false"/>
            <line number="32" hits="51" branch="false"/>
            <line number="33" hits="51" branch="false"/>
            <line number="34" hits="51" branch="false"/>
            <line number="35" hits="51" branch="false"/>
            <line number="36" hits="51" branch="false"/>
            <line number="37" hits="51" branch="false"/>
            <line number="38" hits="51" branch="true" condition-coverage="100% (1/1)"/>
            <line number="39" hits="4" branch="true" condition-coverage="0% (0/1)"/>
            <line number="40" hits="4" branch="false"/>
            <line number="41" hits="4" branch="false"/>
            <line number="42" hits="4" branch="false"/>
            <line number="43" hits="4" branch="true" condition-coverage="100% (1/1)"/>
            <line number="44" hits="1" branch="true" condition-coverage="0% (0/1)"/>
            <line number="45" hits="1" branch="true" condition-coverage="100% (1/1)"/>
            <line number="46" hits="4" branch="true" condition-coverage="100% (1/1)"/>
            <line number="47" hits="4" branch="false"/>
            <line number="48" hits="4" branch="true" condition-coverage="100% (1/1)"/>
            <line number="49" hits="1" branch="true" condition-coverage="100% (1/1)"/>
            <line number="50" hits="4" branch="true" condition-coverage="100% (2/2)"/>
            <line number="51" hits="4" branch="true" condition-coverage="100% (1/1)"/>
            <line number="52" hits="4" branch="true" condition-coverage="100% (1/1)"/>
            <line number="53" hits="4" branch="false"/>
            <line number="54" hits="4" branch="false"/>
            <line number="55" hits="4" branch="true" condition-coverage="100% (1/1)"/>
            <line number="56" hits="4" branch="true" condition-coverage="100% (1/1)"/>
            <line number="57" hits="4" branch="false"/>
            <line number="58" hits="4" branch="false"/>
            <line number="59" hits="4" branch="true" condition-coverage="100% (1/1)"/>
            <line number="60" hits="1" branch="false"/>
            <line number="61" hits="1" branch="false"/>
            <line number="62" hits="51" branch="false"/>
            <line number="63" hits="51" branch="false"/>
            <line number="64" hits="51" branch="true" condition-coverage="100% (1/1)"/>
            <line number="65" hits="9" branch="true" condition-coverage="100% (1/1)"/>
            <line number="66" hits="9" branch="false"/>
            <line number="67" hits="9" branch="false"/>
            <line number="68" hits="9" branch="false"/>
            <line number="69" hits="9" branch="true" condition-coverage="0% (0/1)"/>
            <line number="70" hits="0" branch="false"/>
            <line number="71" hits="0" branch="false"/>
            <line number="72" hits="0" branch="false"/>
            <line number="73" hits="9" branch="false"/>
            <line number="74" hits="9" branch="true" condition-coverage="100% (1/1)"/>
            <line number="75" hits="7" branch="false"/>
            <line number="76" hits="7" branch="false"/>
            <line number="77" hits="7" branch="true" condition-coverage="100% (1/1)"/>
            <line number="78" hits="2" branch="false"/>
            <line number="79" hits="9" branch="true" condition-coverage="0% (0/1)"/>
            <line number="80" hits="0" branch="false"/>
            <line number="81" hits="0" branch="false"/>
            <line number="82" hits="0" branch="true" condition-coverage="100% (1/1)"/>
            <line number="83" hits="9" branch="true" condition-coverage="0% (0/1)"/>
            <line number="84" hits="9" branch="true" condition-coverage="100% (1/1)"/>
            <line number="85" hits="9" branch="true" condition-coverage="100% (2/2)"/>
            <line number="86" hits="9" branch="true" condition-coverage="0% (0/2)"/>
            <line number="87" hits="9" branch="false"/>
            <line number="88" hits="9" branch="true" condition-coverage="100% (2/2)"/>
            <line number="89" hits="9" branch="true" condition-coverage="100% (1/1)"/>
            <line number="90" hits="9" branch="false"/>
            <line number="91" hits="9" branch="true" condition-coverage="100% (1/1)"/>
            <line number="92" hits="2" branch="false"/>
            <line number="93" hits="9" branch="true" condition-coverage="0% (0/1)"/>
            <line number="94" hits="0" branch="false"/>
            <line number="95" hits="0" branch="false"/>
            <line number="96" hits="9" branch="true" condition-coverage="0% (0/1)"/>
            <line number="97" hits="0" branch="false"/>
            <line number="98" hits="0" branch="false"/>
            <line number="99" hits="0" branch="true" condition-coverage="100% (1/1)"/>
            <line number="100" hits="2" branch="false"/>
            <line number="101" hits="51" branch="false"/>
            <line number="102" hits="51" branch="false"/>
            <line number="103" hits="51" branch="true" condition-coverage="100% (1/1)"/>
            <line number="104" hits="9" branch="true" condition-coverage="100% (1/1)"/>
            <line number="105" hits="9" branch="true" condition-coverage="0% (0/1)"/>
            <line number="106" hits="0" branch="false"/>
            <line number="107" hits="0" branch="false"/>
            <line number="108" hits="9" branch="false"/>
            <line number="109" hits="51" branch="false"/>
            <line number="110" hits="51" branch="false"/>
            <line number="111" hits="51" branch="true" condition-coverage="100% (1/1)"/>
            <line number="112" hits="9" branch="false"/>
            <line number="113" hits="9" branch="true" condition-coverage="0% (0/1)"/>
            <line number="114" hits="9" branch="false"/>
            <line number="115" hits="9" branch="true" condition-coverage="100% (2/2)"/>
            <line number="116" hits="1" branch="false"/>
            <line number="117" hits="9" branch="true" condition-coverage="100% (1/1)"/>
            <line number="118" hits="1" branch="false"/>
            <line number="119" hits="1" branch="false"/>
            <line number="120" hits="9" branch="true" condition-coverage="100% (1/1)"/>
            <line number="121" hits="1" branch="false"/>
            <line number="122" hits="1" branch="false"/>
            <line number="123" hits="9" branch="true" condition-coverage="100% (1/1)"/>
            <line number="124" hits="1" branch="false"/>
            <line number="125" hits="1" branch="false"/>
            <line number="126" hits="9" branch="true" condition-coverage="0% (0/1)"/>
            <line number="127" hits="0" branch="false"/>
            <line number="128" hits="0" branch="false"/>
            <line number="129" hits="51" branch="false"/>
            <line number="130" hits="51" branch="false"/>
            <line number="131" hits="51" branch="true" condition-coverage="100% (1/1)"/>
            <line number="132" hits="31" branch="true" condition-coverage="100% (2/2)"/>
            <line number="133" hits="5" branch="false"/>
            <line number="134" hits="31" branch="true" condition-coverage="50% (1/2)"/>
            <line number="135" hits="5" branch="false"/>
            <line number="136" hits="5" branch="false"/>
            <line number="137" hits="5" branch="false"/>
            <line number="138" hits="5" branch="false"/>
            <line number="139" hits="5" branch="false"/>
            <line number="140" hits="5" branch="false"/>
            <line number="141" hits="5" branch="false"/>
            <line number="142" hits="5" branch="false"/>
            <line number="143" hits="5" branch="false"/>
            <line number="144" hits="5" branch="false"/>
            <line number="145" hits="5" branch="false"/>
            <line number="146" hits="5" branch="false"/>
            <line number="147" hits="31" branch="true" condition-coverage="0% (0/1)"/>
            <line number="148" hits="0" branch="false"/>
            <line number="149" hits="0" branch="false"/>
            <line number="150" hits="51" branch="false"/>
            <line number="151" hits="51" branch="false"/>
            <line number="152" hits="51" branch="true" condition-coverage="100% (1/1)"/>
            <line number="153" hits="12" branch="true" condition-coverage="100% (2/2)"/>
            <line number="154" hits="12" branch="true" condition-coverage="50% (1/2)"/>
            <line number="155" hits="2" branch="false"/>
            <line number="156" hits="51" branch="false"/>
            <line number="157" hits="51" branch="false"/>
            <line number="158" hits="51" branch="false"/>
            <line number="159" hits="0" branch="false"/>
            <line number="160" hits="0" branch="false"/>
            <line number="161" hits="0" branch="false"/>
            <line number="162" hits="0" branch="false"/>
            <line number="163" hits="0" branch="false"/>
            <line number="164" hits="0" branch="false"/>
            <line number="165" hits="0" branch="false"/>
            <line number="166" hits="0" branch="false"/>
            <line number="167" hits="0" branch="false"/>
            <line number="168" hits="51" branch="false"/>
            <line number="169" hits="51" branch="false"/>
            <line number="170" hits="51" branch="true" condition-coverage="100% (1/1)"/>
            <line number="171" hits="20" branch="false"/>
            <line number="172" hits="51" branch="false"/>
            <line number="173" hits="51" branch="false"/>
            <line number="174" hits="51" branch="true" condition-coverage="100% (1/1)"/>
            <line number="175" hits="2" branch="false"/>
            <line number="176" hits="2" branch="true" condition-coverage="0% (0/1)"/>
            <line number="177" hits="0" branch="false"/>
            <line number="178" hits="0" branch="false"/>
            <line number="179" hits="0" branch="false"/>
            <line number="180" hits="2" branch="true" condition-coverage="100% (1/1)"/>
            <line number="181" hits="2" branch="false"/>
            <line number="182" hits="51" branch="false"/>
            <line number="183" hits="51" branch="false"/>
            <line number="184" hits="51" branch="false"/>
            <line number="185" hits="0" branch="false"/>
            <line number="186" hits="51" branch="false"/>
            <line number="187" hits="51" branch="false"/>
            <line number="188" hits="51" branch="false"/>
            <line number="189" hits="0" branch="false"/>
            <line number="190" hits="0" branch="false"/>
            <line number="191" hits="0" branch="false"/>
            <line number="192" hits="0" branch="false"/>
            <line number="193" hits="0" branch="false"/>
            <line number="194" hits="0" branch="false"/>
            <line number="195" hits="0" branch="false"/>
            <line number="196" hits="0" branch="false"/>
            <line number="197" hits="51" branch="false"/>
            <line number="198" hits="51" branch="false"/>
            <line number="199" hits="51" branch="false"/>
            <line number="200" hits="0" branch="false"/>
            <line number="201" hits="0" branch="false"/>
            <line number="202" hits="0" branch="false"/>
            <line number="203" hits="0" branch="false"/>
            <line number="204" hits="0" branch="false"/>
            <line number="205" hits="0" branch="false"/>
            <line number="206" hits="0" branch="false"/>
            <line number="207" hits="0" branch="false"/>
            <line number="208" hits="51" branch="false"/>
            <line number="209" hits="51" branch="false"/>
            <line number="210" hits="51" branch="false"/>
            <line number="211" hits="0" branch="false"/>
            <line number="212" hits="0" branch="false"/>
            <line number="213" hits="0" branch="false"/>
            <line number="214" hits="0" branch="false"/>
            <line number="215" hits="0" branch="false"/>
            <line number="216" hits="0" branch="false"/>
            <line number="217" hits="0" branch="false"/>
            <line number="218" hits="51" branch="false"/>
            <line number="219" hits="51" branch="false"/>
            <line number="220" hits="51" branch="false"/>
            <line number="221" hits="0" branch="false"/>
            <line number="222" hits="0" branch="false"/>
            <line number="223" hits="0" branch="false"/>
            <line number="224" hits="0" branch="false"/>
            <line number="225" hits="0" branch="false"/>
            <line number="226" hits="0" branch="false"/>
            <line number="227" hits="0" branch="false"/>
            <line number="228" hits="0" branch="false"/>
            <line number="229" hits="0" branch="false"/>
            <line number="230" hits="0" branch="false"/>
            <line number="231" hits="0" branch="false"/>
            <line number="232" hits="0" branch="false"/>
            <line number="233" hits="0" branch="false"/>
            <line number="234" hits="0" branch="false"/>
            <line number="235" hits="0" branch="false"/>
            <line number="236" hits="0" branch="false"/>
            <line number="237" hits="0" branch="false"/>
            <line number="238" hits="0" branch="false"/>
            <line number="239" hits="0" branch="false"/>
            <line number="240" hits="0" branch="false"/>
            <line number="241" hits="0" branch="false"/>
            <line number="242" hits="0" branch="false"/>
            <line number="243" hits="0" branch="false"/>
            <line number="244" hits="0" branch="false"/>
            <line number="245" hits="0" branch="false"/>
            <line number="246" hits="0" branch="false"/>
            <line number="247" hits="0" branch="false"/>
            <line number="248" hits="0" branch="false"/>
            <line number="249" hits="0" branch="false"/>
            <line number="250" hits="51" branch="false"/>
            <line number="251" hits="51" branch="false"/>
            <line number="252" hits="51" branch="false"/>
            <line number="253" hits="0" branch="false"/>
            <line number="254" hits="51" branch="false"/>
            <line number="255" hits="51" branch="false"/>
            <line number="256" hits="51" branch="false"/>
            <line number="257" hits="0" branch="false"/>
            <line number="258" hits="0" branch="false"/>
            <line number="259" hits="0" branch="false"/>
            <line number="260" hits="0" branch="false"/>
            <line number="261" hits="0" branch="false"/>
            <line number="262" hits="0" branch="false"/>
            <line number="263" hits="0" branch="false"/>
            <line number="264" hits="0" branch="false"/>
            <line number="265" hits="0" branch="false"/>
            <line number="266" hits="0" branch="false"/>
            <line number="267" hits="0" branch="false"/>
            <line number="268" hits="0" branch="false"/>
            <line number="269" hits="0" branch="false"/>
            <line number="270" hits="0" branch="false"/>
            <line number="271" hits="0" branch="false"/>
            <line number="272" hits="0" branch="false"/>
            <line number="273" hits="0" branch="false"/>
            <line number="274" hits="0" branch="false"/>
            <line number="275" hits="0" branch="false"/>
            <line number="276" hits="0" branch="false"/>
            <line number="277" hits="0" branch="false"/>
            <line number="278" hits="0" branch="false"/>
            <line number="279" hits="0" branch="false"/>
            <line number="280" hits="0" branch="false"/>
            <line number="281" hits="0" branch="false"/>
            <line number="282" hits="0" branch="false"/>
            <line number="283" hits="0" branch="false"/>
            <line number="284" hits="0" branch="false"/>
            <line number="285" hits="0" branch="false"/>
            <line number="286" hits="0" branch="false"/>
            <line number="287" hits="0" branch="false"/>
            <line number="288" hits="0" branch="false"/>
            <line number="289" hits="0" branch="false"/>
            <line number="290" hits="0" branch="false"/>
            <line number="291" hits="0" branch="false"/>
            <line number="292" hits="0" branch="false"/>
            <line number="293" hits="0" branch="false"/>
            <line number="294" hits="0" branch="false"/>
            <line number="295" hits="0" branch="false"/>
            <line number="296" hits="0" branch="false"/>
            <line number="297" hits="0" branch="false"/>
            <line number="298" hits="0" branch="false"/>
            <line number="299" hits="0" branch="false"/>
            <line number="300" hits="0" branch="false"/>
            <line number="301" hits="0" branch="false"/>
            <line number="302" hits="0" branch="false"/>
            <line number="303" hits="0" branch="false"/>
            <line number="304" hits="0" branch="false"/>
            <line number="305" hits="0" branch="false"/>
            <line number="306" hits="0" branch="false"/>
            <line number="307" hits="0" branch="false"/>
            <line number="308" hits="0" branch="false"/>
            <line number="309" hits="0" branch="false"/>
            <line number="310" hits="0" branch="false"/>
            <line number="311" hits="0" branch="false"/>
            <line number="312" hits="0" branch="false"/>
            <line number="313" hits="0" branch="false"/>
            <line number="314" hits="0" branch="false"/>
            <line number="315" hits="0" branch="false"/>
            <line number="316" hits="0" branch="false"/>
            <line number="317" hits="0" branch="false"/>
            <line number="318" hits="0" branch="false"/>
            <line number="319" hits="0" branch="false"/>
            <line number="320" hits="0" branch="false"/>
            <line number="321" hits="0" branch="false"/>
            <line number="322" hits="0" branch="false"/>
            <line number="323" hits="0" branch="false"/>
            <line number="324" hits="51" branch="false"/>
            <line number="325" hits="51" branch="false"/>
            <line number="326" hits="51" branch="false"/>
            <line number="327" hits="0" branch="false"/>
            <line number="328" hits="51" branch="false"/>
            <line number="329" hits="51" branch="false"/>
            <line number="330" hits="51" branch="false"/>
            <line number="331" hits="0" branch="false"/>
            <line number="332" hits="0" branch="false"/>
            <line number="333" hits="0" branch="false"/>
            <line number="334" hits="0" branch="false"/>
            <line number="335" hits="0" branch="false"/>
            <line number="336" hits="51" branch="false"/>
            <line number="337" hits="51" branch="false"/>
            <line number="338" hits="51" branch="false"/>
            <line number="339" hits="0" branch="false"/>
[...]
            <line number="91" hits="5" branch="true" condition-coverage="50% (1/2)"/>
            <line number="92" hits="5" branch="false"/>
            <line number="93" hits="5" branch="true" condition-coverage="100% (1/1)"/>
            <line number="94" hits="1" branch="true" condition-coverage="0% (0/1)"/>
            <line number="95" hits="1" branch="true" condition-coverage="0% (0/1)"/>
            <line number="96" hits="5" branch="false"/>
            <line number="97" hits="5" branch="false"/>
            <line number="98" hits="5" branch="false"/>
            <line number="99" hits="5" branch="false"/>
            <line number="100" hits="5" branch="false"/>
            <line number="101" hits="5" branch="false"/>
            <line number="102" hits="5" branch="false"/>
            <line number="103" hits="5" branch="false"/>
            <line number="104" hits="5" branch="true" condition-coverage="100% (1/1)"/>
            <line number="105" hits="5" branch="false"/>
            <line number="106" hits="5" branch="false"/>
            <line number="107" hits="9" branch="false"/>
            <line number="108" hits="9" branch="false"/>
            <line number="109" hits="9" branch="false"/>
            <line number="110" hits="0" branch="false"/>
            <line number="111" hits="0" branch="false"/>
            <line number="112" hits="9" branch="false"/>
            <line number="113" hits="9" branch="false"/>
            <line number="114" hits="9" branch="false"/>
            <line number="115" hits="9" branch="false"/>
            <line number="116" hits="9" branch="false"/>
            <line number="117" hits="9" branch="false"/>
            <line number="118" hits="9" branch="false"/>
            <line number="119" hits="9" branch="false"/>
            <line number="120" hits="9" branch="true" condition-coverage="100% (1/1)"/>
            <line number="121" hits="9" branch="false"/>
            <line number="122" hits="9" branch="false"/>
            <line number="123" hits="9" branch="false"/>
            <line number="124" hits="9" branch="false"/>
            <line number="125" hits="9" branch="false"/>
            <line number="126" hits="9" branch="false"/>
            <line number="127" hits="9" branch="false"/>
            <line number="128" hits="9" branch="false"/>
            <line number="129" hits="9" branch="false"/>
            <line number="130" hits="9" branch="false"/>
            <line number="131" hits="9" branch="false"/>
            <line number="132" hits="9" branch="false"/>
            <line number="133" hits="9" branch="true" condition-coverage="100% (1/1)"/>
            <line number="134" hits="1" branch="false"/>
            <line number="135" hits="1" branch="false"/>
            <line number="136" hits="1" branch="false"/>
            <line number="137" hits="9" branch="false"/>
            <line number="138" hits="9" branch="false"/>
            <line number="139" hits="9" branch="true" condition-coverage="100% (1/1)"/>
            <line number="140" hits="5" branch="false"/>
            <line number="141" hits="5" branch="false"/>
            <line number="142" hits="5" branch="false"/>
            <line number="143" hits="4" branch="true" condition-coverage="100% (1/1)"/>
            <line number="144" hits="4" branch="false"/>
            <line number="145" hits="4" branch="false"/>
            <line number="146" hits="4" branch="false"/>
            <line number="147" hits="4" branch="false"/>
            <line number="148" hits="4" branch="false"/>
            <line number="149" hits="4" branch="false"/>
            <line number="150" hits="4" branch="false"/>
            <line number="151" hits="4" branch="false"/>
            <line number="152" hits="4" branch="false"/>
            <line number="153" hits="4" branch="false"/>
            <line number="154" hits="4" branch="false"/>
            <line number="155" hits="4" branch="false"/>
            <line number="156" hits="4" branch="false"/>
            <line number="157" hits="4" branch="false"/>
            <line number="158" hits="4" branch="false"/>
            <line number="159" hits="4" branch="false"/>
            <line number="160" hits="9" branch="false"/>
            <line number="161" hits="9" branch="false"/>
            <line number="162" hits="9" branch="false"/>
            <line number="163" hits="9" branch="false"/>
            <line number="164" hits="9" branch="false"/>
          </lines>
        </class>
      </classes>
    </package>
    <package name="Student.Quizzes.[quizId]" line-rate="0.9303" branch-rate="0.75">
      <classes>
        <class name="quizid.jsx" filename="app\Student\Quizzes\[quizId]\quizid.jsx" line-rate="0.9303" branch-rate="0.75">
          <methods>
            <method name="InfoRow" hits="3" signature="()V">
              <lines>
                <line number="15" hits="3"/>
              </lines>
            </method>
            <method name="StudentQuizDetailsPage" hits="8" signature="()V">
              <lines>
                <line number="22" hits="8"/>
              </lines>
            </method>
            <method name="fetchDefinition" hits="4" signature="()V">
              <lines>
                <line number="34" hits="4"/>
              </lines>
            </method>
            <method name="onClick" hits="0" signature="()V">
              <lines>
                <line number="73" hits="0"/>
              </lines>
            </method>
            <method name="onClick" hits="0" signature="()V">
              <lines>
                <line number="88" hits="0"/>
              </lines>
            </method>
            <method name="onClick" hits="0" signature="()V">
              <lines>
                <line number="191" hits="0"/>
              </lines>
            </method>
          </methods>
          <lines>
            <line number="1" hits="1" branch="false"/>
            <line number="2" hits="1" branch="false"/>
            <line number="3" hits="1" branch="false"/>
            <line number="4" hits="1" branch="false"/>
            <line number="5" hits="1" branch="false"/>
            <line number="6" hits="1" branch="false"/>
            <line number="7" hits="1" branch="false"/>
            <line number="8" hits="1" branch="false"/>
            <line number="9" hits="1" branch="false"/>
            <line number="10" hits="1" branch="false"/>
            <line number="11" hits="1" branch="false"/>
            <line number="12" hits="1" branch="false"/>
            <line number="13" hits="1" branch="false"/>
            <line number="14" hits="1" branch="false"/>
            <line number="15" hits="1" branch="true" condition-coverage="100% (1/1)"/>
            <line number="16" hits="3" branch="false"/>
            <line number="17" hits="3" branch="false"/>
            <line number="18" hits="3" branch="true" condition-coverage="0% (0/1)"/>
            <line number="19" hits="3" branch="false"/>
            <line number="20" hits="1" branch="false"/>
            <line number="21" hits="1" branch="false"/>
            <line number="22" hits="1" branch="true" condition-coverage="100% (1/1)"/>
            <line number="23" hits="8" branch="false"/>
            <line number="24" hits="8" branch="false"/>
            <line number="25" hits="8" branch="true" condition-coverage="100% (2/2)"/>
            <line number="26" hits="8" branch="false"/>
            <line number="27" hits="8" branch="false"/>
            <line number="28" hits="8" branch="false"/>
            <line number="29" hits="8" branch="false"/>
            <line number="30" hits="8" branch="false"/>
            <line number="31" hits="8" branch="true" condition-coverage="100% (1/1)"/>
            <line number="32" hits="5" branch="true" condition-coverage="100% (2/2)"/>
            <line number="33" hits="4" branch="false"/>
            <line number="34" hits="4" branch="true" condition-coverage="100% (1/1)"/>
            <line number="35" hits="4" branch="false"/>
            <line number="36" hits="4" branch="false"/>
            <line number="37" hits="4" branch="false"/>
            <line number="38" hits="4" branch="false"/>
            <line number="39" hits="4" branch="false"/>
            <line number="40" hits="4" branch="true" condition-coverage="100% (1/1)"/>
            <line number="41" hits="1" branch="true" condition-coverage="0% (0/1)"/>
            <line number="42" hits="1" branch="true" condition-coverage="100% (1/1)"/>
            <line number="43" hits="3" branch="false"/>
            <line number="44" hits="3" branch="false"/>
            <line number="45" hits="3" branch="false"/>
            <line number="46" hits="4" branch="true" condition-coverage="100% (1/1)"/>
            <line number="47" hits="1" branch="false"/>
            <line number="48" hits="1" branch="true" condition-coverage="0% (0/1)"/>
            <line number="49" hits="1" branch="false"/>
            <line number="50" hits="4" branch="false"/>
            <line number="51" hits="4" branch="false"/>
            <line number="52" hits="4" branch="false"/>
            <line number="53" hits="4" branch="false"/>
            <line number="54" hits="4" branch="false"/>
            <line number="55" hits="4" branch="false"/>
            <line number="56" hits="4" branch="false"/>
            <line number="57" hits="4" branch="true" condition-coverage="100% (1/1)"/>
            <line number="58" hits="4" branch="false"/>
            <line number="59" hits="4" branch="false"/>
            <line number="60" hits="8" branch="false"/>
            <line number="61" hits="8" branch="false"/>
            <line number="62" hits="8" branch="true" condition-coverage="100% (3/3)"/>
            <line number="63" hits="8" branch="true" condition-coverage="100% (2/2)"/>
            <line number="64" hits="8" branch="false"/>
            <line number="65" hits="8" branch="true" condition-coverage="100% (1/1)"/>
            <line number="66" hits="1" branch="false"/>
            <line number="67" hits="1" branch="false"/>
            <line number="68" hits="1" branch="false"/>
            <line number="69" hits="1" branch="false"/>
            <line number="70" hits="1" branch="false"/>
            <line number="71" hits="1" branch="false"/>
            <line number="72" hits="1" branch="false"/>
            <line number="73" hits="1" branch="false"/>
            <line number="74" hits="1" branch="false"/>
            <line number="75" hits="1" branch="false"/>
            <line number="76" hits="1" branch="false"/>
            <line number="77" hits="1" branch="false"/>
            <line number="78" hits="1" branch="false"/>
            <line number="79" hits="1" branch="false"/>
            <line number="80" hits="1" branch="true" condition-coverage="100% (1/1)"/>
            <line number="81" hits="7" branch="false"/>
            <line number="82" hits="7" branch="false"/>
            <line number="83" hits="7" branch="false"/>
            <line number="84" hits="7" branch="false"/>
            <line number="85" hits="7" branch="false"/>
            <line number="86" hits="7" branch="false"/>
            <line number="87" hits="7" branch="false"/>
            <line number="88" hits="7" branch="false"/>
            <line number="89" hits="7" branch="false"/>
            <line number="90" hits="7" branch="false"/>
            <line number="91" hits="7" branch="false"/>
            <line number="92" hits="7" branch="false"/>
            <line number="93" hits="7" branch="false"/>
            <line number="94" hits="7" branch="false"/>
            <line number="95" hits="7" branch="true" condition-coverage="100% (1/1)"/>
            <line number="96" hits="1" branch="false"/>
            <line number="97" hits="1" branch="false"/>
            <line number="98" hits="1" branch="false"/>
            <line number="99" hits="8" branch="false"/>
            <line number="100" hits="8" branch="false"/>
            <line number="101" hits="8" branch="true" condition-coverage="100% (1/1)"/>
            <line number="102" hits="4" branch="false"/>
            <line number="103" hits="4" branch="false"/>
            <line number="104" hits="4" branch="false"/>
            <line number="105" hits="3" branch="true" condition-coverage="100% (2/2)"/>
            <line number="106" hits="1" branch="false"/>
            <line number="107" hits="1" branch="false"/>
            <line number="108" hits="1" branch="false"/>
            <line number="109" hits="1" branch="false"/>
            <line number="110" hits="1" branch="true" condition-coverage="0% (0/1)"/>
            <line number="111" hits="1" branch="false"/>
            <line number="112" hits="1" branch="false"/>
            <line number="113" hits="1" branch="true" condition-coverage="0% (0/1)"/>
            <line number="114" hits="1" branch="false"/>
            <line number="115" hits="1" branch="false"/>
            <line number="116" hits="1" branch="false"/>
            <line number="117" hits="1" branch="false"/>
            <line number="118" hits="1" branch="false"/>
            <line number="119" hits="1" branch="false"/>
            <line number="120" hits="1" branch="false"/>
            <line number="121" hits="1" branch="false"/>
            <line number="122" hits="1" branch="false"/>
            <line number="123" hits="1" branch="false"/>
            <line number="124" hits="1" branch="false"/>
            <line number="125" hits="0" branch="true" condition-coverage="0% (0/1)"/>
            <line number="126" hits="1" branch="false"/>
            <line number="127" hits="1" branch="false"/>
            <line number="128" hits="1" branch="false"/>
            <line number="129" hits="1" branch="false"/>
            <line number="130" hits="1" branch="false"/>
            <line number="131" hits="1" branch="false"/>
            <line number="132" hits="1" branch="false"/>
            <line number="133" hits="0" branch="true" condition-coverage="0% (0/1)"/>
            <line number="134" hits="0" branch="false"/>
            <line number="135" hits="0" branch="false"/>
            <line number="136" hits="1" branch="false"/>
            <line number="137" hits="1" branch="false"/>
            <line number="138" hits="1" branch="false"/>
            <line number="139" hits="1" branch="false"/>
            <line number="140" hits="1" branch="false"/>
            <line number="141" hits="1" branch="false"/>
            <line number="142" hits="1" branch="true" condition-coverage="0% (0/1)"/>
            <line number="143" hits="0" branch="false"/>
            <line number="144" hits="0" branch="false"/>
            <line number="145" hits="0" branch="false"/>
            <line number="146" hits="0" branch="false"/>
            <line number="147" hits="0" branch="false"/>
            <line number="148" hits="0" branch="false"/>
            <line number="149" hits="0" branch="false"/>
            <line number="150" hits="0" branch="false"/>
            <line number="151" hits="0" branch="false"/>
            <line number="152" hits="0" branch="false"/>
            <line number="153" hits="1" branch="false"/>
            <line number="154" hits="1" branch="false"/>
            <line number="155" hits="1" branch="false"/>
            <line number="156" hits="1" branch="false"/>
            <line number="157" hits="1" branch="false"/>
            <line number="158" hits="1" branch="false"/>
            <line number="159" hits="1" branch="false"/>
            <line number="160" hits="1" branch="false"/>
            <line number="161" hits="1" branch="false"/>
            <line number="162" hits="1" branch="false"/>
            <line number="163" hits="1" branch="false"/>
            <line number="164" hits="1" branch="false"/>
            <line number="165" hits="1" branch="false"/>
            <line number="166" hits="1" branch="false"/>
            <line number="167" hits="1" branch="false"/>
            <line number="168" hits="1" branch="false"/>
            <line number="169" hits="1" branch="false"/>
            <line number="170" hits="1" branch="false"/>
            <line number="171" hits="1" branch="false"/>
            <line number="172" hits="1" branch="false"/>
            <line number="173" hits="1" branch="false"/>
            <line number="174" hits="1" branch="false"/>
            <line number="175" hits="1" branch="false"/>
            <line number="176" hits="1" branch="false"/>
            <line number="177" hits="1" branch="false"/>
            <line number="178" hits="1" branch="false"/>
            <line number="179" hits="1" branch="false"/>
            <line number="180" hits="1" branch="false"/>
            <line number="181" hits="1" branch="false"/>
            <line number="182" hits="1" branch="false"/>
            <line number="183" hits="1" branch="false"/>
            <line number="184" hits="2" branch="true" condition-coverage="100% (1/1)"/>
            <line number="185" hits="2" branch="false"/>
            <line number="186" hits="2" branch="false"/>
            <line number="187" hits="2" branch="false"/>
            <line number="188" hits="2" branch="false"/>
            <line number="189" hits="2" branch="false"/>
            <line number="190" hits="2" branch="false"/>
            <line number="191" hits="2" branch="false"/>
            <line number="192" hits="2" branch="false"/>
            <line number="193" hits="2" branch="false"/>
            <line number="194" hits="2" branch="false"/>
            <line number="195" hits="2" branch="false"/>
            <line number="196" hits="2" branch="false"/>
            <line number="197" hits="8" branch="false"/>
            <line number="198" hits="8" branch="false"/>
            <line number="199" hits="8" branch="false"/>
            <line number="200" hits="8" branch="false"/>
            <line number="201" hits="8" branch="false"/>
          </lines>
        </class>
      </classes>
    </package>
    <package name="components" line-rate="1" branch-rate="1">
      <classes>
        <class name="ConditionalBody.jsx" filename="app\components\ConditionalBody.jsx" line-rate="1" branch-rate="1">
          <methods>
            <method name="ConditionalBody" hits="10" signature="()V">
              <lines>
                <line number="4" hits="10"/>
              </lines>
            </method>
          </methods>
          <lines>
            <line number="1" hits="1" branch="false"/>
            <line number="2" hits="1" branch="false"/>
            <line number="3" hits="1" branch="false"/>
            <line number="4" hits="1" branch="true" condition-coverage="100% (1/1)"/>
            <line number="5" hits="10" branch="false"/>
            <line number="6" hits="10" branch="false"/>
            <line number="7" hits="10" branch="false"/>
            <line number="8" hits="10" branch="true" condition-coverage="100% (1/1)"/>
            <line number="9" hits="4" branch="false"/>
            <line number="10" hits="4" branch="false"/>
            <line number="11" hits="4" branch="false"/>
            <line number="12" hits="4" branch="false"/>
            <line number="13" hits="4" branch="false"/>
            <line number="14" hits="4" branch="true" condition-coverage="100% (1/1)"/>
            <line number="15" hits="6" branch="false"/>
            <line number="16" hits="6" branch="false"/>
            <line number="17" hits="6" branch="false"/>
            <line number="18" hits="6" branch="false"/>
            <line number="19" hits="6" branch="false"/>
            <line number="20" hits="6" branch="false"/>
            <line number="21" hits="6" branch="false"/>
            <line number="22" hits="6" branch="false"/>
          </lines>
        </class>
      </classes>
    </package>
  </packages>
</coverage>
