{"C:\\Users\\vivia\\csc491\\Horizon-Labs\\project\\frontend\\app\\Instructor\\Assessment\\assessment.jsx": {"path":"C:\\Users\\vivia\\csc491\\Horizon-Labs\\project\\frontend\\app\\Instructor\\Assessment\\assessment.jsx","all":false,"statementMap":{"0":{"start":{"line":1,"column":0},"end":{"line":1,"column":13}},"1":{"start":{"line":2,"column":0},"end":{"line":2,"column":0}},"2":{"start":{"line":3,"column":0},"end":{"line":3,"column":65}},"3":{"start":{"line":4,"column":0},"end":{"line":4,"column":44}},"4":{"start":{"line":5,"column":0},"end":{"line":5,"column":43}},"5":{"start":{"line":6,"column":0},"end":{"line":6,"column":0}},"6":{"start":{"line":7,"column":0},"end":{"line":7,"column":25}},"7":{"start":{"line":8,"column":0},"end":{"line":8,"column":21}},"8":{"start":{"line":9,"column":0},"end":{"line":9,"column":39}},"9":{"start":{"line":10,"column":0},"end":{"line":10,"column":3}},"10":{"start":{"line":11,"column":0},"end":{"line":11,"column":0}},"11":{"start":{"line":12,"column":0},"end":{"line":12,"column":94}},"12":{"start":{"line":13,"column":0},"end":{"line":13,"column":8}},"13":{"start":{"line":14,"column":0},"end":{"line":14,"column":4}},"14":{"start":{"line":15,"column":0},"end":{"line":15,"column":2}},"15":{"start":{"line":16,"column":0},"end":{"line":16,"column":65}},"16":{"start":{"line":17,"column":0},"end":{"line":17,"column":68}},"17":{"start":{"line":18,"column":0},"end":{"line":18,"column":0}},"18":{"start":{"line":19,"column":0},"end":{"line":19,"column":46}},"19":{"start":{"line":20,"column":0},"end":{"line":20,"column":29}},"20":{"start":{"line":21,"column":0},"end":{"line":21,"column":44}},"21":{"start":{"line":22,"column":0},"end":{"line":22,"column":14}},"22":{"start":{"line":23,"column":0},"end":{"line":23,"column":20}},"23":{"start":{"line":24,"column":0},"end":{"line":24,"column":25}},"24":{"start":{"line":25,"column":0},"end":{"line":25,"column":26}},"25":{"start":{"line":26,"column":0},"end":{"line":26,"column":18}},"26":{"start":{"line":27,"column":0},"end":{"line":27,"column":19}},"27":{"start":{"line":28,"column":0},"end":{"line":28,"column":21}},"28":{"start":{"line":29,"column":0},"end":{"line":29,"column":5}},"29":{"start":{"line":30,"column":0},"end":{"line":30,"column":51}},"30":{"start":{"line":31,"column":0},"end":{"line":31,"column":61}},"31":{"start":{"line":32,"column":0},"end":{"line":32,"column":59}},"32":{"start":{"line":33,"column":0},"end":{"line":33,"column":53}},"33":{"start":{"line":34,"column":0},"end":{"line":34,"column":68}},"34":{"start":{"line":35,"column":0},"end":{"line":35,"column":64}},"35":{"start":{"line":36,"column":0},"end":{"line":36,"column":51}},"36":{"start":{"line":37,"column":0},"end":{"line":37,"column":44}},"37":{"start":{"line":38,"column":0},"end":{"line":38,"column":56}},"38":{"start":{"line":39,"column":0},"end":{"line":39,"column":39}},"39":{"start":{"line":40,"column":0},"end":{"line":40,"column":47}},"40":{"start":{"line":41,"column":0},"end":{"line":41,"column":38}},"41":{"start":{"line":42,"column":0},"end":{"line":42,"column":0}},"42":{"start":{"line":43,"column":0},"end":{"line":43,"column":63}},"43":{"start":{"line":44,"column":0},"end":{"line":44,"column":24}},"44":{"start":{"line":45,"column":0},"end":{"line":45,"column":9}},"45":{"start":{"line":46,"column":0},"end":{"line":46,"column":96}},"46":{"start":{"line":47,"column":0},"end":{"line":47,"column":59}},"47":{"start":{"line":48,"column":0},"end":{"line":48,"column":25}},"48":{"start":{"line":49,"column":0},"end":{"line":49,"column":74}},"49":{"start":{"line":50,"column":0},"end":{"line":50,"column":7}},"50":{"start":{"line":51,"column":0},"end":{"line":51,"column":43}},"51":{"start":{"line":52,"column":0},"end":{"line":52,"column":26}},"52":{"start":{"line":53,"column":0},"end":{"line":53,"column":77}},"53":{"start":{"line":54,"column":0},"end":{"line":54,"column":33}},"54":{"start":{"line":55,"column":0},"end":{"line":55,"column":31}},"55":{"start":{"line":56,"column":0},"end":{"line":56,"column":30}},"56":{"start":{"line":57,"column":0},"end":{"line":57,"column":16}},"57":{"start":{"line":58,"column":0},"end":{"line":58,"column":31}},"58":{"start":{"line":59,"column":0},"end":{"line":59,"column":48}},"59":{"start":{"line":60,"column":0},"end":{"line":60,"column":25}},"60":{"start":{"line":61,"column":0},"end":{"line":61,"column":38}},"61":{"start":{"line":62,"column":0},"end":{"line":62,"column":93}},"62":{"start":{"line":63,"column":0},"end":{"line":63,"column":26}},"63":{"start":{"line":64,"column":0},"end":{"line":64,"column":39}},"64":{"start":{"line":65,"column":0},"end":{"line":65,"column":95}},"65":{"start":{"line":66,"column":0},"end":{"line":66,"column":18}},"66":{"start":{"line":67,"column":0},"end":{"line":67,"column":36}},"67":{"start":{"line":68,"column":0},"end":{"line":68,"column":31}},"68":{"start":{"line":69,"column":0},"end":{"line":69,"column":105}},"69":{"start":{"line":70,"column":0},"end":{"line":70,"column":19}},"70":{"start":{"line":71,"column":0},"end":{"line":71,"column":11}},"71":{"start":{"line":72,"column":0},"end":{"line":72,"column":39}},"72":{"start":{"line":73,"column":0},"end":{"line":73,"column":34}},"73":{"start":{"line":74,"column":0},"end":{"line":74,"column":38}},"74":{"start":{"line":75,"column":0},"end":{"line":75,"column":14}},"75":{"start":{"line":76,"column":0},"end":{"line":76,"column":37}},"76":{"start":{"line":77,"column":0},"end":{"line":77,"column":21}},"77":{"start":{"line":78,"column":0},"end":{"line":78,"column":10}},"78":{"start":{"line":79,"column":0},"end":{"line":79,"column":38}},"79":{"start":{"line":80,"column":0},"end":{"line":80,"column":52}},"80":{"start":{"line":81,"column":0},"end":{"line":81,"column":56}},"81":{"start":{"line":82,"column":0},"end":{"line":82,"column":49}},"82":{"start":{"line":83,"column":0},"end":{"line":83,"column":53}},"83":{"start":{"line":84,"column":0},"end":{"line":84,"column":21}},"84":{"start":{"line":85,"column":0},"end":{"line":85,"column":70}},"85":{"start":{"line":86,"column":0},"end":{"line":86,"column":5}},"86":{"start":{"line":87,"column":0},"end":{"line":87,"column":9}},"87":{"start":{"line":88,"column":0},"end":{"line":88,"column":0}},"88":{"start":{"line":89,"column":0},"end":{"line":89,"column":19}},"89":{"start":{"line":90,"column":0},"end":{"line":90,"column":35}},"90":{"start":{"line":91,"column":0},"end":{"line":91,"column":37}},"91":{"start":{"line":92,"column":0},"end":{"line":92,"column":6}},"92":{"start":{"line":93,"column":0},"end":{"line":93,"column":9}},"93":{"start":{"line":94,"column":0},"end":{"line":94,"column":42}},"94":{"start":{"line":95,"column":0},"end":{"line":95,"column":26}},"95":{"start":{"line":96,"column":0},"end":{"line":96,"column":15}},"96":{"start":{"line":97,"column":0},"end":{"line":97,"column":7}},"97":{"start":{"line":98,"column":0},"end":{"line":98,"column":58}},"98":{"start":{"line":99,"column":0},"end":{"line":99,"column":17}},"99":{"start":{"line":100,"column":0},"end":{"line":100,"column":26}},"100":{"start":{"line":101,"column":0},"end":{"line":101,"column":15}},"101":{"start":{"line":102,"column":0},"end":{"line":102,"column":7}},"102":{"start":{"line":103,"column":0},"end":{"line":103,"column":36}},"103":{"start":{"line":104,"column":0},"end":{"line":104,"column":41}},"104":{"start":{"line":105,"column":0},"end":{"line":105,"column":26}},"105":{"start":{"line":106,"column":0},"end":{"line":106,"column":15}},"106":{"start":{"line":107,"column":0},"end":{"line":107,"column":7}},"107":{"start":{"line":108,"column":0},"end":{"line":108,"column":47}},"108":{"start":{"line":109,"column":0},"end":{"line":109,"column":55}},"109":{"start":{"line":110,"column":0},"end":{"line":110,"column":30}},"110":{"start":{"line":111,"column":0},"end":{"line":111,"column":16}},"111":{"start":{"line":112,"column":0},"end":{"line":112,"column":33}},"112":{"start":{"line":113,"column":0},"end":{"line":113,"column":45}},"113":{"start":{"line":114,"column":0},"end":{"line":114,"column":56}},"114":{"start":{"line":115,"column":0},"end":{"line":115,"column":26}},"115":{"start":{"line":116,"column":0},"end":{"line":116,"column":79}},"116":{"start":{"line":117,"column":0},"end":{"line":117,"column":42}},"117":{"start":{"line":118,"column":0},"end":{"line":118,"column":44}},"118":{"start":{"line":119,"column":0},"end":{"line":119,"column":84}},"119":{"start":{"line":120,"column":0},"end":{"line":120,"column":10}},"120":{"start":{"line":121,"column":0},"end":{"line":121,"column":33}},"121":{"start":{"line":122,"column":0},"end":{"line":122,"column":70}},"122":{"start":{"line":123,"column":0},"end":{"line":123,"column":46}},"123":{"start":{"line":124,"column":0},"end":{"line":124,"column":49}},"124":{"start":{"line":125,"column":0},"end":{"line":125,"column":20}},"125":{"start":{"line":126,"column":0},"end":{"line":126,"column":64}},"126":{"start":{"line":127,"column":0},"end":{"line":127,"column":14}},"127":{"start":{"line":128,"column":0},"end":{"line":128,"column":26}},"128":{"start":{"line":129,"column":0},"end":{"line":129,"column":7}},"129":{"start":{"line":130,"column":0},"end":{"line":130,"column":21}},"130":{"start":{"line":131,"column":0},"end":{"line":131,"column":62}},"131":{"start":{"line":132,"column":0},"end":{"line":132,"column":24}},"132":{"start":{"line":133,"column":0},"end":{"line":133,"column":5}},"133":{"start":{"line":134,"column":0},"end":{"line":134,"column":34}},"134":{"start":{"line":135,"column":0},"end":{"line":135,"column":30}},"135":{"start":{"line":136,"column":0},"end":{"line":136,"column":0}},"136":{"start":{"line":137,"column":0},"end":{"line":137,"column":19}},"137":{"start":{"line":138,"column":0},"end":{"line":138,"column":18}},"138":{"start":{"line":139,"column":0},"end":{"line":139,"column":41}},"139":{"start":{"line":140,"column":0},"end":{"line":140,"column":51}},"140":{"start":{"line":141,"column":0},"end":{"line":141,"column":7}},"141":{"start":{"line":142,"column":0},"end":{"line":142,"column":6}},"142":{"start":{"line":143,"column":0},"end":{"line":143,"column":9}},"143":{"start":{"line":144,"column":0},"end":{"line":144,"column":0}},"144":{"start":{"line":145,"column":0},"end":{"line":145,"column":19}},"145":{"start":{"line":146,"column":0},"end":{"line":146,"column":9}},"146":{"start":{"line":147,"column":0},"end":{"line":147,"column":48}},"147":{"start":{"line":148,"column":0},"end":{"line":148,"column":64}},"148":{"start":{"line":149,"column":0},"end":{"line":149,"column":27}},"149":{"start":{"line":150,"column":0},"end":{"line":150,"column":39}},"150":{"start":{"line":151,"column":0},"end":{"line":151,"column":27}},"151":{"start":{"line":152,"column":0},"end":{"line":152,"column":41}},"152":{"start":{"line":153,"column":0},"end":{"line":153,"column":7}},"153":{"start":{"line":154,"column":0},"end":{"line":154,"column":29}},"154":{"start":{"line":155,"column":0},"end":{"line":155,"column":39}},"155":{"start":{"line":156,"column":0},"end":{"line":156,"column":7}},"156":{"start":{"line":157,"column":0},"end":{"line":157,"column":51}},"157":{"start":{"line":158,"column":0},"end":{"line":158,"column":41}},"158":{"start":{"line":159,"column":0},"end":{"line":159,"column":7}},"159":{"start":{"line":160,"column":0},"end":{"line":160,"column":21}},"160":{"start":{"line":161,"column":0},"end":{"line":161,"column":65}},"161":{"start":{"line":162,"column":0},"end":{"line":162,"column":5}},"162":{"start":{"line":163,"column":0},"end":{"line":163,"column":9}},"163":{"start":{"line":164,"column":0},"end":{"line":164,"column":0}},"164":{"start":{"line":165,"column":0},"end":{"line":165,"column":19}},"165":{"start":{"line":166,"column":0},"end":{"line":166,"column":40}},"166":{"start":{"line":167,"column":0},"end":{"line":167,"column":9}},"167":{"start":{"line":168,"column":0},"end":{"line":168,"column":48}},"168":{"start":{"line":169,"column":0},"end":{"line":169,"column":29}},"169":{"start":{"line":170,"column":0},"end":{"line":170,"column":20}},"170":{"start":{"line":171,"column":0},"end":{"line":171,"column":38}},"171":{"start":{"line":172,"column":0},"end":{"line":172,"column":8}},"172":{"start":{"line":173,"column":0},"end":{"line":173,"column":23}},"173":{"start":{"line":174,"column":0},"end":{"line":174,"column":27}},"174":{"start":{"line":175,"column":0},"end":{"line":175,"column":30}},"175":{"start":{"line":176,"column":0},"end":{"line":176,"column":42}},"176":{"start":{"line":177,"column":0},"end":{"line":177,"column":22}},"177":{"start":{"line":178,"column":0},"end":{"line":178,"column":27}},"178":{"start":{"line":179,"column":0},"end":{"line":179,"column":31}},"179":{"start":{"line":180,"column":0},"end":{"line":180,"column":23}},"180":{"start":{"line":181,"column":0},"end":{"line":181,"column":19}},"181":{"start":{"line":182,"column":0},"end":{"line":182,"column":20}},"182":{"start":{"line":183,"column":0},"end":{"line":183,"column":8}},"183":{"start":{"line":184,"column":0},"end":{"line":184,"column":71}},"184":{"start":{"line":185,"column":0},"end":{"line":185,"column":21}},"185":{"start":{"line":186,"column":0},"end":{"line":186,"column":65}},"186":{"start":{"line":187,"column":0},"end":{"line":187,"column":5}},"187":{"start":{"line":188,"column":0},"end":{"line":188,"column":74}},"188":{"start":{"line":189,"column":0},"end":{"line":189,"column":0}},"189":{"start":{"line":190,"column":0},"end":{"line":190,"column":19}},"190":{"start":{"line":191,"column":0},"end":{"line":191,"column":32}},"191":{"start":{"line":192,"column":0},"end":{"line":192,"column":67}},"192":{"start":{"line":193,"column":0},"end":{"line":193,"column":42}},"193":{"start":{"line":194,"column":0},"end":{"line":194,"column":46}},"194":{"start":{"line":195,"column":0},"end":{"line":195,"column":0}},"195":{"start":{"line":196,"column":0},"end":{"line":196,"column":36}},"196":{"start":{"line":197,"column":0},"end":{"line":197,"column":37}},"197":{"start":{"line":198,"column":0},"end":{"line":198,"column":28}},"198":{"start":{"line":199,"column":0},"end":{"line":199,"column":14}},"199":{"start":{"line":200,"column":0},"end":{"line":200,"column":20}},"200":{"start":{"line":201,"column":0},"end":{"line":201,"column":8}},"201":{"start":{"line":202,"column":0},"end":{"line":202,"column":4}},"202":{"start":{"line":203,"column":0},"end":{"line":203,"column":0}},"203":{"start":{"line":204,"column":0},"end":{"line":204,"column":41}},"204":{"start":{"line":205,"column":0},"end":{"line":205,"column":34}},"205":{"start":{"line":206,"column":0},"end":{"line":206,"column":4}},"206":{"start":{"line":207,"column":0},"end":{"line":207,"column":0}},"207":{"start":{"line":208,"column":0},"end":{"line":208,"column":32}},"208":{"start":{"line":209,"column":0},"end":{"line":209,"column":43}},"209":{"start":{"line":210,"column":0},"end":{"line":210,"column":72}},"210":{"start":{"line":211,"column":0},"end":{"line":211,"column":24}},"211":{"start":{"line":212,"column":0},"end":{"line":212,"column":13}},"212":{"start":{"line":213,"column":0},"end":{"line":213,"column":5}},"213":{"start":{"line":214,"column":0},"end":{"line":214,"column":28}},"214":{"start":{"line":215,"column":0},"end":{"line":215,"column":14}},"215":{"start":{"line":216,"column":0},"end":{"line":216,"column":57}},"216":{"start":{"line":217,"column":0},"end":{"line":217,"column":8}},"217":{"start":{"line":218,"column":0},"end":{"line":218,"column":22}},"218":{"start":{"line":219,"column":0},"end":{"line":219,"column":4}},"219":{"start":{"line":220,"column":0},"end":{"line":220,"column":0}},"220":{"start":{"line":221,"column":0},"end":{"line":221,"column":48}},"221":{"start":{"line":222,"column":0},"end":{"line":222,"column":28}},"222":{"start":{"line":223,"column":0},"end":{"line":223,"column":14}},"223":{"start":{"line":224,"column":0},"end":{"line":224,"column":81}},"224":{"start":{"line":225,"column":0},"end":{"line":225,"column":8}},"225":{"start":{"line":226,"column":0},"end":{"line":226,"column":4}},"226":{"start":{"line":227,"column":0},"end":{"line":227,"column":0}},"227":{"start":{"line":228,"column":0},"end":{"line":228,"column":47}},"228":{"start":{"line":229,"column":0},"end":{"line":229,"column":28}},"229":{"start":{"line":230,"column":0},"end":{"line":230,"column":9}},"230":{"start":{"line":231,"column":0},"end":{"line":231,"column":82}},"231":{"start":{"line":232,"column":0},"end":{"line":232,"column":25}},"232":{"start":{"line":233,"column":0},"end":{"line":233,"column":9}},"233":{"start":{"line":234,"column":0},"end":{"line":234,"column":21}},"234":{"start":{"line":235,"column":0},"end":{"line":235,"column":66}},"235":{"start":{"line":236,"column":0},"end":{"line":236,"column":5}},"236":{"start":{"line":237,"column":0},"end":{"line":237,"column":4}},"237":{"start":{"line":238,"column":0},"end":{"line":238,"column":0}},"238":{"start":{"line":239,"column":0},"end":{"line":239,"column":50}},"239":{"start":{"line":240,"column":0},"end":{"line":240,"column":24}},"240":{"start":{"line":241,"column":0},"end":{"line":241,"column":9}},"241":{"start":{"line":242,"column":0},"end":{"line":242,"column":80}},"242":{"start":{"line":243,"column":0},"end":{"line":243,"column":25}},"243":{"start":{"line":244,"column":0},"end":{"line":244,"column":9}},"244":{"start":{"line":245,"column":0},"end":{"line":245,"column":21}},"245":{"start":{"line":246,"column":0},"end":{"line":246,"column":62}},"246":{"start":{"line":247,"column":0},"end":{"line":247,"column":5}},"247":{"start":{"line":248,"column":0},"end":{"line":248,"column":4}},"248":{"start":{"line":249,"column":0},"end":{"line":249,"column":0}},"249":{"start":{"line":250,"column":0},"end":{"line":250,"column":64}},"250":{"start":{"line":251,"column":0},"end":{"line":251,"column":27}},"251":{"start":{"line":252,"column":0},"end":{"line":252,"column":39}},"252":{"start":{"line":253,"column":0},"end":{"line":253,"column":49}},"253":{"start":{"line":254,"column":0},"end":{"line":254,"column":5}},"254":{"start":{"line":255,"column":0},"end":{"line":255,"column":77}},"255":{"start":{"line":256,"column":0},"end":{"line":256,"column":4}},"256":{"start":{"line":257,"column":0},"end":{"line":257,"column":0}},"257":{"start":{"line":258,"column":0},"end":{"line":258,"column":48}},"258":{"start":{"line":259,"column":0},"end":{"line":259,"column":9}},"259":{"start":{"line":260,"column":0},"end":{"line":260,"column":48}},"260":{"start":{"line":261,"column":0},"end":{"line":261,"column":75}},"261":{"start":{"line":262,"column":0},"end":{"line":262,"column":52}},"262":{"start":{"line":263,"column":0},"end":{"line":263,"column":54}},"263":{"start":{"line":264,"column":0},"end":{"line":264,"column":54}},"264":{"start":{"line":265,"column":0},"end":{"line":265,"column":21}},"265":{"start":{"line":266,"column":0},"end":{"line":266,"column":64}},"266":{"start":{"line":267,"column":0},"end":{"line":267,"column":5}},"267":{"start":{"line":268,"column":0},"end":{"line":268,"column":4}},"268":{"start":{"line":269,"column":0},"end":{"line":269,"column":0}},"269":{"start":{"line":270,"column":0},"end":{"line":270,"column":41}},"270":{"start":{"line":271,"column":0},"end":{"line":271,"column":47}},"271":{"start":{"line":272,"column":0},"end":{"line":272,"column":59}},"272":{"start":{"line":273,"column":0},"end":{"line":273,"column":31}},"273":{"start":{"line":274,"column":0},"end":{"line":274,"column":8}},"274":{"start":{"line":275,"column":0},"end":{"line":275,"column":22}},"275":{"start":{"line":276,"column":0},"end":{"line":276,"column":35}},"276":{"start":{"line":277,"column":0},"end":{"line":277,"column":36}},"277":{"start":{"line":278,"column":0},"end":{"line":278,"column":28}},"278":{"start":{"line":279,"column":0},"end":{"line":279,"column":26}},"279":{"start":{"line":280,"column":0},"end":{"line":280,"column":7}},"280":{"start":{"line":281,"column":0},"end":{"line":281,"column":50}},"281":{"start":{"line":282,"column":0},"end":{"line":282,"column":13}},"282":{"start":{"line":283,"column":0},"end":{"line":283,"column":5}},"283":{"start":{"line":284,"column":0},"end":{"line":284,"column":51}},"284":{"start":{"line":285,"column":0},"end":{"line":285,"column":62}},"285":{"start":{"line":286,"column":0},"end":{"line":286,"column":18}},"286":{"start":{"line":287,"column":0},"end":{"line":287,"column":70}},"287":{"start":{"line":288,"column":0},"end":{"line":288,"column":13}},"288":{"start":{"line":289,"column":0},"end":{"line":289,"column":5}},"289":{"start":{"line":290,"column":0},"end":{"line":290,"column":78}},"290":{"start":{"line":291,"column":0},"end":{"line":291,"column":9}},"291":{"start":{"line":292,"column":0},"end":{"line":292,"column":27}},"292":{"start":{"line":293,"column":0},"end":{"line":293,"column":27}},"293":{"start":{"line":294,"column":0},"end":{"line":294,"column":15}},"294":{"start":{"line":295,"column":0},"end":{"line":295,"column":23}},"295":{"start":{"line":296,"column":0},"end":{"line":296,"column":19}},"296":{"start":{"line":297,"column":0},"end":{"line":297,"column":24}},"297":{"start":{"line":298,"column":0},"end":{"line":298,"column":22}},"298":{"start":{"line":299,"column":0},"end":{"line":299,"column":30}},"299":{"start":{"line":300,"column":0},"end":{"line":300,"column":42}},"300":{"start":{"line":301,"column":0},"end":{"line":301,"column":10}},"301":{"start":{"line":302,"column":0},"end":{"line":302,"column":9}},"302":{"start":{"line":303,"column":0},"end":{"line":303,"column":29}},"303":{"start":{"line":304,"column":0},"end":{"line":304,"column":21}},"304":{"start":{"line":305,"column":0},"end":{"line":305,"column":58}},"305":{"start":{"line":306,"column":0},"end":{"line":306,"column":5}},"306":{"start":{"line":307,"column":0},"end":{"line":307,"column":4}},"307":{"start":{"line":308,"column":0},"end":{"line":308,"column":0}},"308":{"start":{"line":309,"column":0},"end":{"line":309,"column":59}},"309":{"start":{"line":310,"column":0},"end":{"line":310,"column":47}},"310":{"start":{"line":311,"column":0},"end":{"line":311,"column":59}},"311":{"start":{"line":312,"column":0},"end":{"line":312,"column":8}},"312":{"start":{"line":313,"column":0},"end":{"line":313,"column":22}},"313":{"start":{"line":314,"column":0},"end":{"line":314,"column":35}},"314":{"start":{"line":315,"column":0},"end":{"line":315,"column":36}},"315":{"start":{"line":316,"column":0},"end":{"line":316,"column":28}},"316":{"start":{"line":317,"column":0},"end":{"line":317,"column":26}},"317":{"start":{"line":318,"column":0},"end":{"line":318,"column":7}},"318":{"start":{"line":319,"column":0},"end":{"line":319,"column":50}},"319":{"start":{"line":320,"column":0},"end":{"line":320,"column":19}},"320":{"start":{"line":321,"column":0},"end":{"line":321,"column":5}},"321":{"start":{"line":322,"column":0},"end":{"line":322,"column":0}},"322":{"start":{"line":323,"column":0},"end":{"line":323,"column":34}},"323":{"start":{"line":324,"column":0},"end":{"line":324,"column":77}},"324":{"start":{"line":325,"column":0},"end":{"line":325,"column":47}},"325":{"start":{"line":326,"column":0},"end":{"line":326,"column":30}},"326":{"start":{"line":327,"column":0},"end":{"line":327,"column":44}},"327":{"start":{"line":328,"column":0},"end":{"line":328,"column":53}},"328":{"start":{"line":329,"column":0},"end":{"line":329,"column":6}},"329":{"start":{"line":330,"column":0},"end":{"line":330,"column":0}},"330":{"start":{"line":331,"column":0},"end":{"line":331,"column":93}},"331":{"start":{"line":332,"column":0},"end":{"line":332,"column":64}},"332":{"start":{"line":333,"column":0},"end":{"line":333,"column":64}},"333":{"start":{"line":334,"column":0},"end":{"line":334,"column":66}},"334":{"start":{"line":335,"column":0},"end":{"line":335,"column":58}},"335":{"start":{"line":336,"column":0},"end":{"line":336,"column":76}},"336":{"start":{"line":337,"column":0},"end":{"line":337,"column":82}},"337":{"start":{"line":338,"column":0},"end":{"line":338,"column":23}},"338":{"start":{"line":339,"column":0},"end":{"line":339,"column":17}},"339":{"start":{"line":340,"column":0},"end":{"line":340,"column":0}},"340":{"start":{"line":341,"column":0},"end":{"line":341,"column":22}},"341":{"start":{"line":342,"column":0},"end":{"line":342,"column":51}},"342":{"start":{"line":343,"column":0},"end":{"line":343,"column":42}},"343":{"start":{"line":344,"column":0},"end":{"line":344,"column":41}},"344":{"start":{"line":345,"column":0},"end":{"line":345,"column":43}},"345":{"start":{"line":346,"column":0},"end":{"line":346,"column":50}},"346":{"start":{"line":347,"column":0},"end":{"line":347,"column":52}},"347":{"start":{"line":348,"column":0},"end":{"line":348,"column":21}},"348":{"start":{"line":349,"column":0},"end":{"line":349,"column":6}},"349":{"start":{"line":350,"column":0},"end":{"line":350,"column":47}},"350":{"start":{"line":351,"column":0},"end":{"line":351,"column":54}},"351":{"start":{"line":352,"column":0},"end":{"line":352,"column":64}},"352":{"start":{"line":353,"column":0},"end":{"line":353,"column":69}},"353":{"start":{"line":354,"column":0},"end":{"line":354,"column":20}},"354":{"start":{"line":355,"column":0},"end":{"line":355,"column":8}},"355":{"start":{"line":356,"column":0},"end":{"line":356,"column":6}},"356":{"start":{"line":357,"column":0},"end":{"line":357,"column":0}},"357":{"start":{"line":358,"column":0},"end":{"line":358,"column":28}},"358":{"start":{"line":359,"column":0},"end":{"line":359,"column":69}},"359":{"start":{"line":360,"column":0},"end":{"line":360,"column":0}},"360":{"start":{"line":361,"column":0},"end":{"line":361,"column":21}},"361":{"start":{"line":362,"column":0},"end":{"line":362,"column":22}},"362":{"start":{"line":363,"column":0},"end":{"line":363,"column":25}},"363":{"start":{"line":364,"column":0},"end":{"line":364,"column":28}},"364":{"start":{"line":365,"column":0},"end":{"line":365,"column":33}},"365":{"start":{"line":366,"column":0},"end":{"line":366,"column":44}},"366":{"start":{"line":367,"column":0},"end":{"line":367,"column":48}},"367":{"start":{"line":368,"column":0},"end":{"line":368,"column":53}},"368":{"start":{"line":369,"column":0},"end":{"line":369,"column":46}},"369":{"start":{"line":370,"column":0},"end":{"line":370,"column":40}},"370":{"start":{"line":371,"column":0},"end":{"line":371,"column":46}},"371":{"start":{"line":372,"column":0},"end":{"line":372,"column":37}},"372":{"start":{"line":373,"column":0},"end":{"line":373,"column":77}},"373":{"start":{"line":374,"column":0},"end":{"line":374,"column":6}},"374":{"start":{"line":375,"column":0},"end":{"line":375,"column":0}},"375":{"start":{"line":376,"column":0},"end":{"line":376,"column":9}},"376":{"start":{"line":377,"column":0},"end":{"line":377,"column":62}},"377":{"start":{"line":378,"column":0},"end":{"line":378,"column":23}},"378":{"start":{"line":379,"column":0},"end":{"line":379,"column":18}},"379":{"start":{"line":380,"column":0},"end":{"line":380,"column":45}},"380":{"start":{"line":381,"column":0},"end":{"line":381,"column":10}},"381":{"start":{"line":382,"column":0},"end":{"line":382,"column":38}},"382":{"start":{"line":383,"column":0},"end":{"line":383,"column":9}},"383":{"start":{"line":384,"column":0},"end":{"line":384,"column":25}},"384":{"start":{"line":385,"column":0},"end":{"line":385,"column":66}},"385":{"start":{"line":386,"column":0},"end":{"line":386,"column":82}},"386":{"start":{"line":387,"column":0},"end":{"line":387,"column":7}},"387":{"start":{"line":388,"column":0},"end":{"line":388,"column":41}},"388":{"start":{"line":389,"column":0},"end":{"line":389,"column":38}},"389":{"start":{"line":390,"column":0},"end":{"line":390,"column":49}},"390":{"start":{"line":391,"column":0},"end":{"line":391,"column":21}},"391":{"start":{"line":392,"column":0},"end":{"line":392,"column":41}},"392":{"start":{"line":393,"column":0},"end":{"line":393,"column":24}},"393":{"start":{"line":394,"column":0},"end":{"line":394,"column":31}},"394":{"start":{"line":395,"column":0},"end":{"line":395,"column":33}},"395":{"start":{"line":396,"column":0},"end":{"line":396,"column":34}},"396":{"start":{"line":397,"column":0},"end":{"line":397,"column":31}},"397":{"start":{"line":398,"column":0},"end":{"line":398,"column":18}},"398":{"start":{"line":399,"column":0},"end":{"line":399,"column":21}},"399":{"start":{"line":400,"column":0},"end":{"line":400,"column":61}},"400":{"start":{"line":401,"column":0},"end":{"line":401,"column":53}},"401":{"start":{"line":402,"column":0},"end":{"line":402,"column":18}},"402":{"start":{"line":403,"column":0},"end":{"line":403,"column":5}},"403":{"start":{"line":404,"column":0},"end":{"line":404,"column":4}},"404":{"start":{"line":405,"column":0},"end":{"line":405,"column":0}},"405":{"start":{"line":406,"column":0},"end":{"line":406,"column":40}},"406":{"start":{"line":407,"column":0},"end":{"line":407,"column":0}},"407":{"start":{"line":408,"column":0},"end":{"line":408,"column":43}},"408":{"start":{"line":409,"column":0},"end":{"line":409,"column":0}},"409":{"start":{"line":410,"column":0},"end":{"line":410,"column":36}},"410":{"start":{"line":411,"column":0},"end":{"line":411,"column":0}},"411":{"start":{"line":412,"column":0},"end":{"line":412,"column":41}},"412":{"start":{"line":413,"column":0},"end":{"line":413,"column":32}},"413":{"start":{"line":414,"column":0},"end":{"line":414,"column":4}},"414":{"start":{"line":415,"column":0},"end":{"line":415,"column":0}},"415":{"start":{"line":416,"column":0},"end":{"line":416,"column":34}},"416":{"start":{"line":417,"column":0},"end":{"line":417,"column":32}},"417":{"start":{"line":418,"column":0},"end":{"line":418,"column":4}},"418":{"start":{"line":419,"column":0},"end":{"line":419,"column":0}},"419":{"start":{"line":420,"column":0},"end":{"line":420,"column":38}},"420":{"start":{"line":421,"column":0},"end":{"line":421,"column":29}},"421":{"start":{"line":422,"column":0},"end":{"line":422,"column":4}},"422":{"start":{"line":423,"column":0},"end":{"line":423,"column":0}},"423":{"start":{"line":424,"column":0},"end":{"line":424,"column":48}},"424":{"start":{"line":425,"column":0},"end":{"line":425,"column":30}},"425":{"start":{"line":426,"column":0},"end":{"line":426,"column":4}},"426":{"start":{"line":427,"column":0},"end":{"line":427,"column":0}},"427":{"start":{"line":428,"column":0},"end":{"line":428,"column":41}},"428":{"start":{"line":429,"column":0},"end":{"line":429,"column":30}},"429":{"start":{"line":430,"column":0},"end":{"line":430,"column":4}},"430":{"start":{"line":431,"column":0},"end":{"line":431,"column":0}},"431":{"start":{"line":432,"column":0},"end":{"line":432,"column":34}},"432":{"start":{"line":433,"column":0},"end":{"line":433,"column":30}},"433":{"start":{"line":434,"column":0},"end":{"line":434,"column":4}},"434":{"start":{"line":435,"column":0},"end":{"line":435,"column":0}},"435":{"start":{"line":436,"column":0},"end":{"line":436,"column":10}},"436":{"start":{"line":437,"column":0},"end":{"line":437,"column":62}},"437":{"start":{"line":438,"column":0},"end":{"line":438,"column":41}},"438":{"start":{"line":439,"column":0},"end":{"line":439,"column":28}},"439":{"start":{"line":440,"column":0},"end":{"line":440,"column":19}},"440":{"start":{"line":441,"column":0},"end":{"line":441,"column":27}},"441":{"start":{"line":442,"column":0},"end":{"line":442,"column":64}},"442":{"start":{"line":443,"column":0},"end":{"line":443,"column":110}},"443":{"start":{"line":444,"column":0},"end":{"line":444,"column":13}},"444":{"start":{"line":445,"column":0},"end":{"line":445,"column":33}},"445":{"start":{"line":446,"column":0},"end":{"line":446,"column":21}},"446":{"start":{"line":447,"column":0},"end":{"line":447,"column":14}},"447":{"start":{"line":448,"column":0},"end":{"line":448,"column":0}},"448":{"start":{"line":449,"column":0},"end":{"line":449,"column":30}},"449":{"start":{"line":450,"column":0},"end":{"line":450,"column":30}},"450":{"start":{"line":451,"column":0},"end":{"line":451,"column":13}},"451":{"start":{"line":452,"column":0},"end":{"line":452,"column":86}},"452":{"start":{"line":453,"column":0},"end":{"line":453,"column":11}},"453":{"start":{"line":454,"column":0},"end":{"line":454,"column":27}},"454":{"start":{"line":455,"column":0},"end":{"line":455,"column":15}},"455":{"start":{"line":456,"column":0},"end":{"line":456,"column":72}},"456":{"start":{"line":457,"column":0},"end":{"line":457,"column":68}},"457":{"start":{"line":458,"column":0},"end":{"line":458,"column":14}},"458":{"start":{"line":459,"column":0},"end":{"line":459,"column":75}},"459":{"start":{"line":460,"column":0},"end":{"line":460,"column":96}},"460":{"start":{"line":461,"column":0},"end":{"line":461,"column":14}},"461":{"start":{"line":462,"column":0},"end":{"line":462,"column":14}},"462":{"start":{"line":463,"column":0},"end":{"line":463,"column":0}},"463":{"start":{"line":464,"column":0},"end":{"line":464,"column":36}},"464":{"start":{"line":465,"column":0},"end":{"line":465,"column":30}},"465":{"start":{"line":466,"column":0},"end":{"line":466,"column":13}},"466":{"start":{"line":467,"column":0},"end":{"line":467,"column":86}},"467":{"start":{"line":468,"column":0},"end":{"line":468,"column":11}},"468":{"start":{"line":469,"column":0},"end":{"line":469,"column":24}},"469":{"start":{"line":470,"column":0},"end":{"line":470,"column":15}},"470":{"start":{"line":471,"column":0},"end":{"line":471,"column":37}},"471":{"start":{"line":472,"column":0},"end":{"line":472,"column":17}},"472":{"start":{"line":473,"column":0},"end":{"line":473,"column":20}},"473":{"start":{"line":474,"column":0},"end":{"line":474,"column":35}},"474":{"start":{"line":475,"column":0},"end":{"line":475,"column":95}},"475":{"start":{"line":476,"column":0},"end":{"line":476,"column":15}},"476":{"start":{"line":477,"column":0},"end":{"line":477,"column":66}},"477":{"start":{"line":478,"column":0},"end":{"line":478,"column":22}},"478":{"start":{"line":479,"column":0},"end":{"line":479,"column":20}},"479":{"start":{"line":480,"column":0},"end":{"line":480,"column":27}},"480":{"start":{"line":481,"column":0},"end":{"line":481,"column":30}},"481":{"start":{"line":482,"column":0},"end":{"line":482,"column":28}},"482":{"start":{"line":483,"column":0},"end":{"line":483,"column":38}},"483":{"start":{"line":484,"column":0},"end":{"line":484,"column":44}},"484":{"start":{"line":485,"column":0},"end":{"line":485,"column":157}},"485":{"start":{"line":486,"column":0},"end":{"line":486,"column":55}},"486":{"start":{"line":487,"column":0},"end":{"line":487,"column":16}},"487":{"start":{"line":488,"column":0},"end":{"line":488,"column":18}},"488":{"start":{"line":489,"column":0},"end":{"line":489,"column":17}},"489":{"start":{"line":490,"column":0},"end":{"line":490,"column":20}},"490":{"start":{"line":491,"column":0},"end":{"line":491,"column":41}},"491":{"start":{"line":492,"column":0},"end":{"line":492,"column":95}},"492":{"start":{"line":493,"column":0},"end":{"line":493,"column":15}},"493":{"start":{"line":494,"column":0},"end":{"line":494,"column":43}},"494":{"start":{"line":495,"column":0},"end":{"line":495,"column":22}},"495":{"start":{"line":496,"column":0},"end":{"line":496,"column":23}},"496":{"start":{"line":497,"column":0},"end":{"line":497,"column":36}},"497":{"start":{"line":498,"column":0},"end":{"line":498,"column":34}},"498":{"start":{"line":499,"column":0},"end":{"line":499,"column":44}},"499":{"start":{"line":500,"column":0},"end":{"line":500,"column":44}},"500":{"start":{"line":501,"column":0},"end":{"line":501,"column":24}},"501":{"start":{"line":502,"column":0},"end":{"line":502,"column":169}},"502":{"start":{"line":503,"column":0},"end":{"line":503,"column":76}},"503":{"start":{"line":504,"column":0},"end":{"line":504,"column":16}},"504":{"start":{"line":505,"column":0},"end":{"line":505,"column":79}},"505":{"start":{"line":506,"column":0},"end":{"line":506,"column":68}},"506":{"start":{"line":507,"column":0},"end":{"line":507,"column":18}},"507":{"start":{"line":508,"column":0},"end":{"line":508,"column":18}},"508":{"start":{"line":509,"column":0},"end":{"line":509,"column":16}},"509":{"start":{"line":510,"column":0},"end":{"line":510,"column":14}},"510":{"start":{"line":511,"column":0},"end":{"line":511,"column":0}},"511":{"start":{"line":512,"column":0},"end":{"line":512,"column":39}},"512":{"start":{"line":513,"column":0},"end":{"line":513,"column":30}},"513":{"start":{"line":514,"column":0},"end":{"line":514,"column":70}},"514":{"start":{"line":515,"column":0},"end":{"line":515,"column":38}},"515":{"start":{"line":516,"column":0},"end":{"line":516,"column":17}},"516":{"start":{"line":517,"column":0},"end":{"line":517,"column":20}},"517":{"start":{"line":518,"column":0},"end":{"line":518,"column":42}},"518":{"start":{"line":519,"column":0},"end":{"line":519,"column":95}},"519":{"start":{"line":520,"column":0},"end":{"line":520,"column":15}},"520":{"start":{"line":521,"column":0},"end":{"line":521,"column":74}},"521":{"start":{"line":522,"column":0},"end":{"line":522,"column":22}},"522":{"start":{"line":523,"column":0},"end":{"line":523,"column":20}},"523":{"start":{"line":524,"column":0},"end":{"line":524,"column":29}},"524":{"start":{"line":525,"column":0},"end":{"line":525,"column":37}},"525":{"start":{"line":526,"column":0},"end":{"line":526,"column":39}},"526":{"start":{"line":527,"column":0},"end":{"line":527,"column":49}},"527":{"start":{"line":528,"column":0},"end":{"line":528,"column":44}},"528":{"start":{"line":529,"column":0},"end":{"line":529,"column":157}},"529":{"start":{"line":530,"column":0},"end":{"line":530,"column":42}},"530":{"start":{"line":531,"column":0},"end":{"line":531,"column":16}},"531":{"start":{"line":532,"column":0},"end":{"line":532,"column":18}},"532":{"start":{"line":533,"column":0},"end":{"line":533,"column":0}},"533":{"start":{"line":534,"column":0},"end":{"line":534,"column":39}},"534":{"start":{"line":535,"column":0},"end":{"line":535,"column":17}},"535":{"start":{"line":536,"column":0},"end":{"line":536,"column":20}},"536":{"start":{"line":537,"column":0},"end":{"line":537,"column":43}},"537":{"start":{"line":538,"column":0},"end":{"line":538,"column":95}},"538":{"start":{"line":539,"column":0},"end":{"line":539,"column":15}},"539":{"start":{"line":540,"column":0},"end":{"line":540,"column":75}},"540":{"start":{"line":541,"column":0},"end":{"line":541,"column":22}},"541":{"start":{"line":542,"column":0},"end":{"line":542,"column":20}},"542":{"start":{"line":543,"column":0},"end":{"line":543,"column":29}},"543":{"start":{"line":544,"column":0},"end":{"line":544,"column":38}},"544":{"start":{"line":545,"column":0},"end":{"line":545,"column":40}},"545":{"start":{"line":546,"column":0},"end":{"line":546,"column":50}},"546":{"start":{"line":547,"column":0},"end":{"line":547,"column":44}},"547":{"start":{"line":548,"column":0},"end":{"line":548,"column":157}},"548":{"start":{"line":549,"column":0},"end":{"line":549,"column":42}},"549":{"start":{"line":550,"column":0},"end":{"line":550,"column":16}},"550":{"start":{"line":551,"column":0},"end":{"line":551,"column":18}},"551":{"start":{"line":552,"column":0},"end":{"line":552,"column":0}},"552":{"start":{"line":553,"column":0},"end":{"line":553,"column":30}},"553":{"start":{"line":554,"column":0},"end":{"line":554,"column":17}},"554":{"start":{"line":555,"column":0},"end":{"line":555,"column":20}},"555":{"start":{"line":556,"column":0},"end":{"line":556,"column":35}},"556":{"start":{"line":557,"column":0},"end":{"line":557,"column":95}},"557":{"start":{"line":558,"column":0},"end":{"line":558,"column":15}},"558":{"start":{"line":559,"column":0},"end":{"line":559,"column":66}},"559":{"start":{"line":560,"column":0},"end":{"line":560,"column":22}},"560":{"start":{"line":561,"column":0},"end":{"line":561,"column":20}},"561":{"start":{"line":562,"column":0},"end":{"line":562,"column":27}},"562":{"start":{"line":563,"column":0},"end":{"line":563,"column":30}},"563":{"start":{"line":564,"column":0},"end":{"line":564,"column":32}},"564":{"start":{"line":565,"column":0},"end":{"line":565,"column":42}},"565":{"start":{"line":566,"column":0},"end":{"line":566,"column":44}},"566":{"start":{"line":567,"column":0},"end":{"line":567,"column":157}},"567":{"start":{"line":568,"column":0},"end":{"line":568,"column":42}},"568":{"start":{"line":569,"column":0},"end":{"line":569,"column":16}},"569":{"start":{"line":570,"column":0},"end":{"line":570,"column":18}},"570":{"start":{"line":571,"column":0},"end":{"line":571,"column":16}},"571":{"start":{"line":572,"column":0},"end":{"line":572,"column":0}},"572":{"start":{"line":573,"column":0},"end":{"line":573,"column":28}},"573":{"start":{"line":574,"column":0},"end":{"line":574,"column":65}},"574":{"start":{"line":575,"column":0},"end":{"line":575,"column":17}},"575":{"start":{"line":576,"column":0},"end":{"line":576,"column":20}},"576":{"start":{"line":577,"column":0},"end":{"line":577,"column":36}},"577":{"start":{"line":578,"column":0},"end":{"line":578,"column":95}},"578":{"start":{"line":579,"column":0},"end":{"line":579,"column":15}},"579":{"start":{"line":580,"column":0},"end":{"line":580,"column":66}},"580":{"start":{"line":581,"column":0},"end":{"line":581,"column":22}},"581":{"start":{"line":582,"column":0},"end":{"line":582,"column":21}},"582":{"start":{"line":583,"column":0},"end":{"line":583,"column":31}},"583":{"start":{"line":584,"column":0},"end":{"line":584,"column":33}},"584":{"start":{"line":585,"column":0},"end":{"line":585,"column":43}},"585":{"start":{"line":586,"column":0},"end":{"line":586,"column":44}},"586":{"start":{"line":587,"column":0},"end":{"line":587,"column":157}},"587":{"start":{"line":588,"column":0},"end":{"line":588,"column":15}},"588":{"start":{"line":589,"column":0},"end":{"line":589,"column":59}},"589":{"start":{"line":590,"column":0},"end":{"line":590,"column":50}},"590":{"start":{"line":591,"column":0},"end":{"line":591,"column":54}},"591":{"start":{"line":592,"column":0},"end":{"line":592,"column":50}},"592":{"start":{"line":593,"column":0},"end":{"line":593,"column":23}},"593":{"start":{"line":594,"column":0},"end":{"line":594,"column":17}},"594":{"start":{"line":595,"column":0},"end":{"line":595,"column":16}},"595":{"start":{"line":596,"column":0},"end":{"line":596,"column":14}},"596":{"start":{"line":597,"column":0},"end":{"line":597,"column":0}},"597":{"start":{"line":598,"column":0},"end":{"line":598,"column":43}},"598":{"start":{"line":599,"column":0},"end":{"line":599,"column":30}},"599":{"start":{"line":600,"column":0},"end":{"line":600,"column":13}},"600":{"start":{"line":601,"column":0},"end":{"line":601,"column":86}},"601":{"start":{"line":602,"column":0},"end":{"line":602,"column":11}},"602":{"start":{"line":603,"column":0},"end":{"line":603,"column":31}},"603":{"start":{"line":604,"column":0},"end":{"line":604,"column":15}},"604":{"start":{"line":605,"column":0},"end":{"line":605,"column":15}},"605":{"start":{"line":606,"column":0},"end":{"line":606,"column":18}},"606":{"start":{"line":607,"column":0},"end":{"line":607,"column":93}},"607":{"start":{"line":608,"column":0},"end":{"line":608,"column":13}},"608":{"start":{"line":609,"column":0},"end":{"line":609,"column":40}},"609":{"start":{"line":610,"column":0},"end":{"line":610,"column":20}},"610":{"start":{"line":611,"column":0},"end":{"line":611,"column":77}},"611":{"start":{"line":612,"column":0},"end":{"line":612,"column":116}},"612":{"start":{"line":613,"column":0},"end":{"line":613,"column":16}},"613":{"start":{"line":614,"column":0},"end":{"line":614,"column":49}},"614":{"start":{"line":615,"column":0},"end":{"line":615,"column":63}},"615":{"start":{"line":616,"column":0},"end":{"line":616,"column":22}},"616":{"start":{"line":617,"column":0},"end":{"line":617,"column":29}},"617":{"start":{"line":618,"column":0},"end":{"line":618,"column":36}},"618":{"start":{"line":619,"column":0},"end":{"line":619,"column":51}},"619":{"start":{"line":620,"column":0},"end":{"line":620,"column":37}},"620":{"start":{"line":621,"column":0},"end":{"line":621,"column":44}},"621":{"start":{"line":622,"column":0},"end":{"line":622,"column":41}},"622":{"start":{"line":623,"column":0},"end":{"line":623,"column":39}},"623":{"start":{"line":624,"column":0},"end":{"line":624,"column":21}},"624":{"start":{"line":625,"column":0},"end":{"line":625,"column":20}},"625":{"start":{"line":626,"column":0},"end":{"line":626,"column":159}},"626":{"start":{"line":627,"column":0},"end":{"line":627,"column":50}},"627":{"start":{"line":628,"column":0},"end":{"line":628,"column":18}},"628":{"start":{"line":629,"column":0},"end":{"line":629,"column":23}},"629":{"start":{"line":630,"column":0},"end":{"line":630,"column":31}},"630":{"start":{"line":631,"column":0},"end":{"line":631,"column":42}},"631":{"start":{"line":632,"column":0},"end":{"line":632,"column":47}},"632":{"start":{"line":633,"column":0},"end":{"line":633,"column":200}},"633":{"start":{"line":634,"column":0},"end":{"line":634,"column":26}},"634":{"start":{"line":635,"column":0},"end":{"line":635,"column":78}},"635":{"start":{"line":636,"column":0},"end":{"line":636,"column":20}},"636":{"start":{"line":637,"column":0},"end":{"line":637,"column":17}},"637":{"start":{"line":638,"column":0},"end":{"line":638,"column":27}},"638":{"start":{"line":639,"column":0},"end":{"line":639,"column":25}},"639":{"start":{"line":640,"column":0},"end":{"line":640,"column":20}},"640":{"start":{"line":641,"column":0},"end":{"line":641,"column":97}},"641":{"start":{"line":642,"column":0},"end":{"line":642,"column":55}},"642":{"start":{"line":643,"column":0},"end":{"line":643,"column":78}},"643":{"start":{"line":644,"column":0},"end":{"line":644,"column":95}},"644":{"start":{"line":645,"column":0},"end":{"line":645,"column":22}},"645":{"start":{"line":646,"column":0},"end":{"line":646,"column":21}},"646":{"start":{"line":647,"column":0},"end":{"line":647,"column":44}},"647":{"start":{"line":648,"column":0},"end":{"line":648,"column":59}},"648":{"start":{"line":649,"column":0},"end":{"line":649,"column":25}},"649":{"start":{"line":650,"column":0},"end":{"line":650,"column":35}},"650":{"start":{"line":651,"column":0},"end":{"line":651,"column":109}},"651":{"start":{"line":652,"column":0},"end":{"line":652,"column":23}},"652":{"start":{"line":653,"column":0},"end":{"line":653,"column":101}},"653":{"start":{"line":654,"column":0},"end":{"line":654,"column":31}},"654":{"start":{"line":655,"column":0},"end":{"line":655,"column":39}},"655":{"start":{"line":656,"column":0},"end":{"line":656,"column":44}},"656":{"start":{"line":657,"column":0},"end":{"line":657,"column":91}},"657":{"start":{"line":658,"column":0},"end":{"line":658,"column":25}},"658":{"start":{"line":659,"column":0},"end":{"line":659,"column":32}},"659":{"start":{"line":660,"column":0},"end":{"line":660,"column":33}},"660":{"start":{"line":661,"column":0},"end":{"line":661,"column":27}},"661":{"start":{"line":662,"column":0},"end":{"line":662,"column":23}},"662":{"start":{"line":663,"column":0},"end":{"line":663,"column":23}},"663":{"start":{"line":664,"column":0},"end":{"line":664,"column":18}},"664":{"start":{"line":665,"column":0},"end":{"line":665,"column":20}},"665":{"start":{"line":666,"column":0},"end":{"line":666,"column":18}},"666":{"start":{"line":667,"column":0},"end":{"line":667,"column":16}},"667":{"start":{"line":668,"column":0},"end":{"line":668,"column":14}},"668":{"start":{"line":669,"column":0},"end":{"line":669,"column":0}},"669":{"start":{"line":670,"column":0},"end":{"line":670,"column":30}},"670":{"start":{"line":671,"column":0},"end":{"line":671,"column":75}},"671":{"start":{"line":672,"column":0},"end":{"line":672,"column":48}},"672":{"start":{"line":673,"column":0},"end":{"line":673,"column":19}},"673":{"start":{"line":674,"column":0},"end":{"line":674,"column":27}},"674":{"start":{"line":675,"column":0},"end":{"line":675,"column":32}},"675":{"start":{"line":676,"column":0},"end":{"line":676,"column":151}},"676":{"start":{"line":677,"column":0},"end":{"line":677,"column":13}},"677":{"start":{"line":678,"column":0},"end":{"line":678,"column":23}},"678":{"start":{"line":679,"column":0},"end":{"line":679,"column":21}},"679":{"start":{"line":680,"column":0},"end":{"line":680,"column":19}},"680":{"start":{"line":681,"column":0},"end":{"line":681,"column":27}},"681":{"start":{"line":682,"column":0},"end":{"line":682,"column":32}},"682":{"start":{"line":683,"column":0},"end":{"line":683,"column":143}},"683":{"start":{"line":684,"column":0},"end":{"line":684,"column":13}},"684":{"start":{"line":685,"column":0},"end":{"line":685,"column":25}},"685":{"start":{"line":686,"column":0},"end":{"line":686,"column":21}},"686":{"start":{"line":687,"column":0},"end":{"line":687,"column":16}},"687":{"start":{"line":688,"column":0},"end":{"line":688,"column":0}},"688":{"start":{"line":689,"column":0},"end":{"line":689,"column":60}},"689":{"start":{"line":690,"column":0},"end":{"line":690,"column":19}},"690":{"start":{"line":691,"column":0},"end":{"line":691,"column":32}},"691":{"start":{"line":692,"column":0},"end":{"line":692,"column":156}},"692":{"start":{"line":693,"column":0},"end":{"line":693,"column":22}},"693":{"start":{"line":694,"column":0},"end":{"line":694,"column":74}},"694":{"start":{"line":695,"column":0},"end":{"line":695,"column":16}},"695":{"start":{"line":696,"column":0},"end":{"line":696,"column":13}},"696":{"start":{"line":697,"column":0},"end":{"line":697,"column":18}},"697":{"start":{"line":698,"column":0},"end":{"line":698,"column":26}},"698":{"start":{"line":699,"column":0},"end":{"line":699,"column":27}},"699":{"start":{"line":700,"column":0},"end":{"line":700,"column":35}},"700":{"start":{"line":701,"column":0},"end":{"line":701,"column":27}},"701":{"start":{"line":702,"column":0},"end":{"line":702,"column":50}},"702":{"start":{"line":703,"column":0},"end":{"line":703,"column":15}},"703":{"start":{"line":704,"column":0},"end":{"line":704,"column":21}},"704":{"start":{"line":705,"column":0},"end":{"line":705,"column":69}},"705":{"start":{"line":706,"column":0},"end":{"line":706,"column":30}},"706":{"start":{"line":707,"column":0},"end":{"line":707,"column":18}},"707":{"start":{"line":708,"column":0},"end":{"line":708,"column":20}},"708":{"start":{"line":709,"column":0},"end":{"line":709,"column":26}},"709":{"start":{"line":710,"column":0},"end":{"line":710,"column":21}},"710":{"start":{"line":711,"column":0},"end":{"line":711,"column":0}},"711":{"start":{"line":712,"column":0},"end":{"line":712,"column":19}},"712":{"start":{"line":713,"column":0},"end":{"line":713,"column":32}},"713":{"start":{"line":714,"column":0},"end":{"line":714,"column":132}},"714":{"start":{"line":715,"column":0},"end":{"line":715,"column":22}},"715":{"start":{"line":716,"column":0},"end":{"line":716,"column":74}},"716":{"start":{"line":717,"column":0},"end":{"line":717,"column":16}},"717":{"start":{"line":718,"column":0},"end":{"line":718,"column":13}},"718":{"start":{"line":719,"column":0},"end":{"line":719,"column":63}},"719":{"start":{"line":720,"column":0},"end":{"line":720,"column":21}},"720":{"start":{"line":721,"column":0},"end":{"line":721,"column":16}},"721":{"start":{"line":722,"column":0},"end":{"line":722,"column":14}},"722":{"start":{"line":723,"column":0},"end":{"line":723,"column":12}},"723":{"start":{"line":724,"column":0},"end":{"line":724,"column":0}},"724":{"start":{"line":725,"column":0},"end":{"line":725,"column":22}},"725":{"start":{"line":726,"column":0},"end":{"line":726,"column":12}},"726":{"start":{"line":727,"column":0},"end":{"line":727,"column":129}},"727":{"start":{"line":728,"column":0},"end":{"line":728,"column":9}},"728":{"start":{"line":729,"column":0},"end":{"line":729,"column":22}},"729":{"start":{"line":730,"column":0},"end":{"line":730,"column":14}},"730":{"start":{"line":731,"column":0},"end":{"line":731,"column":8}},"731":{"start":{"line":732,"column":0},"end":{"line":732,"column":0}},"732":{"start":{"line":733,"column":0},"end":{"line":733,"column":29}},"733":{"start":{"line":734,"column":0},"end":{"line":734,"column":92}},"734":{"start":{"line":735,"column":0},"end":{"line":735,"column":77}},"735":{"start":{"line":736,"column":0},"end":{"line":736,"column":92}},"736":{"start":{"line":737,"column":0},"end":{"line":737,"column":29}},"737":{"start":{"line":738,"column":0},"end":{"line":738,"column":15}},"738":{"start":{"line":739,"column":0},"end":{"line":739,"column":75}},"739":{"start":{"line":740,"column":0},"end":{"line":740,"column":113}},"740":{"start":{"line":741,"column":0},"end":{"line":741,"column":14}},"741":{"start":{"line":742,"column":0},"end":{"line":742,"column":50}},"742":{"start":{"line":743,"column":0},"end":{"line":743,"column":19}},"743":{"start":{"line":744,"column":0},"end":{"line":744,"column":27}},"744":{"start":{"line":745,"column":0},"end":{"line":745,"column":40}},"745":{"start":{"line":746,"column":0},"end":{"line":746,"column":138}},"746":{"start":{"line":747,"column":0},"end":{"line":747,"column":13}},"747":{"start":{"line":748,"column":0},"end":{"line":748,"column":20}},"748":{"start":{"line":749,"column":0},"end":{"line":749,"column":21}},"749":{"start":{"line":750,"column":0},"end":{"line":750,"column":19}},"750":{"start":{"line":751,"column":0},"end":{"line":751,"column":27}},"751":{"start":{"line":752,"column":0},"end":{"line":752,"column":41}},"752":{"start":{"line":753,"column":0},"end":{"line":753,"column":104}},"753":{"start":{"line":754,"column":0},"end":{"line":754,"column":22}},"754":{"start":{"line":755,"column":0},"end":{"line":755,"column":74}},"755":{"start":{"line":756,"column":0},"end":{"line":756,"column":16}},"756":{"start":{"line":757,"column":0},"end":{"line":757,"column":13}},"757":{"start":{"line":758,"column":0},"end":{"line":758,"column":20}},"758":{"start":{"line":759,"column":0},"end":{"line":759,"column":21}},"759":{"start":{"line":760,"column":0},"end":{"line":760,"column":16}},"760":{"start":{"line":761,"column":0},"end":{"line":761,"column":14}},"761":{"start":{"line":762,"column":0},"end":{"line":762,"column":12}},"762":{"start":{"line":763,"column":0},"end":{"line":763,"column":8}},"763":{"start":{"line":764,"column":0},"end":{"line":764,"column":0}},"764":{"start":{"line":765,"column":0},"end":{"line":765,"column":27}},"765":{"start":{"line":766,"column":0},"end":{"line":766,"column":94}},"766":{"start":{"line":767,"column":0},"end":{"line":767,"column":88}},"767":{"start":{"line":768,"column":0},"end":{"line":768,"column":19}},"768":{"start":{"line":769,"column":0},"end":{"line":769,"column":27}},"769":{"start":{"line":770,"column":0},"end":{"line":770,"column":40}},"770":{"start":{"line":771,"column":0},"end":{"line":771,"column":82}},"771":{"start":{"line":772,"column":0},"end":{"line":772,"column":39}},"772":{"start":{"line":773,"column":0},"end":{"line":773,"column":13}},"773":{"start":{"line":774,"column":0},"end":{"line":774,"column":15}},"774":{"start":{"line":775,"column":0},"end":{"line":775,"column":21}},"775":{"start":{"line":776,"column":0},"end":{"line":776,"column":94}},"776":{"start":{"line":777,"column":0},"end":{"line":777,"column":35}},"777":{"start":{"line":778,"column":0},"end":{"line":778,"column":17}},"778":{"start":{"line":779,"column":0},"end":{"line":779,"column":77}},"779":{"start":{"line":780,"column":0},"end":{"line":780,"column":89}},"780":{"start":{"line":781,"column":0},"end":{"line":781,"column":16}},"781":{"start":{"line":782,"column":0},"end":{"line":782,"column":62}},"782":{"start":{"line":783,"column":0},"end":{"line":783,"column":21}},"783":{"start":{"line":784,"column":0},"end":{"line":784,"column":29}},"784":{"start":{"line":785,"column":0},"end":{"line":785,"column":43}},"785":{"start":{"line":786,"column":0},"end":{"line":786,"column":106}},"786":{"start":{"line":787,"column":0},"end":{"line":787,"column":24}},"787":{"start":{"line":788,"column":0},"end":{"line":788,"column":76}},"788":{"start":{"line":789,"column":0},"end":{"line":789,"column":18}},"789":{"start":{"line":790,"column":0},"end":{"line":790,"column":15}},"790":{"start":{"line":791,"column":0},"end":{"line":791,"column":27}},"791":{"start":{"line":792,"column":0},"end":{"line":792,"column":23}},"792":{"start":{"line":793,"column":0},"end":{"line":793,"column":21}},"793":{"start":{"line":794,"column":0},"end":{"line":794,"column":29}},"794":{"start":{"line":795,"column":0},"end":{"line":795,"column":50}},"795":{"start":{"line":796,"column":0},"end":{"line":796,"column":140}},"796":{"start":{"line":797,"column":0},"end":{"line":797,"column":15}},"797":{"start":{"line":798,"column":0},"end":{"line":798,"column":36}},"798":{"start":{"line":799,"column":0},"end":{"line":799,"column":23}},"799":{"start":{"line":800,"column":0},"end":{"line":800,"column":18}},"800":{"start":{"line":801,"column":0},"end":{"line":801,"column":16}},"801":{"start":{"line":802,"column":0},"end":{"line":802,"column":14}},"802":{"start":{"line":803,"column":0},"end":{"line":803,"column":6}},"803":{"start":{"line":804,"column":0},"end":{"line":804,"column":8}},"804":{"start":{"line":805,"column":0},"end":{"line":805,"column":4}},"805":{"start":{"line":806,"column":0},"end":{"line":806,"column":1}}},"s":{"0":1,"1":1,"2":1,"3":1,"4":1,"5":1,"6":1,"7":1,"8":1,"9":1,"10":1,"11":1,"12":1,"13":1,"14":1,"15":1,"16":1,"17":1,"18":1,"19":52,"20":52,"21":52,"22":52,"23":52,"24":52,"25":52,"26":52,"27":52,"28":52,"29":52,"30":52,"31":52,"32":52,"33":52,"34":52,"35":52,"36":52,"37":52,"38":52,"39":52,"40":52,"41":52,"42":52,"43":4,"44":4,"45":4,"46":4,"47":4,"48":1,"49":1,"50":4,"51":4,"52":4,"53":1,"54":4,"55":4,"56":1,"57":1,"58":1,"59":1,"60":1,"61":1,"62":1,"63":1,"64":1,"65":1,"66":1,"67":1,"68":1,"69":1,"70":1,"71":1,"72":1,"73":1,"74":0,"75":1,"76":1,"77":4,"78":4,"79":4,"80":4,"81":4,"82":4,"83":4,"84":3,"85":3,"86":52,"87":52,"88":52,"89":8,"90":8,"91":8,"92":8,"93":8,"94":0,"95":0,"96":0,"97":8,"98":8,"99":6,"100":6,"101":6,"102":2,"103":8,"104":0,"105":0,"106":0,"107":8,"108":8,"109":8,"110":2,"111":2,"112":2,"113":2,"114":2,"115":2,"116":2,"117":2,"118":2,"119":8,"120":8,"121":8,"122":8,"123":8,"124":8,"125":2,"126":8,"127":0,"128":0,"129":8,"130":0,"131":0,"132":0,"133":2,"134":52,"135":52,"136":52,"137":8,"138":8,"139":0,"140":0,"141":8,"142":52,"143":52,"144":52,"145":8,"146":8,"147":8,"148":8,"149":1,"150":8,"151":1,"152":1,"153":8,"154":1,"155":1,"156":8,"157":1,"158":1,"159":8,"160":0,"161":0,"162":52,"163":52,"164":52,"165":40,"166":5,"167":40,"168":5,"169":5,"170":5,"171":5,"172":5,"173":5,"174":5,"175":5,"176":5,"177":5,"178":5,"179":5,"180":5,"181":5,"182":5,"183":5,"184":40,"185":0,"186":0,"187":52,"188":52,"189":52,"190":10,"191":10,"192":2,"193":52,"194":52,"195":52,"196":26,"197":26,"198":26,"199":26,"200":26,"201":52,"202":52,"203":52,"204":12,"205":52,"206":52,"207":52,"208":2,"209":2,"210":0,"211":0,"212":0,"213":2,"214":2,"215":2,"216":2,"217":2,"218":52,"219":52,"220":52,"221":0,"222":0,"223":0,"224":0,"225":52,"226":52,"227":52,"228":0,"229":0,"230":0,"231":0,"232":0,"233":0,"234":0,"235":0,"236":52,"237":52,"238":52,"239":0,"240":0,"241":0,"242":0,"243":0,"244":0,"245":0,"246":0,"247":52,"248":52,"249":52,"250":0,"251":0,"252":0,"253":0,"254":0,"255":52,"256":52,"257":52,"258":0,"259":0,"260":0,"261":0,"262":0,"263":0,"264":0,"265":0,"266":0,"267":52,"268":52,"269":52,"270":0,"271":0,"272":0,"273":0,"274":0,"275":0,"276":0,"277":0,"278":0,"279":0,"280":0,"281":0,"282":0,"283":0,"284":0,"285":0,"286":0,"287":0,"288":0,"289":0,"290":0,"291":0,"292":0,"293":0,"294":0,"295":0,"296":0,"297":0,"298":0,"299":0,"300":0,"301":0,"302":0,"303":0,"304":0,"305":0,"306":52,"307":52,"308":52,"309":0,"310":0,"311":0,"312":0,"313":0,"314":0,"315":0,"316":0,"317":0,"318":0,"319":0,"320":0,"321":0,"322":0,"323":0,"324":0,"325":0,"326":0,"327":0,"328":0,"329":0,"330":0,"331":0,"332":0,"333":0,"334":0,"335":0,"336":0,"337":0,"338":0,"339":0,"340":0,"341":0,"342":0,"343":0,"344":0,"345":0,"346":0,"347":0,"348":0,"349":0,"350":0,"351":0,"352":0,"353":0,"354":0,"355":0,"356":0,"357":0,"358":0,"359":0,"360":0,"361":0,"362":0,"363":0,"364":0,"365":0,"366":0,"367":0,"368":0,"369":0,"370":0,"371":0,"372":0,"373":0,"374":0,"375":0,"376":0,"377":0,"378":0,"379":0,"380":0,"381":0,"382":0,"383":0,"384":0,"385":0,"386":0,"387":0,"388":0,"389":0,"390":0,"391":0,"392":0,"393":0,"394":0,"395":0,"396":0,"397":0,"398":0,"399":0,"400":0,"401":0,"402":0,"403":52,"404":52,"405":52,"406":52,"407":52,"408":52,"409":52,"410":52,"411":52,"412":0,"413":52,"414":52,"415":52,"416":0,"417":52,"418":52,"419":52,"420":0,"421":52,"422":52,"423":52,"424":0,"425":52,"426":52,"427":52,"428":0,"429":52,"430":52,"431":52,"432":0,"433":52,"434":52,"435":52,"436":52,"437":52,"438":52,"439":52,"440":52,"441":52,"442":52,"443":52,"444":52,"445":52,"446":52,"447":52,"448":52,"449":52,"450":52,"451":52,"452":52,"453":52,"454":52,"455":52,"456":52,"457":52,"458":52,"459":52,"460":52,"461":52,"462":52,"463":52,"464":52,"465":52,"466":52,"467":52,"468":52,"469":52,"470":52,"471":52,"472":52,"473":52,"474":52,"475":52,"476":52,"477":52,"478":52,"479":52,"480":52,"481":52,"482":52,"483":52,"484":52,"485":52,"486":52,"487":52,"488":52,"489":52,"490":52,"491":52,"492":52,"493":52,"494":52,"495":52,"496":52,"497":52,"498":52,"499":52,"500":52,"501":52,"502":52,"503":52,"504":52,"505":52,"506":52,"507":52,"508":52,"509":52,"510":52,"511":52,"512":52,"513":52,"514":52,"515":52,"516":52,"517":52,"518":52,"519":52,"520":52,"521":52,"522":52,"523":52,"524":52,"525":52,"526":52,"527":52,"528":52,"529":52,"530":52,"531":52,"532":52,"533":52,"534":52,"535":52,"536":52,"537":52,"538":52,"539":52,"540":52,"541":52,"542":52,"543":52,"544":52,"545":52,"546":52,"547":52,"548":52,"549":52,"550":52,"551":52,"552":52,"553":52,"554":52,"555":52,"556":52,"557":52,"558":52,"559":52,"560":52,"561":52,"562":52,"563":52,"564":52,"565":52,"566":52,"567":52,"568":52,"569":52,"570":52,"571":52,"572":52,"573":52,"574":52,"575":52,"576":52,"577":52,"578":52,"579":52,"580":52,"581":52,"582":52,"583":52,"584":52,"585":52,"586":52,"587":52,"588":52,"589":52,"590":52,"591":52,"592":52,"593":52,"594":52,"595":52,"596":52,"597":52,"598":52,"599":52,"600":52,"601":52,"602":52,"603":52,"604":52,"605":52,"606":52,"607":52,"608":52,"609":52,"610":52,"611":52,"612":52,"613":52,"614":52,"615":52,"616":52,"617":52,"618":52,"619":52,"620":12,"621":0,"622":0,"623":0,"624":12,"625":52,"626":52,"627":52,"628":52,"629":52,"630":52,"631":52,"632":52,"633":52,"634":52,"635":52,"636":52,"637":52,"638":52,"639":52,"640":52,"641":52,"642":49,"643":49,"644":49,"645":3,"646":3,"647":3,"648":4,"649":4,"650":4,"651":4,"652":4,"653":4,"654":4,"655":4,"656":4,"657":4,"658":4,"659":4,"660":4,"661":3,"662":3,"663":52,"664":52,"665":52,"666":52,"667":52,"668":52,"669":52,"670":52,"671":52,"672":52,"673":52,"674":52,"675":52,"676":52,"677":52,"678":52,"679":52,"680":52,"681":52,"682":52,"683":52,"684":52,"685":52,"686":52,"687":52,"688":52,"689":52,"690":52,"691":52,"692":52,"693":52,"694":52,"695":52,"696":52,"697":52,"698":52,"699":52,"700":52,"701":52,"702":52,"703":52,"704":52,"705":52,"706":52,"707":52,"708":52,"709":52,"710":52,"711":52,"712":52,"713":52,"714":52,"715":52,"716":52,"717":52,"718":52,"719":52,"720":52,"721":52,"722":52,"723":52,"724":52,"725":0,"726":0,"727":0,"728":0,"729":0,"730":52,"731":52,"732":52,"733":0,"734":0,"735":0,"736":0,"737":0,"738":0,"739":0,"740":0,"741":0,"742":0,"743":0,"744":0,"745":0,"746":0,"747":0,"748":0,"749":0,"750":0,"751":0,"752":0,"753":0,"754":0,"755":0,"756":0,"757":0,"758":0,"759":0,"760":0,"761":0,"762":52,"763":52,"764":52,"765":0,"766":0,"767":0,"768":0,"769":0,"770":0,"771":0,"772":0,"773":0,"774":0,"775":0,"776":0,"777":0,"778":0,"779":0,"780":0,"781":0,"782":0,"783":0,"784":0,"785":0,"786":0,"787":0,"788":0,"789":0,"790":0,"791":0,"792":0,"793":0,"794":0,"795":0,"796":0,"797":0,"798":0,"799":0,"800":0,"801":0,"802":52,"803":52,"804":52,"805":52},"branchMap":{"0":{"type":"branch","line":19,"loc":{"start":{"line":19,"column":15},"end":{"line":806,"column":1}},"locations":[{"start":{"line":19,"column":15},"end":{"line":806,"column":1}}]},"1":{"type":"branch","line":460,"loc":{"start":{"line":460,"column":27},"end":{"line":460,"column":63}},"locations":[{"start":{"line":460,"column":27},"end":{"line":460,"column":63}}]},"2":{"type":"branch","line":460,"loc":{"start":{"line":460,"column":63},"end":{"line":460,"column":96}},"locations":[{"start":{"line":460,"column":63},"end":{"line":460,"column":96}}]},"3":{"type":"branch","line":642,"loc":{"start":{"line":642,"column":51},"end":{"line":645,"column":22}},"locations":[{"start":{"line":642,"column":51},"end":{"line":645,"column":22}}]},"4":{"type":"branch","line":646,"loc":{"start":{"line":646,"column":-2},"end":{"line":663,"column":23}},"locations":[{"start":{"line":646,"column":-2},"end":{"line":663,"column":23}}]},"5":{"type":"branch","line":719,"loc":{"start":{"line":719,"column":26},"end":{"line":719,"column":45}},"locations":[{"start":{"line":719,"column":26},"end":{"line":719,"column":45}}]},"6":{"type":"branch","line":719,"loc":{"start":{"line":719,"column":45},"end":{"line":719,"column":63}},"locations":[{"start":{"line":719,"column":45},"end":{"line":719,"column":63}}]},"7":{"type":"branch","line":725,"loc":{"start":{"line":725,"column":17},"end":{"line":730,"column":14}},"locations":[{"start":{"line":725,"column":17},"end":{"line":730,"column":14}}]},"8":{"type":"branch","line":733,"loc":{"start":{"line":733,"column":24},"end":{"line":762,"column":12}},"locations":[{"start":{"line":733,"column":24},"end":{"line":762,"column":12}}]},"9":{"type":"branch","line":765,"loc":{"start":{"line":765,"column":22},"end":{"line":802,"column":14}},"locations":[{"start":{"line":765,"column":22},"end":{"line":802,"column":14}}]},"10":{"type":"branch","line":43,"loc":{"start":{"line":43,"column":44},"end":{"line":87,"column":3}},"locations":[{"start":{"line":43,"column":44},"end":{"line":87,"column":3}}]},"11":{"type":"branch","line":44,"loc":{"start":{"line":44,"column":17},"end":{"line":44,"column":24}},"locations":[{"start":{"line":44,"column":17},"end":{"line":44,"column":24}}]},"12":{"type":"branch","line":47,"loc":{"start":{"line":47,"column":58},"end":{"line":48,"column":24}},"locations":[{"start":{"line":47,"column":58},"end":{"line":48,"column":24}}]},"13":{"type":"branch","line":48,"loc":{"start":{"line":48,"column":24},"end":{"line":51,"column":40}},"locations":[{"start":{"line":48,"column":24},"end":{"line":51,"column":40}}]},"14":{"type":"branch","line":49,"loc":{"start":{"line":49,"column":35},"end":{"line":49,"column":72}},"locations":[{"start":{"line":49,"column":35},"end":{"line":49,"column":72}}]},"15":{"type":"branch","line":51,"loc":{"start":{"line":51,"column":36},"end":{"line":51,"column":42}},"locations":[{"start":{"line":51,"column":36},"end":{"line":51,"column":42}}]},"16":{"type":"branch","line":53,"loc":{"start":{"line":53,"column":45},"end":{"line":53,"column":77}},"locations":[{"start":{"line":53,"column":45},"end":{"line":53,"column":77}}]},"17":{"type":"branch","line":54,"loc":{"start":{"line":54,"column":-2},"end":{"line":54,"column":33}},"locations":[{"start":{"line":54,"column":-2},"end":{"line":54,"column":33}}]},"18":{"type":"branch","line":55,"loc":{"start":{"line":55,"column":-2},"end":{"line":55,"column":23}},"locations":[{"start":{"line":55,"column":-2},"end":{"line":55,"column":23}}]},"19":{"type":"branch","line":55,"loc":{"start":{"line":55,"column":23},"end":{"line":55,"column":30}},"locations":[{"start":{"line":55,"column":23},"end":{"line":55,"column":30}}]},"20":{"type":"branch","line":80,"loc":{"start":{"line":80,"column":44},"end":{"line":80,"column":50}},"locations":[{"start":{"line":80,"column":44},"end":{"line":80,"column":50}}]},"21":{"type":"branch","line":81,"loc":{"start":{"line":81,"column":46},"end":{"line":81,"column":54}},"locations":[{"start":{"line":81,"column":46},"end":{"line":81,"column":54}}]},"22":{"type":"branch","line":84,"loc":{"start":{"line":84,"column":6},"end":{"line":86,"column":5}},"locations":[{"start":{"line":84,"column":6},"end":{"line":86,"column":5}}]},"23":{"type":"branch","line":56,"loc":{"start":{"line":56,"column":19},"end":{"line":77,"column":21}},"locations":[{"start":{"line":56,"column":19},"end":{"line":77,"column":21}}]},"24":{"type":"branch","line":58,"loc":{"start":{"line":58,"column":24},"end":{"line":58,"column":30}},"locations":[{"start":{"line":58,"column":24},"end":{"line":58,"column":30}}]},"25":{"type":"branch","line":59,"loc":{"start":{"line":59,"column":41},"end":{"line":59,"column":47}},"locations":[{"start":{"line":59,"column":41},"end":{"line":59,"column":47}}]},"26":{"type":"branch","line":61,"loc":{"start":{"line":61,"column":35},"end":{"line":62,"column":92}},"locations":[{"start":{"line":61,"column":35},"end":{"line":62,"column":92}}]},"27":{"type":"branch","line":64,"loc":{"start":{"line":64,"column":36},"end":{"line":65,"column":94}},"locations":[{"start":{"line":64,"column":36},"end":{"line":65,"column":94}}]},"28":{"type":"branch","line":67,"loc":{"start":{"line":67,"column":33},"end":{"line":68,"column":28}},"locations":[{"start":{"line":67,"column":33},"end":{"line":68,"column":28}}]},"29":{"type":"branch","line":68,"loc":{"start":{"line":68,"column":28},"end":{"line":69,"column":104}},"locations":[{"start":{"line":68,"column":28},"end":{"line":69,"column":104}}]},"30":{"type":"branch","line":72,"loc":{"start":{"line":72,"column":36},"end":{"line":73,"column":31}},"locations":[{"start":{"line":72,"column":36},"end":{"line":73,"column":31}}]},"31":{"type":"branch","line":73,"loc":{"start":{"line":73,"column":31},"end":{"line":74,"column":35}},"locations":[{"start":{"line":73,"column":31},"end":{"line":74,"column":35}}]},"32":{"type":"branch","line":74,"loc":{"start":{"line":74,"column":35},"end":{"line":75,"column":14}},"locations":[{"start":{"line":74,"column":35},"end":{"line":75,"column":14}}]},"33":{"type":"branch","line":89,"loc":{"start":{"line":89,"column":12},"end":{"line":135,"column":3}},"locations":[{"start":{"line":89,"column":12},"end":{"line":135,"column":3}}]},"34":{"type":"branch","line":94,"loc":{"start":{"line":94,"column":41},"end":{"line":97,"column":7}},"locations":[{"start":{"line":94,"column":41},"end":{"line":97,"column":7}}]},"35":{"type":"branch","line":99,"loc":{"start":{"line":99,"column":16},"end":{"line":102,"column":7}},"locations":[{"start":{"line":99,"column":16},"end":{"line":102,"column":7}}]},"36":{"type":"branch","line":102,"loc":{"start":{"line":102,"column":6},"end":{"line":104,"column":21}},"locations":[{"start":{"line":102,"column":6},"end":{"line":104,"column":21}}]},"37":{"type":"branch","line":104,"loc":{"start":{"line":104,"column":40},"end":{"line":107,"column":7}},"locations":[{"start":{"line":104,"column":40},"end":{"line":107,"column":7}}]},"38":{"type":"branch","line":107,"loc":{"start":{"line":107,"column":6},"end":{"line":108,"column":44}},"locations":[{"start":{"line":107,"column":6},"end":{"line":108,"column":44}}]},"39":{"type":"branch","line":108,"loc":{"start":{"line":108,"column":40},"end":{"line":108,"column":46}},"locations":[{"start":{"line":108,"column":40},"end":{"line":108,"column":46}}]},"40":{"type":"branch","line":109,"loc":{"start":{"line":109,"column":30},"end":{"line":109,"column":46}},"locations":[{"start":{"line":109,"column":30},"end":{"line":109,"column":46}}]},"41":{"type":"branch","line":109,"loc":{"start":{"line":109,"column":46},"end":{"line":109,"column":54}},"locations":[{"start":{"line":109,"column":46},"end":{"line":109,"column":54}}]},"42":{"type":"branch","line":122,"loc":{"start":{"line":122,"column":44},"end":{"line":122,"column":62}},"locations":[{"start":{"line":122,"column":44},"end":{"line":122,"column":62}}]},"43":{"type":"branch","line":122,"loc":{"start":{"line":122,"column":62},"end":{"line":122,"column":68}},"locations":[{"start":{"line":122,"column":62},"end":{"line":122,"column":68}}]},"44":{"type":"branch","line":123,"loc":{"start":{"line":123,"column":36},"end":{"line":123,"column":44}},"locations":[{"start":{"line":123,"column":36},"end":{"line":123,"column":44}}]},"45":{"type":"branch","line":125,"loc":{"start":{"line":125,"column":19},"end":{"line":127,"column":7}},"locations":[{"start":{"line":125,"column":19},"end":{"line":127,"column":7}}]},"46":{"type":"branch","line":127,"loc":{"start":{"line":127,"column":7},"end":{"line":129,"column":7}},"locations":[{"start":{"line":127,"column":7},"end":{"line":129,"column":7}}]},"47":{"type":"branch","line":130,"loc":{"start":{"line":130,"column":6},"end":{"line":133,"column":5}},"locations":[{"start":{"line":130,"column":6},"end":{"line":133,"column":5}}]},"48":{"type":"branch","line":133,"loc":{"start":{"line":133,"column":4},"end":{"line":135,"column":3}},"locations":[{"start":{"line":133,"column":4},"end":{"line":135,"column":3}}]},"49":{"type":"branch","line":90,"loc":{"start":{"line":90,"column":28},"end":{"line":92,"column":5}},"locations":[{"start":{"line":90,"column":28},"end":{"line":92,"column":5}}]},"50":{"type":"branch","line":110,"loc":{"start":{"line":110,"column":19},"end":{"line":119,"column":84}},"locations":[{"start":{"line":110,"column":19},"end":{"line":119,"column":84}}]},"51":{"type":"branch","line":112,"loc":{"start":{"line":112,"column":26},"end":{"line":112,"column":32}},"locations":[{"start":{"line":112,"column":26},"end":{"line":112,"column":32}}]},"52":{"type":"branch","line":116,"loc":{"start":{"line":116,"column":59},"end":{"line":116,"column":69}},"locations":[{"start":{"line":116,"column":59},"end":{"line":116,"column":69}}]},"53":{"type":"branch","line":119,"loc":{"start":{"line":119,"column":56},"end":{"line":119,"column":78}},"locations":[{"start":{"line":119,"column":56},"end":{"line":119,"column":78}}]},"54":{"type":"branch","line":137,"loc":{"start":{"line":137,"column":12},"end":{"line":143,"column":3}},"locations":[{"start":{"line":137,"column":12},"end":{"line":143,"column":3}}]},"55":{"type":"branch","line":138,"loc":{"start":{"line":138,"column":11},"end":{"line":142,"column":5}},"locations":[{"start":{"line":138,"column":11},"end":{"line":142,"column":5}}]},"56":{"type":"branch","line":139,"loc":{"start":{"line":139,"column":40},"end":{"line":141,"column":7}},"locations":[{"start":{"line":139,"column":40},"end":{"line":141,"column":7}}]},"57":{"type":"branch","line":145,"loc":{"start":{"line":145,"column":12},"end":{"line":163,"column":3}},"locations":[{"start":{"line":145,"column":12},"end":{"line":163,"column":3}}]},"58":{"type":"branch","line":147,"loc":{"start":{"line":147,"column":41},"end":{"line":147,"column":48}},"locations":[{"start":{"line":147,"column":41},"end":{"line":147,"column":48}}]},"59":{"type":"branch","line":149,"loc":{"start":{"line":149,"column":20},"end":{"line":149,"column":27}},"locations":[{"start":{"line":149,"column":20},"end":{"line":149,"column":27}}]},"60":{"type":"branch","line":149,"loc":{"start":{"line":149,"column":20},"end":{"line":151,"column":24}},"locations":[{"start":{"line":149,"column":20},"end":{"line":151,"column":24}}]},"61":{"type":"branch","line":151,"loc":{"start":{"line":151,"column":26},"end":{"line":154,"column":26}},"locations":[{"start":{"line":151,"column":26},"end":{"line":154,"column":26}}]},"62":{"type":"branch","line":154,"loc":{"start":{"line":154,"column":28},"end":{"line":157,"column":34}},"locations":[{"start":{"line":154,"column":28},"end":{"line":157,"column":34}}]},"63":{"type":"branch","line":157,"loc":{"start":{"line":157,"column":50},"end":{"line":159,"column":7}},"locations":[{"start":{"line":157,"column":50},"end":{"line":159,"column":7}}]},"64":{"type":"branch","line":160,"loc":{"start":{"line":160,"column":6},"end":{"line":162,"column":5}},"locations":[{"start":{"line":160,"column":6},"end":{"line":162,"column":5}}]},"65":{"type":"branch","line":165,"loc":{"start":{"line":165,"column":12},"end":{"line":188,"column":3}},"locations":[{"start":{"line":165,"column":12},"end":{"line":188,"column":3}}]},"66":{"type":"branch","line":166,"loc":{"start":{"line":166,"column":33},"end":{"line":166,"column":40}},"locations":[{"start":{"line":166,"column":33},"end":{"line":166,"column":40}}]},"67":{"type":"branch","line":166,"loc":{"start":{"line":166,"column":33},"end":{"line":168,"column":41}},"locations":[{"start":{"line":166,"column":33},"end":{"line":168,"column":41}}]},"68":{"type":"branch","line":168,"loc":{"start":{"line":168,"column":41},"end":{"line":168,"column":48}},"locations":[{"start":{"line":168,"column":41},"end":{"line":168,"column":48}}]},"69":{"type":"branch","line":168,"loc":{"start":{"line":168,"column":41},"end":{"line":185,"column":6}},"locations":[{"start":{"line":168,"column":41},"end":{"line":185,"column":6}}]},"70":{"type":"branch","line":185,"loc":{"start":{"line":185,"column":6},"end":{"line":187,"column":5}},"locations":[{"start":{"line":185,"column":6},"end":{"line":187,"column":5}}]},"71":{"type":"branch","line":190,"loc":{"start":{"line":190,"column":12},"end":{"line":194,"column":3}},"locations":[{"start":{"line":190,"column":12},"end":{"line":194,"column":3}}]},"72":{"type":"branch","line":191,"loc":{"start":{"line":191,"column":25},"end":{"line":191,"column":32}},"locations":[{"start":{"line":191,"column":25},"end":{"line":191,"column":32}}]},"73":{"type":"branch","line":191,"loc":{"start":{"line":191,"column":25},"end":{"line":192,"column":60}},"locations":[{"start":{"line":191,"column":25},"end":{"line":192,"column":60}}]},"74":{"type":"branch","line":192,"loc":{"start":{"line":192,"column":60},"end":{"line":192,"column":67}},"locations":[{"start":{"line":192,"column":60},"end":{"line":192,"column":67}}]},"75":{"type":"branch","line":192,"loc":{"start":{"line":192,"column":60},"end":{"line":194,"column":3}},"locations":[{"start":{"line":192,"column":60},"end":{"line":194,"column":3}}]},"76":{"type":"branch","line":196,"loc":{"start":{"line":196,"column":29},"end":{"line":202,"column":3}},"locations":[{"start":{"line":196,"column":29},"end":{"line":202,"column":3}}]},"77":{"type":"branch","line":198,"loc":{"start":{"line":198,"column":17},"end":{"line":200,"column":20}},"locations":[{"start":{"line":198,"column":17},"end":{"line":200,"column":20}}]},"78":{"type":"branch","line":204,"loc":{"start":{"line":204,"column":34},"end":{"line":206,"column":3}},"locations":[{"start":{"line":204,"column":34},"end":{"line":206,"column":3}}]},"79":{"type":"branch","line":208,"loc":{"start":{"line":208,"column":25},"end":{"line":219,"column":3}},"locations":[{"start":{"line":208,"column":25},"end":{"line":219,"column":3}}]},"80":{"type":"branch","line":210,"loc":{"start":{"line":210,"column":71},"end":{"line":213,"column":5}},"locations":[{"start":{"line":210,"column":71},"end":{"line":213,"column":5}}]},"81":{"type":"branch","line":214,"loc":{"start":{"line":214,"column":17},"end":{"line":216,"column":57}},"locations":[{"start":{"line":214,"column":17},"end":{"line":216,"column":57}}]},"82":{"type":"branch","line":442,"loc":{"start":{"line":442,"column":23},"end":{"line":442,"column":64}},"locations":[{"start":{"line":442,"column":23},"end":{"line":442,"column":64}}]},"83":{"type":"branch","line":620,"loc":{"start":{"line":620,"column":30},"end":{"line":625,"column":20}},"locations":[{"start":{"line":620,"column":30},"end":{"line":625,"column":20}}]},"84":{"type":"branch","line":621,"loc":{"start":{"line":621,"column":43},"end":{"line":624,"column":21}},"locations":[{"start":{"line":621,"column":43},"end":{"line":624,"column":21}}]},"85":{"type":"branch","line":648,"loc":{"start":{"line":648,"column":48},"end":{"line":661,"column":27}},"locations":[{"start":{"line":648,"column":48},"end":{"line":661,"column":27}}]}},"b":{"0":[52],"1":[2],"2":[50],"3":[49],"4":[3],"5":[2],"6":[50],"7":[0],"8":[0],"9":[0],"10":[4],"11":[0],"12":[2],"13":[1],"14":[0],"15":[0],"16":[1],"17":[1],"18":[0],"19":[0],"20":[0],"21":[0],"22":[3],"23":[1],"24":[0],"25":[0],"26":[0],"27":[0],"28":[0],"29":[0],"30":[0],"31":[0],"32":[0],"33":[8],"34":[0],"35":[6],"36":[2],"37":[0],"38":[2],"39":[0],"40":[0],"41":[0],"42":[2],"43":[2],"44":[2],"45":[2],"46":[0],"47":[0],"48
[...]
,"column":0},"end":{"line":79,"column":6}},"79":{"start":{"line":80,"column":0},"end":{"line":80,"column":3}},"80":{"start":{"line":81,"column":0},"end":{"line":81,"column":0}},"81":{"start":{"line":82,"column":0},"end":{"line":82,"column":10}},"82":{"start":{"line":83,"column":0},"end":{"line":83,"column":56}},"83":{"start":{"line":84,"column":0},"end":{"line":84,"column":51}},"84":{"start":{"line":85,"column":0},"end":{"line":85,"column":59}},"85":{"start":{"line":86,"column":0},"end":{"line":86,"column":17}},"86":{"start":{"line":87,"column":0},"end":{"line":87,"column":25}},"87":{"start":{"line":88,"column":0},"end":{"line":88,"column":59}},"88":{"start":{"line":89,"column":0},"end":{"line":89,"column":106}},"89":{"start":{"line":90,"column":0},"end":{"line":90,"column":11}},"90":{"start":{"line":91,"column":0},"end":{"line":91,"column":29}},"91":{"start":{"line":92,"column":0},"end":{"line":92,"column":19}},"92":{"start":{"line":93,"column":0},"end":{"line":93,"column":14}},"93":{"start":{"line":94,"column":0},"end":{"line":94,"column":0}},"94":{"start":{"line":95,"column":0},"end":{"line":95,"column":19}},"95":{"start":{"line":96,"column":0},"end":{"line":96,"column":94}},"96":{"start":{"line":97,"column":0},"end":{"line":97,"column":19}},"97":{"start":{"line":98,"column":0},"end":{"line":98,"column":16}},"98":{"start":{"line":99,"column":0},"end":{"line":99,"column":10}},"99":{"start":{"line":100,"column":0},"end":{"line":100,"column":0}},"100":{"start":{"line":101,"column":0},"end":{"line":101,"column":22}},"101":{"start":{"line":102,"column":0},"end":{"line":102,"column":106}},"102":{"start":{"line":103,"column":0},"end":{"line":103,"column":101}},"103":{"start":{"line":104,"column":0},"end":{"line":104,"column":16}},"104":{"start":{"line":105,"column":0},"end":{"line":105,"column":20}},"105":{"start":{"line":106,"column":0},"end":{"line":106,"column":12}},"106":{"start":{"line":107,"column":0},"end":{"line":107,"column":97}},"107":{"start":{"line":108,"column":0},"end":{"line":108,"column":19}},"108":{"start":{"line":109,"column":0},"end":{"line":109,"column":93}},"109":{"start":{"line":110,"column":0},"end":{"line":110,"column":92}},"110":{"start":{"line":111,"column":0},"end":{"line":111,"column":20}},"111":{"start":{"line":112,"column":0},"end":{"line":112,"column":93}},"112":{"start":{"line":113,"column":0},"end":{"line":113,"column":48}},"113":{"start":{"line":114,"column":0},"end":{"line":114,"column":21}},"114":{"start":{"line":115,"column":0},"end":{"line":115,"column":20}},"115":{"start":{"line":116,"column":0},"end":{"line":116,"column":76}},"116":{"start":{"line":117,"column":0},"end":{"line":117,"column":111}},"117":{"start":{"line":118,"column":0},"end":{"line":118,"column":18}},"118":{"start":{"line":119,"column":0},"end":{"line":119,"column":84}},"119":{"start":{"line":120,"column":0},"end":{"line":120,"column":87}},"120":{"start":{"line":121,"column":0},"end":{"line":121,"column":24}},"121":{"start":{"line":122,"column":0},"end":{"line":122,"column":35}},"122":{"start":{"line":123,"column":0},"end":{"line":123,"column":25}},"123":{"start":{"line":124,"column":0},"end":{"line":124,"column":54}},"124":{"start":{"line":125,"column":0},"end":{"line":125,"column":76}},"125":{"start":{"line":126,"column":0},"end":{"line":126,"column":34}},"126":{"start":{"line":127,"column":0},"end":{"line":127,"column":19}},"127":{"start":{"line":128,"column":0},"end":{"line":128,"column":18}},"128":{"start":{"line":129,"column":0},"end":{"line":129,"column":24}},"129":{"start":{"line":130,"column":0},"end":{"line":130,"column":36}},"130":{"start":{"line":131,"column":0},"end":{"line":131,"column":25}},"131":{"start":{"line":132,"column":0},"end":{"line":132,"column":54}},"132":{"start":{"line":133,"column":0},"end":{"line":133,"column":58}},"133":{"start":{"line":134,"column":0},"end":{"line":134,"column":73}},"134":{"start":{"line":135,"column":0},"end":{"line":135,"column":32}},"135":{"start":{"line":136,"column":0},"end":{"line":136,"column":35}},"136":{"start":{"line":137,"column":0},"end":{"line":137,"column":19}},"137":{"start":{"line":138,"column":0},"end":{"line":138,"column":18}},"138":{"start":{"line":139,"column":0},"end":{"line":139,"column":20}},"139":{"start":{"line":140,"column":0},"end":{"line":140,"column":19}},"140":{"start":{"line":141,"column":0},"end":{"line":141,"column":115}},"141":{"start":{"line":142,"column":0},"end":{"line":142,"column":34}},"142":{"start":{"line":143,"column":0},"end":{"line":143,"column":56}},"143":{"start":{"line":144,"column":0},"end":{"line":144,"column":44}},"144":{"start":{"line":145,"column":0},"end":{"line":145,"column":27}},"145":{"start":{"line":146,"column":0},"end":{"line":146,"column":35}},"146":{"start":{"line":147,"column":0},"end":{"line":147,"column":105}},"147":{"start":{"line":148,"column":0},"end":{"line":148,"column":23}},"148":{"start":{"line":149,"column":0},"end":{"line":149,"column":31}},"149":{"start":{"line":150,"column":0},"end":{"line":150,"column":29}},"150":{"start":{"line":151,"column":0},"end":{"line":151,"column":23}},"151":{"start":{"line":152,"column":0},"end":{"line":152,"column":24}},"152":{"start":{"line":153,"column":0},"end":{"line":153,"column":21}},"153":{"start":{"line":154,"column":0},"end":{"line":154,"column":106}},"154":{"start":{"line":155,"column":0},"end":{"line":155,"column":18}},"155":{"start":{"line":156,"column":0},"end":{"line":156,"column":20}},"156":{"start":{"line":157,"column":0},"end":{"line":157,"column":71}},"157":{"start":{"line":158,"column":0},"end":{"line":158,"column":76}},"158":{"start":{"line":159,"column":0},"end":{"line":159,"column":103}},"159":{"start":{"line":160,"column":0},"end":{"line":160,"column":20}},"160":{"start":{"line":161,"column":0},"end":{"line":161,"column":23}},"161":{"start":{"line":162,"column":0},"end":{"line":162,"column":31}},"162":{"start":{"line":163,"column":0},"end":{"line":163,"column":239}},"163":{"start":{"line":164,"column":0},"end":{"line":164,"column":17}},"164":{"start":{"line":165,"column":0},"end":{"line":165,"column":35}},"165":{"start":{"line":166,"column":0},"end":{"line":166,"column":25}},"166":{"start":{"line":167,"column":0},"end":{"line":167,"column":20}},"167":{"start":{"line":168,"column":0},"end":{"line":168,"column":18}},"168":{"start":{"line":169,"column":0},"end":{"line":169,"column":0}},"169":{"start":{"line":170,"column":0},"end":{"line":170,"column":87}},"170":{"start":{"line":171,"column":0},"end":{"line":171,"column":36}},"171":{"start":{"line":172,"column":0},"end":{"line":172,"column":92}},"172":{"start":{"line":173,"column":0},"end":{"line":173,"column":35}},"173":{"start":{"line":174,"column":0},"end":{"line":174,"column":21}},"174":{"start":{"line":175,"column":0},"end":{"line":175,"column":76}},"175":{"start":{"line":176,"column":0},"end":{"line":176,"column":78}},"176":{"start":{"line":177,"column":0},"end":{"line":177,"column":20}},"177":{"start":{"line":178,"column":0},"end":{"line":178,"column":20}},"178":{"start":{"line":179,"column":0},"end":{"line":179,"column":117}},"179":{"start":{"line":180,"column":0},"end":{"line":180,"column":98}},"180":{"start":{"line":181,"column":0},"end":{"line":181,"column":20}},"181":{"start":{"line":182,"column":0},"end":{"line":182,"column":18}},"182":{"start":{"line":183,"column":0},"end":{"line":183,"column":13}},"183":{"start":{"line":184,"column":0},"end":{"line":184,"column":13}},"184":{"start":{"line":185,"column":0},"end":{"line":185,"column":104}},"185":{"start":{"line":186,"column":0},"end":{"line":186,"column":74}},"186":{"start":{"line":187,"column":0},"end":{"line":187,"column":69}},"187":{"start":{"line":188,"column":0},"end":{"line":188,"column":16}},"188":{"start":{"line":189,"column":0},"end":{"line":189,"column":19}},"189":{"start":{"line":190,"column":0},"end":{"line":190,"column":27}},"190":{"start":{"line":191,"column":0},"end":{"line":191,"column":61}},"191":{"start":{"line":192,"column":0},"end":{"line":192,"column":154}},"192":{"start":{"line":193,"column":0},"end":{"line":193,"column":13}},"193":{"start":{"line":194,"column":0},"end":{"line":194,"column":29}},"194":{"start":{"line":195,"column":0},"end":{"line":195,"column":21}},"195":{"start":{"line":196,"column":0},"end":{"line":196,"column":16}},"196":{"start":{"line":197,"column":0},"end":{"line":197,"column":10}},"197":{"start":{"line":198,"column":0},"end":{"line":198,"column":12}},"198":{"start":{"line":199,"column":0},"end":{"line":199,"column":10}},"199":{"start":{"line":200,"column":0},"end":{"line":200,"column":4}},"200":{"start":{"line":201,"column":0},"end":{"line":201,"column":1}}},"s":{"0":1,"1":1,"2":1,"3":1,"4":1,"5":1,"6":1,"7":1,"8":1,"9":1,"10":1,"11":1,"12":1,"13":1,"14":1,"15":3,"16":3,"17":3,"18":3,"19":1,"20":1,"21":1,"22":8,"23":8,"24":8,"25":8,"26":8,"27":8,"28":8,"29":8,"30":8,"31":5,"32":4,"33":4,"34":4,"35":4,"36":4,"37":4,"38":4,"39":4,"40":1,"41":1,"42":3,"43":3,"44":3,"45":4,"46":1,"47":1,"48":1,"49":4,"50":4,"51":4,"52":4,"53":4,"54":4,"55":4,"56":4,"57":4,"58":4,"59":8,"60":8,"61":8,"62":8,"63":8,"64":8,"65":1,"66":1,"67":1,"68":1,"69":1,"70":1,"71":1,"72":1,"73":1,"74":1,"75":1,"76":1,"77":1,"78":1,"79":1,"80":7,"81":7,"82":7,"83":7,"84":7,"85":7,"86":7,"87":7,"88":7,"89":7,"90":7,"91":7,"92":7,"93":7,"94":7,"95":1,"96":1,"97":1,"98":8,"99":8,"100":8,"101":4,"102":4,"103":4,"104":3,"105":1,"106":1,"107":1,"108":1,"109":1,"110":1,"111":1,"112":1,"113":1,"114":1,"115":1,"116":1,"117":1,"118":1,"119":1,"120":1,"121":1,"122":1,"123":1,"124":0,"125":1,"126":1,"127":1,"128":1,"129":1,"130":1,"131":1,"132":0,"133":0,"134":0,"135":1,"136":1,"137":1,"138":1,"139":1,"140":1,"141":1,"142":0,"143":0,"144":0,"145":0,"146":0,"147":0,"148":0,"149":0,"150":0,"151":0,"152":1,"153":1,"154":1,"155":1,"156":1,"157":1,"158":1,"159":1,"160":1,"161":1,"162":1,"163":1,"164":1,"165":1,"166":1,"167":1,"168":1,"169":1,"170":1,"171":1,"172":1,"173":1,"174":1,"175":1,"176":1,"177":1,"178":1,"179":1,"180":1,"181":1,"182":1,"183":2,"184":2,"185":2,"186":2,"187":2,"188":2,"189":2,"190":2,"191":2,"192":2,"193":2,"194":2,"195":2,"196":8,"197":8,"198":8,"199":8,"200":8},"branchMap":{"0":{"type":"branch","line":15,"loc":{"start":{"line":15,"column":16},"end":{"line":19,"column":8}},"locations":[{"start":{"line":15,"column":16},"end":{"line":19,"column":8}}]},"1":{"type":"branch","line":18,"loc":{"start":{"line":18,"column":50},"end":{"line":18,"column":64}},"locations":[{"start":{"line":18,"column":50},"end":{"line":18,"column":64}}]},"2":{"type":"branch","line":22,"loc":{"start":{"line":22,"column":15},"end":{"line":201,"column":1}},"locations":[{"start":{"line":22,"column":15},"end":{"line":201,"column":1}}]},"3":{"type":"branch","line":25,"loc":{"start":{"line":25,"column":46},"end":{"line":25,"column":65}},"locations":[{"start":{"line":25,"column":46},"end":{"line":25,"column":65}}]},"4":{"type":"branch","line":25,"loc":{"start":{"line":25,"column":65},"end":{"line":25,"column":82}},"locations":[{"start":{"line":25,"column":65},"end":{"line":25,"column":82}}]},"5":{"type":"branch","line":63,"loc":{"start":{"line":63,"column":23},"end":{"line":63,"column":33}},"locations":[{"start":{"line":63,"column":23},"end":{"line":63,"column":33}}]},"6":{"type":"branch","line":63,"loc":{"start":{"line":63,"column":33},"end":{"line":63,"column":39}},"locations":[{"start":{"line":63,"column":33},"end":{"line":63,"column":39}}]},"7":{"type":"branch","line":65,"loc":{"start":{"line":65,"column":15},"end":{"line":80,"column":3}},"locations":[{"start":{"line":65,"column":15},"end":{"line":80,"column":3}}]},"8":{"type":"branch","line":80,"loc":{"start":{"line":80,"column":2},"end":{"line":95,"column":19}},"locations":[{"start":{"line":80,"column":2},"end":{"line":95,"column":19}}]},"9":{"type":"branch","line":95,"loc":{"start":{"line":95,"column":14},"end":{"line":98,"column":16}},"locations":[{"start":{"line":95,"column":14},"end":{"line":98,"column":16}}]},"10":{"type":"branch","line":101,"loc":{"start":{"line":101,"column":18},"end":{"line":104,"column":16}},"locations":[{"start":{"line":101,"column":18},"end":{"line":104,"column":16}}]},"11":{"type":"branch","line":105,"loc":{"start":{"line":105,"column":-2},"end":{"line":196,"column":16}},"locations":[{"start":{"line":105,"column":-2},"end":{"line":196,"column":16}}]},"12":{"type":"branch","line":105,"loc":{"start":{"line":105,"column":16},"end":{"line":183,"column":13}},"locations":[{"start":{"line":105,"column":16},"end":{"line":183,"column":13}}]},"13":{"type":"branch","line":110,"loc":{"start":{"line":110,"column":53},"end":{"line":110,"column":73}},"locations":[{"start":{"line":110,"column":53},"end":{"line":110,"column":73}}]},"14":{"type":"branch","line":113,"loc":{"start":{"line":113,"column":28},"end":{"line":113,"column":48}},"locations":[{"start":{"line":113,"column":28},"end":{"line":113,"column":48}}]},"15":{"type":"branch","line":125,"loc":{"start":{"line":125,"column":-2},"end":{"line":125,"column":76}},"locations":[{"start":{"line":125,"column":-2},"end":{"line":125,"column":76}}]},"16":{"type":"branch","line":133,"loc":{"start":{"line":133,"column":-2},"end":{"line":135,"column":32}},"locations":[{"start":{"line":133,"column":-2},"end":{"line":135,"column":32}}]},"17":{"type":"branch","line":142,"loc":{"start":{"line":142,"column":30},"end":{"line":152,"column":24}},"locations":[{"start":{"line":142,"column":30},"end":{"line":152,"column":24}}]},"18":{"type":"branch","line":184,"loc":{"start":{"line":184,"column":-2},"end":{"line":196,"column":16}},"locations":[{"start":{"line":184,"column":-2},"end":{"line":196,"column":16}}]},"19":{"type":"branch","line":31,"loc":{"start":{"line":31,"column":12},"end":{"line":60,"column":3}},"locations":[{"start":{"line":31,"column":12},"end":{"line":60,"column":3}}]},"20":{"type":"branch","line":32,"loc":{"start":{"line":32,"column":17},"end":{"line":32,"column":24}},"locations":[{"start":{"line":32,"column":17},"end":{"line":32,"column":24}}]},"21":{"type":"branch","line":32,"loc":{"start":{"line":32,"column":17},"end":{"line":60,"column":3}},"locations":[{"start":{"line":32,"column":17},"end":{"line":60,"column":3}}]},"22":{"type":"branch","line":34,"loc":{"start":{"line":34,"column":28},"end":{"line":55,"column":5}},"locations":[{"start":{"line":34,"column":28},"end":{"line":55,"column":5}}]},"23":{"type":"branch","line":40,"loc":{"start":{"line":40,"column":26},"end":{"line":42,"column":9}},"locations":[{"start":{"line":40,"column":26},"end":{"line":42,"column":9}}]},"24":{"type":"branch","line":41,"loc":{"start":{"line":41,"column":40},"end":{"line":41,"column":74}},"locations":[{"start":{"line":41,"column":40},"end":{"line":41,"column":74}}]},"25":{"type":"branch","line":42,"loc":{"start":{"line":42,"column":8},"end":{"line":45,"column":9}},"locations":[{"start":{"line":42,"column":8},"end":{"line":45,"column":9}}]},"26":{"type":"branch","line":46,"loc":{"start":{"line":46,"column":8},"end":{"line":50,"column":7}},"locations":[{"start":{"line":46,"column":8},"end":{"line":50,"column":7}}]},"27":{"type":"branch","line":48,"loc":{"start":{"line":48,"column":30},"end":{"line":48,"column":64}},"locations":[{"start":{"line":48,"column":30},"end":{"line":48,"column":64}}]},"28":{"type":"branch","line":57,"loc":{"start":{"line":57,"column":11},"end":{"line":59,"column":5}},"locations":[{"start":{"line":57,"column":11},"end":{"line":59,"column":5}}]},"29":{"type":"branch","line":62,"loc":{"start":{"line":62,"column":25},"end":{"line":62,"column":49}},"locations":[{"start":{"line":62,"column":25},"end":{"line":62,"column":49}}]},"30":{"type":"branch","line":62,"loc":{"start":{"line":62,"column":35},"end":{"line":62,"column":43}},"locations":[{"start":{"line":62,"column":35},"end":{"line":62,"column":43}}]},"31":{"type":"branch","line":62,"loc":{"start":{"line":62,"column":43},"end":{"line":62,"column":49}},"locations":[{"start":{"line":62,"column":43},"end":{"line":62,"column":49}}]}},"b":{"0":[3],"1":[0],"2":[8],"3":[2],"4":[6],"5":[1],"6":[7],"7":[1],"8":[7],"9":[1],"10":[4],"11":[3],"12":[1],"13":[0],"14":[0],"15":[0],"16":[0],"17":[0],"18":[2],"19":[5],"20":[1],"21":[4],"22":[4],"23":[1],"24":[0],"25":[3],"26":[1],"27":[0],"28":[4],"29":[6],"30":[1],"31":[5]},"fnMap":{"0":{"name":"InfoRow","decl":{"start":{"line":15,"column":16},"end":{"line":19,"column":8}},"loc":{"start":{"line":15,"column":16},"end":{"line":19,"column":8}},"line":15},"1":{"name":"StudentQuizDetailsPage","decl":{"start":{"line":22,"column":15},"end":{"line":201,"column":1}},"loc":{"start":{"line":22,"column":15},"end":{"line":201,"column":1}},"line":22},"2":{"name":"fetchDefinition","decl":{"start":{"line":34,"column":28},"end":{"line":55,"column":5}},"loc":{"start":{"line":34,"column":28},"end":{"line":55,"column":5}},"line":34},"3":{"name":"onClick","decl":{"start":{"line":73,"column":21},"end":{"line":73,"column":59}},"loc":{"start":{"line":73,"column":21},"end":{"line":73,"column":59}},"line":73},"4":{"name":"onClick","decl":{"start":{"line":88,"column":21},"end":{"line":88,"column":59}},"loc":{"start":{"line":88,"column":21},"end":{"line":88,"column":59}},"line":88},"5":{"name":"onClick","decl":{"start":{"line":191,"column":23},"end":{"line":191,"column":61}},"loc":{"start":{"line":191,"column":23},"end":{"line":191,"column":61}},"line":191}},"f":{"0":3,"1":8,"2":4,"3":0,"4":0,"5":0}}
,"C:\\Users\\vivia\\csc491\\Horizon-Labs\\project\\frontend\\app\\components\\ConditionalBody.jsx": {"path":"C:\\Users\\vivia\\csc491\\Horizon-Labs\\project\\frontend\\app\\components\\ConditionalBody.jsx","all":false,"statementMap":{"0":{"start":{"line":1,"column":0},"end":{"line":1,"column":13}},"1":{"start":{"line":2,"column":0},"end":{"line":2,"column":46}},"2":{"start":{"line":3,"column":0},"end":{"line":3,"column":0}},"3":{"start":{"line":4,"column":0},"end":{"line":4,"column":55}},"4":{"start":{"line":5,"column":0},"end":{"line":5,"column":33}},"5":{"start":{"line":6,"column":0},"end":{"line":6,"column":2}},"6":{"start":{"line":7,"column":0},"end":{"line":7,"column":59}},"7":{"start":{"line":8,"column":0},"end":{"line":8,"column":42}},"8":{"start":{"line":9,"column":0},"end":{"line":9,"column":12}},"9":{"start":{"line":10,"column":0},"end":{"line":10,"column":51}},"10":{"start":{"line":11,"column":0},"end":{"line":11,"column":18}},"11":{"start":{"line":12,"column":0},"end":{"line":12,"column":13}},"12":{"start":{"line":13,"column":0},"end":{"line":13,"column":6}},"13":{"start":{"line":14,"column":0},"end":{"line":14,"column":3}},"14":{"start":{"line":15,"column":0},"end":{"line":15,"column":2}},"15":{"start":{"line":16,"column":0},"end":{"line":16,"column":35}},"16":{"start":{"line":17,"column":0},"end":{"line":17,"column":10}},"17":{"start":{"line":18,"column":0},"end":{"line":18,"column":46}},"18":{"start":{"line":19,"column":0},"end":{"line":19,"column":16}},"19":{"start":{"line":20,"column":0},"end":{"line":20,"column":11}},"20":{"start":{"line":21,"column":0},"end":{"line":21,"column":4}},"21":{"start":{"line":22,"column":0},"end":{"line":22,"column":1}}},"s":{"0":1,"1":1,"2":1,"3":1,"4":10,"5":10,"6":10,"7":10,"8":4,"9":4,"10":4,"11":4,"12":4,"13":4,"14":6,"15":6,"16":6,"17":6,"18":6,"19":6,"20":6,"21":6},"branchMap":{"0":{"type":"branch","line":4,"loc":{"start":{"line":4,"column":15},"end":{"line":22,"column":1}},"locations":[{"start":{"line":4,"column":15},"end":{"line":22,"column":1}}]},"1":{"type":"branch","line":8,"loc":{"start":{"line":8,"column":41},"end":{"line":14,"column":3}},"locations":[{"start":{"line":8,"column":41},"end":{"line":14,"column":3}}]},"2":{"type":"branch","line":14,"loc":{"start":{"line":14,"column":2},"end":{"line":22,"column":1}},"locations":[{"start":{"line":14,"column":2},"end":{"line":22,"column":1}}]}},"b":{"0":[10],"1":[4],"2":[6]},"fnMap":{"0":{"name":"ConditionalBody","decl":{"start":{"line":4,"column":15},"end":{"line":22,"column":1}},"loc":{"start":{"line":4,"column":15},"end":{"line":22,"column":1}},"line":4}},"f":{"0":10}}
}
