TN:
SF:app\Instructor\Assessment\assessment.jsx
FN:19,QuizGenerator2Page
FN:90,finishHydration
FN:196,handleInputChange
FN:204,handleTopicInputChange
FN:208,handleAddTopic
FN:221,handleRemoveTopic
FN:228,deleteDocumentFromIndex
FN:239,deleteQuizDefinition
FN:250,showSaveSuccess
FN:258,persistPreviewState
FN:270,handlePreviewQuiz
FN:309,saveQuizRecord
FN:406,handleSaveQuiz
FN:408,handlePublishQuiz
FN:410,handleDeleteQuiz
FN:412,confirmDeleteQuiz
FN:416,cancelDeleteQuiz
FN:420,handleBackToQuizList
FN:424,handleLeaveWithoutSaving
FN:428,handleSaveAndExit
FN:432,handleStayOnPage
FN:442,onClick
FN:620,onKeyDown
FN:656,onClick
FN:675,onClick
FN:682,onClick
FN:691,onClick
FN:713,onClick
FNF:28
FNH:7
FNDA:52,QuizGenerator2Page
FNDA:8,finishHydration
FNDA:26,handleInputChange
FNDA:12,handleTopicInputChange
FNDA:2,handleAddTopic
FNDA:0,handleRemoveTopic
FNDA:0,deleteDocumentFromIndex
FNDA:0,deleteQuizDefinition
FNDA:0,showSaveSuccess
FNDA:0,persistPreviewState
FNDA:0,handlePreviewQuiz
FNDA:0,saveQuizRecord
FNDA:0,handleSaveQuiz
FNDA:0,handlePublishQuiz
FNDA:0,handleDeleteQuiz
FNDA:0,confirmDeleteQuiz
FNDA:0,cancelDeleteQuiz
FNDA:0,handleBackToQuizList
FNDA:0,handleLeaveWithoutSaving
FNDA:0,handleSaveAndExit
FNDA:0,handleStayOnPage
FNDA:1,onClick
FNDA:12,onKeyDown
FNDA:0,onClick
FNDA:0,onClick
FNDA:0,onClick
FNDA:0,onClick
FNDA:0,onClick
DA:1,1
DA:2,1
DA:3,1
DA:4,1
DA:5,1
DA:6,1
DA:7,1
DA:8,1
DA:9,1
DA:10,1
DA:11,1
DA:12,1
DA:13,1
DA:14,1
DA:15,1
DA:16,1
DA:17,1
DA:18,1
DA:19,1
DA:20,52
DA:21,52
DA:22,52
DA:23,52
DA:24,52
DA:25,52
DA:26,52
DA:27,52
DA:28,52
DA:29,52
DA:30,52
DA:31,52
DA:32,52
DA:33,52
DA:34,52
DA:35,52
DA:36,52
DA:37,52
DA:38,52
DA:39,52
DA:40,52
DA:41,52
DA:42,52
DA:43,52
DA:44,4
DA:45,4
DA:46,4
DA:47,4
DA:48,4
DA:49,1
DA:50,1
DA:51,4
DA:52,4
DA:53,4
DA:54,1
DA:55,4
DA:56,4
DA:57,1
DA:58,1
DA:59,1
DA:60,1
DA:61,1
DA:62,1
DA:63,1
DA:64,1
DA:65,1
DA:66,1
DA:67,1
DA:68,1
DA:69,1
DA:70,1
DA:71,1
DA:72,1
DA:73,1
DA:74,1
DA:75,0
DA:76,1
DA:77,1
DA:78,4
DA:79,4
DA:80,4
DA:81,4
DA:82,4
DA:83,4
DA:84,4
DA:85,3
DA:86,3
DA:87,52
DA:88,52
DA:89,52
DA:90,8
DA:91,8
DA:92,8
DA:93,8
DA:94,8
DA:95,0
DA:96,0
DA:97,0
DA:98,8
DA:99,8
DA:100,6
DA:101,6
DA:102,6
DA:103,2
DA:104,8
DA:105,0
DA:106,0
DA:107,0
DA:108,8
DA:109,8
DA:110,8
DA:111,2
DA:112,2
DA:113,2
DA:114,2
DA:115,2
DA:116,2
DA:117,2
DA:118,2
DA:119,2
DA:120,8
DA:121,8
DA:122,8
DA:123,8
DA:124,8
DA:125,8
DA:126,2
DA:127,8
DA:128,0
DA:129,0
DA:130,8
DA:131,0
DA:132,0
DA:133,0
DA:134,2
DA:135,52
DA:136,52
DA:137,52
DA:138,8
DA:139,8
DA:140,0
DA:141,0
DA:142,8
DA:143,52
DA:144,52
DA:145,52
DA:146,8
DA:147,8
DA:148,8
DA:149,8
DA:150,1
DA:151,8
DA:152,1
DA:153,1
DA:154,8
DA:155,1
DA:156,1
DA:157,8
DA:158,1
DA:159,1
DA:160,8
DA:161,0
DA:162,0
DA:163,52
DA:164,52
DA:165,52
DA:166,40
DA:167,5
DA:168,40
DA:169,5
DA:170,5
DA:171,5
DA:172,5
DA:173,5
DA:174,5
DA:175,5
DA:176,5
DA:177,5
DA:178,5
DA:179,5
DA:180,5
DA:181,5
DA:182,5
DA:183,5
DA:184,5
DA:185,40
DA:186,0
DA:187,0
DA:188,52
DA:189,52
DA:190,52
DA:191,10
DA:192,10
DA:193,2
DA:194,52
DA:195,52
DA:196,52
DA:197,26
DA:198,26
DA:199,26
DA:200,26
DA:201,26
DA:202,52
DA:203,52
DA:204,52
DA:205,12
DA:206,52
DA:207,52
DA:208,52
DA:209,2
DA:210,2
DA:211,0
DA:212,0
DA:213,0
DA:214,2
DA:215,2
DA:216,2
DA:217,2
DA:218,2
DA:219,52
DA:220,52
DA:221,52
DA:222,0
DA:223,0
DA:224,0
DA:225,0
DA:226,52
DA:227,52
DA:228,52
DA:229,0
DA:230,0
DA:231,0
DA:232,0
DA:233,0
DA:234,0
DA:235,0
DA:236,0
DA:237,52
DA:238,52
DA:239,52
DA:240,0
DA:241,0
DA:242,0
DA:243,0
DA:244,0
DA:245,0
DA:246,0
DA:247,0
DA:248,52
DA:249,52
DA:250,52
DA:251,0
DA:252,0
DA:253,0
DA:254,0
DA:255,0
DA:256,52
DA:257,52
DA:258,52
DA:259,0
DA:260,0
DA:261,0
DA:262,0
DA:263,0
DA:264,0
DA:265,0
DA:266,0
DA:267,0
DA:268,52
DA:269,52
DA:270,52
DA:271,0
DA:272,0
DA:273,0
DA:274,0
DA:275,0
DA:276,0
DA:277,0
DA:278,0
DA:279,0
DA:280,0
DA:281,0
DA:282,0
DA:283,0
DA:284,0
DA:285,0
DA:286,0
DA:287,0
DA:288,0
DA:289,0
DA:290,0
DA:291,0
DA:292,0
DA:293,0
DA:294,0
DA:295,0
DA:296,0
DA:297,0
DA:298,0
DA:299,0
DA:300,0
DA:301,0
DA:302,0
DA:303,0
DA:304,0
DA:305,0
DA:306,0
DA:307,52
DA:308,52
DA:309,52
DA:310,0
DA:311,0
DA:312,0
DA:313,0
DA:314,0
DA:315,0
DA:316,0
DA:317,0
DA:318,0
DA:319,0
DA:320,0
DA:321,0
DA:322,0
DA:323,0
DA:324,0
DA:325,0
DA:326,0
DA:327,0
DA:328,0
DA:329,0
DA:330,0
DA:331,0
DA:332,0
DA:333,0
DA:334,0
DA:335,0
DA:336,0
DA:337,0
DA:338,0
DA:339,0
DA:340,0
DA:341,0
DA:342,0
DA:343,0
DA:344,0
DA:345,0
DA:346,0
DA:347,0
DA:348,0
DA:349,0
DA:350,0
DA:351,0
DA:352,0
DA:353,0
DA:354,0
DA:355,0
DA:356,0
DA:357,0
DA:358,0
DA:359,0
DA:360,0
DA:361,0
DA:362,0
DA:363,0
DA:364,0
DA:365,0
DA:366,0
DA:367,0
DA:368,0
DA:369,0
DA:370,0
DA:371,0
DA:372,0
DA:373,0
DA:374,0
DA:375,0
DA:376,0
DA:377,0
DA:378,0
DA:379,0
DA:380,0
DA:381,0
DA:382,0
DA:383,0
DA:384,0
DA:385,0
DA:386,0
DA:387,0
DA:388,0
DA:389,0
DA:390,0
DA:391,0
DA:392,0
DA:393,0
DA:394,0
DA:395,0
DA:396,0
DA:397,0
DA:398,0
DA:399,0
DA:400,0
DA:401,0
DA:402,0
DA:403,0
DA:404,52
DA:405,52
DA:406,52
DA:407,52
DA:408,52
DA:409,52
DA:410,52
DA:411,52
DA:412,52
DA:413,0
DA:414,52
DA:415,52
DA:416,52
DA:417,0
DA:418,52
DA:419,52
DA:420,52
DA:421,0
DA:422,52
DA:423,52
DA:424,52
DA:425,0
DA:426,52
DA:427,52
DA:428,52
DA:429,0
DA:430,52
DA:431,52
DA:432,52
DA:433,0
DA:434,52
DA:435,52
DA:436,52
DA:437,52
DA:438,52
DA:439,52
DA:440,52
DA:441,52
DA:442,52
DA:443,52
DA:444,52
DA:445,52
DA:446,52
DA:447,52
DA:448,52
DA:449,52
DA:450,52
DA:451,52
DA:452,52
DA:453,52
DA:454,52
DA:455,52
DA:456,52
DA:457,52
DA:458,52
DA:459,52
DA:460,52
DA:461,52
DA:462,52
DA:463,52
DA:464,52
DA:465,52
DA:466,52
DA:467,52
DA:468,52
DA:469,52
DA:470,52
DA:471,52
DA:472,52
DA:473,52
DA:474,52
DA:475,52
DA:476,52
DA:477,52
DA:478,52
DA:479,52
DA:480,52
DA:481,52
DA:482,52
DA:483,52
DA:484,52
DA:485,52
DA:486,52
DA:487,52
DA:488,52
DA:489,52
DA:490,52
DA:491,52
DA:492,52
DA:493,52
DA:494,52
DA:495,52
DA:496,52
DA:497,52
DA:498,52
DA:499,52
DA:500,52
DA:501,52
DA:502,52
DA:503,52
DA:504,52
DA:505,52
DA:506,52
DA:507,52
DA:508,52
DA:509,52
DA:510,52
DA:511,52
DA:512,52
DA:513,52
DA:514,52
DA:515,52
DA:516,52
DA:517,52
DA:518,52
DA:519,52
DA:520,52
DA:521,52
DA:522,52
DA:523,52
DA:524,52
DA:525,52
DA:526,52
DA:527,52
DA:528,52
DA:529,52
DA:530,52
DA:531,52
DA:532,52
DA:533,52
DA:534,52
DA:535,52
DA:536,52
DA:537,52
DA:538,52
DA:539,52
DA:540,52
DA:541,52
DA:542,52
DA:543,52
DA:544,52
DA:545,52
DA:546,52
DA:547,52
DA:548,52
DA:549,52
DA:550,52
DA:551,52
DA:552,52
DA:553,52
DA:554,52
DA:555,52
DA:556,52
DA:557,52
DA:558,52
DA:559,52
DA:560,52
DA:561,52
DA:562,52
DA:563,52
DA:564,52
DA:565,52
DA:566,52
DA:567,52
DA:568,52
DA:569,52
DA:570,52
DA:571,52
DA:572,52
DA:573,52
DA:574,52
DA:575,52
DA:576,52
DA:577,52
DA:578,52
DA:579,52
DA:580,52
DA:581,52
DA:582,52
DA:583,52
DA:584,52
DA:585,52
DA:586,52
DA:587,52
DA:588,52
DA:589,52
DA:590,52
DA:591,52
DA:592,52
DA:593,52
DA:594,52
DA:595,52
DA:596,52
DA:597,52
DA:598,52
DA:599,52
DA:600,52
DA:601,52
DA:602,52
DA:603,52
DA:604,52
DA:605,52
DA:606,52
DA:607,52
DA:608,52
DA:609,52
DA:610,52
DA:611,52
DA:612,52
DA:613,52
DA:614,52
DA:615,52
DA:616,52
DA:617,52
DA:618,52
DA:619,52
DA:620,52
DA:621,12
DA:622,0
DA:623,0
DA:624,0
DA:625,12
DA:626,52
DA:627,52
DA:628,52
DA:629,52
DA:630,52
DA:631,52
DA:632,52
DA:633,52
DA:634,52
DA:635,52
DA:636,52
DA:637,52
DA:638,52
DA:639,52
DA:640,52
DA:641,52
DA:642,52
DA:643,49
DA:644,49
DA:645,49
DA:646,3
DA:647,3
DA:648,3
DA:649,4
DA:650,4
DA:651,4
DA:652,4
DA:653,4
DA:654,4
DA:655,4
DA:656,4
DA:657,4
DA:658,4
DA:659,4
DA:660,4
DA:661,4
DA:662,3
DA:663,3
DA:664,52
DA:665,52
DA:666,52
DA:667,52
DA:668,52
DA:669,52
DA:670,52
DA:671,52
DA:672,52
DA:673,52
DA:674,52
DA:675,52
DA:676,52
DA:677,52
DA:678,52
DA:679,52
DA:680,52
DA:681,52
DA:682,52
DA:683,52
DA:684,52
DA:685,52
DA:686,52
DA:687,52
DA:688,52
DA:689,52
DA:690,52
DA:691,52
DA:692,52
DA:693,52
DA:694,52
DA:695,52
DA:696,52
DA:697,52
DA:698,52
DA:699,52
DA:700,52
DA:701,52
DA:702,52
DA:703,52
DA:704,52
DA:705,52
DA:706,52
DA:707,52
DA:708,52
DA:709,52
DA:710,52
DA:711,52
DA:712,52
DA:713,52
DA:714,52
DA:715,52
DA:716,52
DA:717,52
DA:718,52
DA:719,52
DA:720,52
DA:721,52
DA:722,52
DA:723,52
DA:724,52
DA:725,52
DA:726,0
DA:727,0
DA:728,0
DA:729,0
DA:730,0
DA:731,52
DA:732,52
DA:733,52
DA:734,0
DA:735,0
DA:736,0
DA:737,0
DA:738,0
DA:739,0
DA:740,0
DA:741,0
DA:742,0
DA:743,0
DA:744,0
DA:745,0
DA:746,0
DA:747,0
DA:748,0
DA:749,0
DA:750,0
DA:751,0
DA:752,0
DA:753,0
DA:754,0
DA:755,0
DA:756,0
DA:757,0
DA:758,0
DA:759,0
DA:760,0
DA:761,0
DA:762,0
DA:763,52
DA:764,52
DA:765,52
DA:766,0
DA:767,0
DA:768,0
DA:769,0
DA:770,0
DA:771,0
DA:772,0
DA:773,0
DA:774,0
DA:775,0
DA:776,0
DA:777,0
DA:778,0
DA:779,0
DA:780,0
DA:781,0
DA:782,0
DA:783,0
DA:784,0
DA:785,0
DA:786,0
DA:787,0
DA:788,0
DA:789,0
DA:790,0
DA:791,0
DA:792,0
DA:793,0
DA:794,0
DA:795,0
DA:796,0
DA:797,0
DA:798,0
DA:799,0
DA:800,0
DA:801,0
DA:802,0
DA:803,52
DA:804,52
DA:805,52
DA:806,52
LF:806
LH:541
BRDA:19,0,0,52
BRDA:460,1,0,2
BRDA:460,2,0,50
BRDA:642,3,0,49
BRDA:646,4,0,3
BRDA:719,5,0,2
BRDA:719,6,0,50
BRDA:725,7,0,0
BRDA:733,8,0,0
BRDA:765,9,0,0
BRDA:43,10,0,4
BRDA:44,11,0,0
BRDA:47,12,0,2
BRDA:48,13,0,1
BRDA:49,14,0,0
BRDA:51,15,0,0
BRDA:53,16,0,1
BRDA:54,17,0,1
BRDA:55,18,0,0
BRDA:55,19,0,0
BRDA:80,20,0,0
BRDA:81,21,0,0
BRDA:84,22,0,3
BRDA:56,23,0,1
BRDA:58,24,0,0
BRDA:59,25,0,0
BRDA:61,26,0,0
BRDA:64,27,0,0
BRDA:67,28,0,0
BRDA:68,29,0,0
BRDA:72,30,0,0
BRDA:73,31,0,0
BRDA:74,32,0,0
BRDA:89,33,0,8
BRDA:94,34,0,0
BRDA:99,35,0,6
BRDA:102,36,0,2
BRDA:104,37,0,0
BRDA:107,38,0,2
BRDA:108,39,0,0
BRDA:109,40,0,0
BRDA:109,41,0,0
BRDA:122,42,0,2
BRDA:122,43,0,2
BRDA:123,44,0,2
BRDA:125,45,0,2
BRDA:127,46,0,0
BRDA:130,47,0,0
BRDA:133,48,0,2
BRDA:90,49,0,8
BRDA:110,50,0,2
BRDA:112,51,0,0
BRDA:116,52,0,0
BRDA:119,53,0,0
BRDA:137,54,0,8
BRDA:138,55,0,8
BRDA:139,56,0,0
BRDA:145,57,0,8
BRDA:147,58,0,0
BRDA:149,59,0,7
BRDA:149,60,0,1
BRDA:151,61,0,1
BRDA:154,62,0,1
BRDA:157,63,0,1
BRDA:160,64,0,0
BRDA:165,65,0,40
BRDA:166,66,0,35
BRDA:166,67,0,5
BRDA:168,68,0,0
BRDA:168,69,0,5
BRDA:185,70,0,0
BRDA:190,71,0,10
BRDA:191,72,0,8
BRDA:191,73,0,2
BRDA:192,74,0,0
BRDA:192,75,0,2
BRDA:196,76,0,26
BRDA:198,77,0,26
BRDA:204,78,0,12
BRDA:208,79,0,2
BRDA:210,80,0,0
BRDA:214,81,0,2
BRDA:442,82,0,1
BRDA:620,83,0,12
BRDA:621,84,0,0
BRDA:648,85,0,4
BRF:86
BRH:49
end_of_record
TN:
SF:app\Instructor\Practice\practice.jsx
FN:19,PracticePage
FN:65,finishHydration
FN:158,persistPreviewState
FN:170,handleTopicInputChange
FN:174,handleAddTopic
FN:184,handleRemoveTopic
FN:188,deleteDocumentFromIndex
FN:199,deleteQuizDefinition
FN:210,showSaveSuccess
FN:220,handlePreviewQuiz
FN:252,handlePublishQuiz
FN:256,saveQuizRecord
FN:326,handleSaveQuiz
FN:330,handleDeleteQuiz
FN:338,confirmDeleteQuiz
FN:354,cancelDeleteQuiz
FN:358,handleBackToQuizList
FN:362,handleLeaveWithoutSaving
FN:372,handleSaveAndExit
FN:380,handleStayOnPage
FN:433,onChange
FN:448,onChange
FN:482,onKeyDown
FN:518,onClick
FNF:24
FNH:6
FNDA:51,PracticePage
FNDA:9,finishHydration
FNDA:0,persistPreviewState
FNDA:20,handleTopicInputChange
FNDA:2,handleAddTopic
FNDA:0,handleRemoveTopic
FNDA:0,deleteDocumentFromIndex
FNDA:0,deleteQuizDefinition
FNDA:0,showSaveSuccess
FNDA:0,handlePreviewQuiz
FNDA:0,handlePublishQuiz
FNDA:0,saveQuizRecord
FNDA:0,handleSaveQuiz
FNDA:0,handleDeleteQuiz
FNDA:0,confirmDeleteQuiz
FNDA:0,cancelDeleteQuiz
FNDA:0,handleBackToQuizList
FNDA:0,handleLeaveWithoutSaving
FNDA:0,handleSaveAndExit
FNDA:0,handleStayOnPage
FNDA:16,onChange
FNDA:0,onChange
FNDA:20,onKeyDown
FNDA:0,onClick
DA:1,1
DA:2,1
DA:3,1
DA:4,1
DA:5,1
DA:6,1
DA:7,1
DA:8,1
DA:9,1
DA:10,1
DA:11,1
DA:12,1
DA:13,1
DA:14,1
DA:15,1
DA:16,1
DA:17,1
DA:18,1
DA:19,1
DA:20,51
DA:21,51
DA:22,51
DA:23,51
DA:24,51
DA:25,51
DA:26,51
DA:27,51
DA:28,51
DA:29,51
DA:30,51
DA:31,51
DA:32,51
DA:33,51
DA:34,51
DA:35,51
DA:36,51
DA:37,51
DA:38,51
DA:39,4
DA:40,4
DA:41,4
DA:42,4
DA:43,4
DA:44,1
DA:45,1
DA:46,4
DA:47,4
DA:48,4
DA:49,1
DA:50,4
DA:51,4
DA:52,4
DA:53,4
DA:54,4
DA:55,4
DA:56,4
DA:57,4
DA:58,4
DA:59,4
DA:60,1
DA:61,1
DA:62,51
DA:63,51
DA:64,51
DA:65,9
DA:66,9
DA:67,9
DA:68,9
DA:69,9
DA:70,0
DA:71,0
DA:72,0
DA:73,9
DA:74,9
DA:75,7
DA:76,7
DA:77,7
DA:78,2
DA:79,9
DA:80,0
DA:81,0
DA:82,0
DA:83,9
DA:84,9
DA:85,9
DA:86,9
DA:87,9
DA:88,9
DA:89,9
DA:90,9
DA:91,9
DA:92,2
DA:93,9
DA:94,0
DA:95,0
DA:96,9
DA:97,0
DA:98,0
DA:99,0
DA:100,2
DA:101,51
DA:102,51
DA:103,51
DA:104,9
DA:105,9
DA:106,0
DA:107,0
DA:108,9
DA:109,51
DA:110,51
DA:111,51
DA:112,9
DA:113,9
DA:114,9
DA:115,9
DA:116,1
DA:117,9
DA:118,1
DA:119,1
DA:120,9
DA:121,1
DA:122,1
DA:123,9
DA:124,1
DA:125,1
DA:126,9
DA:127,0
DA:128,0
DA:129,51
DA:130,51
DA:131,51
DA:132,31
DA:133,5
DA:134,31
DA:135,5
DA:136,5
DA:137,5
DA:138,5
DA:139,5
DA:140,5
DA:141,5
DA:142,5
DA:143,5
DA:144,5
DA:145,5
DA:146,5
DA:147,31
DA:148,0
DA:149,0
DA:150,51
DA:151,51
DA:152,51
DA:153,12
DA:154,12
DA:155,2
DA:156,51
DA:157,51
DA:158,51
DA:159,0
DA:160,0
DA:161,0
DA:162,0
DA:163,0
DA:164,0
DA:165,0
DA:166,0
DA:167,0
DA:168,51
DA:169,51
DA:170,51
DA:171,20
DA:172,51
DA:173,51
DA:174,51
DA:175,2
DA:176,2
DA:177,0
DA:178,0
DA:179,0
DA:180,2
DA:181,2
DA:182,51
DA:183,51
DA:184,51
DA:185,0
DA:186,51
DA:187,51
DA:188,51
DA:189,0
DA:190,0
DA:191,0
DA:192,0
DA:193,0
DA:194,0
DA:195,0
DA:196,0
DA:197,51
DA:198,51
DA:199,51
DA:200,0
DA:201,0
DA:202,0
DA:203,0
DA:204,0
DA:205,0
DA:206,0
DA:207,0
DA:208,51
DA:209,51
DA:210,51
DA:211,0
DA:212,0
DA:213,0
DA:214,0
DA:215,0
DA:216,0
DA:217,0
DA:218,51
DA:219,51
DA:220,51
DA:221,0
DA:222,0
DA:223,0
DA:224,0
DA:225,0
DA:226,0
DA:227,0
DA:228,0
DA:229,0
DA:230,0
DA:231,0
DA:232,0
DA:233,0
DA:234,0
DA:235,0
DA:236,0
DA:237,0
DA:238,0
DA:239,0
DA:240,0
DA:241,0
DA:242,0
DA:243,0
DA:244,0
DA:245,0
DA:246,0
DA:247,0
DA:248,0
DA:249,0
DA:250,51
DA:251,51
DA:252,51
DA:253,0
DA:254,51
DA:255,51
DA:256,51
DA:257,0
DA:258,0
DA:259,0
DA:260,0
DA:261,0
DA:262,0
DA:263,0
DA:264,0
DA:265,0
DA:266,0
DA:267,0
DA:268,0
DA:269,0
DA:270,0
DA:271,0
DA:272,0
DA:273,0
DA:274,0
DA:275,0
DA:276,0
DA:277,0
DA:278,0
DA:279,0
DA:280,0
DA:281,0
DA:282,0
DA:283,0
DA:284,0
DA:285,0
DA:286,0
DA:287,0
DA:288,0
DA:289,0
DA:290,0
DA:291,0
DA:292,0
DA:293,0
DA:294,0
DA:295,0
DA:296,0
DA:297,0
DA:298,0
DA:299,0
DA:300,0
DA:301,0
DA:302,0
DA:303,0
DA:304,0
DA:305,0
DA:306,0
DA:307,0
DA:308,0
DA:309,0
DA:310,0
DA:311,0
DA:312,0
DA:313,0
DA:314,0
DA:315,0
DA:316,0
DA:317,0
DA:318,0
DA:319,0
DA:320,0
DA:321,0
DA:322,0
DA:323,0
DA:324,51
DA:325,51
DA:326,51
DA:327,0
DA:328,51
DA:329,51
DA:330,51
DA:331,0
DA:332,0
DA:333,0
DA:334,0
DA:335,0
DA:336,51
DA:337,51
DA:338,51
DA:339,0
DA:340,0
DA:341,0
DA:342,0
DA:343,0
DA:344,0
DA:345,0
DA:346,0
DA:347,0
DA:348,0
DA:349,0
DA:350,0
DA:351,0
DA:352,51
DA:353,51
DA:354,51
DA:355,0
DA:356,51
DA:357,51
DA:358,51
DA:359,0
DA:360,51
DA:361,51
DA:362,51
DA:363,0
DA:364,0
DA:365,0
DA:366,0
DA:367,0
DA:368,0
DA:369,0
DA:370,51
DA:371,51
DA:372,51
DA:373,0
DA:374,0
DA:375,0
DA:376,0
DA:377,0
DA:378,51
DA:379,51
DA:380,51
DA:381,0
DA:382,51
DA:383,51
DA:384,51
DA:385,51
DA:386,51
DA:387,51
DA:388,51
DA:389,51
DA:390,51
DA:391,51
DA:392,51
DA:393,51
DA:394,51
DA:395,51
DA:396,51
DA:397,51
DA:398,51
DA:399,51
DA:400,51
DA:401,51
DA:402,51
DA:403,51
DA:404,51
DA:405,51
DA:406,51
DA:407,51
DA:408,51
DA:409,1
DA:410,50
DA:411,51
DA:412,51
DA:413,51
DA:414,51
DA:415,51
DA:416,51
DA:417,51
DA:418,51
DA:419,51
DA:420,51
DA:421,51
DA:422,51
DA:423,51
DA:424,51
DA:425,51
DA:426,51
DA:427,51
DA:428,51
DA:429,51
DA:430,51
DA:431,51
DA:432,51
DA:433,51
DA:434,51
DA:435,51
DA:436,51
DA:437,51
DA:438,51
DA:439,51
DA:440,51
DA:441,51
DA:442,51
DA:443,51
DA:444,51
DA:445,51
DA:446,51
DA:447,51
DA:448,51
DA:449,51
DA:450,51
DA:451,51
DA:452,51
DA:453,51
DA:454,51
DA:455,51
DA:456,51
DA:457,51
DA:458,51
DA:459,51
DA:460,51
DA:461,51
DA:462,51
DA:463,51
DA:464,51
DA:465,51
DA:466,51
DA:467,51
DA:468,51
DA:469,51
DA:470,51
DA:471,51
DA:472,51
DA:473,51
DA:474,51
DA:475,51
DA:476,51
DA:477,51
DA:478,51
DA:479,51
DA:480,51
DA:481,51
DA:482,51
DA:483,20
DA:484,0
DA:485,0
DA:486,0
DA:487,20
DA:488,51
DA:489,51
DA:490,51
DA:491,51
DA:492,51
DA:493,51
DA:494,51
DA:495,51
DA:496,51
DA:497,51
DA:498,51
DA:499,51
DA:500,51
DA:501,51
DA:502,51
DA:503,51
DA:504,51
DA:505,48
DA:506,48
DA:507,48
DA:508,3
DA:509,3
DA:510,3
DA:511,3
DA:512,3
DA:513,3
DA:514,3
DA:515,3
DA:516,3
DA:517,3
DA:518,3
DA:519,3
DA:520,3
DA:521,3
DA:522,3
DA:523,3
DA:524,3
DA:525,3
DA:526,51
DA:527,51
DA:528,51
DA:529,51
DA:530,51
DA:531,51
DA:532,51
DA:533,51
DA:534,51
DA:535,51
DA:536,51
DA:537,51
DA:538,51
DA:539,51
DA:540,51
DA:541,51
DA:542,51
DA:543,51
DA:544,51
DA:545,51
DA:546,51
DA:547,51
DA:548,51
DA:549,51
DA:550,51
DA:551,51
DA:552,51
DA:553,51
DA:554,51
DA:555,51
DA:556,51
DA:557,51
DA:558,51
DA:559,51
DA:560,51
DA:561,51
DA:562,51
DA:563,51
DA:564,51
DA:565,51
DA:566,51
DA:567,51
DA:568,51
DA:569,51
DA:570,51
DA:571,51
DA:572,51
DA:573,51
DA:574,51
DA:575,51
DA:576,51
DA:577,51
DA:578,51
DA:579,51
DA:580,51
DA:581,51
DA:582,51
DA:583,51
DA:584,51
DA:585,51
DA:586,51
DA:587,51
DA:588,51
DA:589,51
DA:590,51
DA:591,51
DA:592,51
DA:593,51
DA:594,0
DA:595,0
DA:596,0
DA:597,0
DA:598,0
DA:599,51
DA:600,51
DA:601,51
DA:602,51
DA:603,0
DA:604,0
DA:605,0
DA:606,0
DA:607,0
DA:608,0
DA:609,0
DA:610,0
DA:611,0
DA:612,0
DA:613,0
DA:614,0
DA:615,0
DA:616,0
DA:617,0
DA:618,0
DA:619,0
DA:620,0
DA:621,0
DA:622,0
DA:623,0
DA:624,0
DA:625,0
DA:626,0
DA:627,0
DA:628,0
DA:629,0
DA:630,0
DA:631,0
DA:632,51
DA:633,51
DA:634,51
DA:635,0
DA:636,0
DA:637,0
DA:638,0
DA:639,0
DA:640,0
DA:641,0
DA:642,0
DA:643,0
DA:644,0
DA:645,0
DA:646,0
DA:647,0
DA:648,0
DA:649,0
DA:650,0
DA:651,0
DA:652,0
DA:653,0
DA:654,0
DA:655,0
DA:656,0
DA:657,0
DA:658,0
DA:659,0
DA:660,0
DA:661,0
DA:662,0
DA:663,0
DA:664,0
DA:665,0
DA:666,0
DA:667,0
DA:668,0
DA:669,0
DA:670,0
DA:671,0
DA:672,51
DA:673,51
DA:674,51
DA:675,51
LF:675
LH:417
BRDA:19,0,0,51
BRDA:409,1,0,1
BRDA:410,2,0,50
BRDA:504,3,0,48
BRDA:508,4,0,3
BRDA:588,5,0,1
BRDA:588,6,0,50
BRDA:593,7,0,0
BRDA:602,8,0,0
BRDA:634,9,0,0
BRDA:38,10,0,4
BRDA:39,11,0,0
BRDA:43,12,0,1
BRDA:44,13,0,0
BRDA:45,14,0,3
BRDA:46,15,0,2
BRDA:48,16,0,1
BRDA:49,17,0,1
BRDA:50,18,0,2
BRDA:50,19,0,2
BRDA:51,20,0,2
BRDA:52,21,0,2
BRDA:55,22,0,2
BRDA:56,23,0,2
BRDA:59,24,0,1
BRDA:64,25,0,9
BRDA:69,26,0,0
BRDA:74,27,0,7
BRDA:77,28,0,2
BRDA:79,29,0,0
BRDA:82,30,0,2
BRDA:83,31,0,0
BRDA:84,32,0,2
BRDA:85,33,0,1
BRDA:85,34,0,1
BRDA:86,35,0,0
BRDA:86,36,0,0
BRDA:88,37,0,2
BRDA:88,38,0,2
BRDA:89,39,0,2
BRDA:91,40,0,2
BRDA:93,41,0,0
BRDA:96,42,0,0
BRDA:99,43,0,2
BRDA:65,44,0,9
BRDA:103,45,0,9
BRDA:104,46,0,9
BRDA:105,47,0,0
BRDA:111,48,0,9
BRDA:113,49,0,0
BRDA:115,50,0,8
BRDA:115,51,0,1
BRDA:117,52,0,1
BRDA:120,53,0,1
BRDA:123,54,0,1
BRDA:126,55,0,0
BRDA:131,56,0,31
BRDA:132,57,0,26
BRDA:132,58,0,5
BRDA:134,59,0,0
BRDA:134,60,0,5
BRDA:147,61,0,0
BRDA:152,62,0,12
BRDA:153,63,0,10
BRDA:153,64,0,2
BRDA:154,65,0,0
BRDA:154,66,0,2
BRDA:170,67,0,20
BRDA:174,68,0,2
BRDA:176,69,0,0
BRDA:180,70,0,2
BRDA:433,71,0,16
BRDA:482,72,0,20
BRDA:483,73,0,0
BRDA:510,74,0,3
BRF:75
BRH:55
end_of_record
TN:
SF:app\Instructor\QuizGenerator\quiz_generator.jsx
FN:16,ensureSessionId
FN:30,QuizGeneratorPage
FN:41,handleModeSelect
FN:46,handleFileUpload
FN:55,saveSeedAndNavigate
FN:80,handleNext
FN:94,handleIngest
FN:155,handleBackToQuizList
FN:156,handleProceedExit
FN:170,handleStay
FN:201,onClick
FN:213,onClick
FNF:12
FNH:8
FNDA:6,ensureSessionId
FNDA:34,QuizGeneratorPage
FNDA:1,handleModeSelect
FNDA:7,handleFileUpload
FNDA:0,saveSeedAndNavigate
FNDA:0,handleNext
FNDA:7,handleIngest
FNDA:2,handleBackToQuizList
FNDA:2,handleProceedExit
FNDA:0,handleStay
FNDA:1,onClick
FNDA:0,onClick
DA:1,1
DA:2,1
DA:3,1
DA:4,1
DA:5,1
DA:6,1
DA:7,1
DA:8,1
DA:9,1
DA:10,1
DA:11,1
DA:12,1
DA:13,1
DA:14,1
DA:15,1
DA:16,1
DA:17,6
DA:18,6
DA:19,6
DA:20,6
DA:21,6
DA:22,6
DA:23,6
DA:24,6
DA:25,6
DA:26,6
DA:27,6
DA:28,6
DA:29,1
DA:30,1
DA:31,34
DA:32,34
DA:33,34
DA:34,34
DA:35,34
DA:36,34
DA:37,34
DA:38,34
DA:39,34
DA:40,34
DA:41,34
DA:42,1
DA:43,1
DA:44,34
DA:45,34
DA:46,34
DA:47,7
DA:48,7
DA:49,7
DA:50,7
DA:51,7
DA:52,7
DA:53,34
DA:54,34
DA:55,34
DA:56,0
DA:57,0
DA:58,0
DA:59,0
DA:60,0
DA:61,0
DA:62,0
DA:63,0
DA:64,0
DA:65,0
DA:66,0
DA:67,0
DA:68,0
DA:69,0
DA:70,0
DA:71,0
DA:72,0
DA:73,0
DA:74,0
DA:75,0
DA:76,0
DA:77,0
DA:78,34
DA:79,34
DA:80,34
DA:81,0
DA:82,0
DA:83,0
DA:84,0
DA:85,0
DA:86,0
DA:87,0
DA:88,0
DA:89,0
DA:90,0
DA:91,0
DA:92,34
DA:93,34
DA:94,34
DA:95,7
DA:96,0
DA:97,0
DA:98,0
DA:99,7
DA:100,7
DA:101,7
DA:102,7
DA:103,7
DA:104,7
DA:105,7
DA:106,1
DA:107,1
DA:108,1
DA:109,1
DA:110,1
DA:111,1
DA:112,1
DA:113,1
DA:114,6
DA:115,6
DA:116,6
DA:117,6
DA:118,6
DA:119,6
DA:120,6
DA:121,6
DA:122,6
DA:123,6
DA:124,6
DA:125,6
DA:126,6
DA:127,6
DA:128,6
DA:129,6
DA:130,6
DA:131,6
DA:132,7
DA:133,1
DA:134,1
DA:135,1
DA:136,5
DA:137,5
DA:138,5
DA:139,7
DA:140,0
DA:141,7
DA:142,7
DA:143,7
DA:144,7
DA:145,7
DA:146,7
DA:147,7
DA:148,2
DA:149,2
DA:150,7
DA:151,7
DA:152,7
DA:153,34
DA:154,34
DA:155,34
DA:156,34
DA:157,2
DA:158,2
DA:159,2
DA:160,2
DA:161,2
DA:162,2
DA:163,1
DA:164,2
DA:165,1
DA:166,2
DA:167,2
DA:168,2
DA:169,34
DA:170,34
DA:171,34
DA:172,34
DA:173,34
DA:174,33
DA:175,33
DA:176,34
DA:177,34
DA:178,34
DA:179,34
DA:180,34
DA:181,34
DA:182,34
DA:183,34
DA:184,34
DA:185,34
DA:186,34
DA:187,34
DA:188,34
DA:189,34
DA:190,34
DA:191,34
DA:192,34
DA:193,34
DA:194,34
DA:195,34
DA:196,34
DA:197,34
DA:198,34
DA:199,34
DA:200,34
DA:201,34
DA:202,34
DA:203,34
DA:204,34
DA:205,34
DA:206,34
DA:207,34
DA:208,34
DA:209,34
DA:210,34
DA:211,34
DA:212,34
DA:213,34
DA:214,34
DA:215,34
DA:216,34
DA:217,34
DA:218,34
DA:219,34
DA:220,34
DA:221,34
DA:222,34
DA:223,34
DA:224,34
DA:225,34
DA:226,34
DA:227,34
DA:228,34
DA:229,34
DA:230,34
DA:231,34
DA:232,34
DA:233,34
DA:234,34
DA:235,34
DA:236,34
DA:237,34
DA:238,34
DA:239,34
DA:240,34
DA:241,34
DA:242,34
DA:243,34
DA:244,34
DA:245,34
DA:246,34
DA:247,34
DA:248,34
DA:249,34
DA:250,34
DA:251,34
DA:252,34
DA:253,34
DA:254,34
DA:255,34
DA:256,34
DA:257,34
DA:258,34
DA:259,34
DA:260,34
DA:261,34
DA:262,34
DA:263,34
DA:264,34
DA:265,34
DA:266,34
DA:267,34
DA:268,34
DA:269,34
DA:270,34
DA:271,34
DA:272,34
DA:273,34
DA:274,34
DA:275,34
DA:276,34
DA:277,34
DA:278,34
DA:279,34
DA:280,34
DA:281,34
DA:282,34
DA:283,34
DA:284,34
DA:285,34
DA:286,34
DA:287,34
DA:288,34
DA:289,34
DA:290,34
DA:291,34
DA:292,34
DA:293,34
DA:294,34
DA:295,34
DA:296,10
DA:297,24
DA:298,34
DA:299,34
DA:300,34
DA:301,34
DA:302,34
DA:303,34
DA:304,9
DA:305,9
DA:306,9
DA:307,34
DA:308,34
DA:309,2
DA:310,34
DA:311,34
DA:312,34
DA:313,34
DA:314,2
DA:315,2
DA:316,2
DA:317,2
DA:318,2
DA:319,2
DA:320,2
DA:321,2
DA:322,2
DA:323,2
DA:324,2
DA:325,2
DA:326,2
DA:327,2
DA:328,2
DA:329,2
DA:330,2
DA:331,2
DA:332,2
DA:333,2
DA:334,2
DA:335,2
DA:336,2
DA:337,2
DA:338,2
DA:339,2
DA:340,2
DA:341,2
DA:342,2
DA:343,34
DA:344,34
DA:345,34
DA:346,34
LF:346
LH:309
BRDA:16,0,0,6
BRDA:17,1,0,0
BRDA:24,2,0,0
BRDA:30,3,0,34
BRDA:173,4,0,33
BRDA:174,5,0,12
BRDA:175,6,0,12
BRDA:203,7,0,1
BRDA:203,8,0,33
BRDA:215,9,0,33
BRDA:215,10,0,1
BRDA:258,11,0,25
BRDA:258,12,0,9
BRDA:280,13,0,25
BRDA:286,14,0,7
BRDA:286,15,0,27
BRDA:296,16,0,10
BRDA:297,17,0,24
BRDA:303,18,0,9
BRDA:308,19,0,2
BRDA:313,20,0,2
BRDA:41,21,0,1
BRDA:46,22,0,7
BRDA:94,23,0,7
BRDA:95,24,0,0
BRDA:105,25,0,1
BRDA:113,26,0,6
BRDA:132,27,0,1
BRDA:134,28,0,0
BRDA:135,29,0,5
BRDA:139,30,0,2
BRDA:140,31,0,0
BRDA:141,32,0,5
BRDA:145,33,0,0
BRDA:147,34,0,2
BRDA:149,35,0,0
BRDA:155,36,0,2
BRDA:156,37,0,2
BRDA:162,38,0,1
BRDA:164,39,0,1
BRDA:201,40,0,1
BRF:41
BRH:34
end_of_record
TN:
SF:app\Quiz\MyQuiz\myquiz.jsx
FN:20,MyQuizPage
FN:27,fetchQuizzes
FN:53,handleCreateQuiz
FN:56,handleOpenQuiz
FN:170,onClick
FNF:5
FNH:3
FNDA:11,MyQuizPage
FNDA:6,fetchQuizzes
FNDA:1,handleCreateQuiz
FNDA:0,handleOpenQuiz
FNDA:0,onClick
DA:1,1
DA:2,1
DA:3,1
DA:4,1
DA:5,1
DA:6,1
DA:7,1
DA:8,1
DA:9,1
DA:10,1
DA:11,1
DA:12,1
DA:13,1
DA:14,1
DA:15,1
DA:16,1
DA:17,1
DA:18,1
DA:19,1
DA:20,1
DA:21,11
DA:22,11
DA:23,11
DA:24,11
DA:25,11
DA:26,6
DA:27,6
DA:28,6
DA:29,6
DA:30,6
DA:31,6
DA:32,6
DA:33,1
DA:34,1
DA:35,1
DA:36,4
DA:37,6
DA:38,6
DA:39,6
DA:40,2
DA:41,2
DA:42,6
DA:43,6
DA:44,6
DA:45,6
DA:46,6
DA:47,6
DA:48,6
DA:49,6
DA:50,6
DA:51,11
DA:52,11
DA:53,11
DA:54,1
DA:55,11
DA:56,11
DA:57,0
DA:58,11
DA:59,11
DA:60,11
DA:61,11
DA:62,11
DA:63,11
DA:64,11
DA:65,11
DA:66,11
DA:67,11
DA:68,11
DA:69,11
DA:70,11
DA:71,11
DA:72,11
DA:73,11
DA:74,11
DA:75,11
DA:76,11
DA:77,6
DA:78,6
DA:79,6
DA:80,6
DA:81,6
DA:82,5
DA:83,4
DA:84,4
DA:85,4
DA:86,4
DA:87,4
DA:88,4
DA:89,4
DA:90,4
DA:91,4
DA:92,4
DA:93,4
DA:94,4
DA:95,4
DA:96,4
DA:97,4
DA:98,4
DA:99,4
DA:100,4
DA:101,4
DA:102,4
DA:103,4
DA:104,4
DA:105,4
DA:106,4
DA:107,4
DA:108,4
DA:109,4
DA:110,4
DA:111,4
DA:112,4
DA:113,4
DA:114,4
DA:115,4
DA:116,4
DA:117,4
DA:118,4
DA:119,4
DA:120,4
DA:121,4
DA:122,4
DA:123,4
DA:124,4
DA:125,4
DA:126,4
DA:127,4
DA:128,4
DA:129,4
DA:130,4
DA:131,4
DA:132,4
DA:133,4
DA:134,4
DA:135,4
DA:136,4
DA:137,4
DA:138,4
DA:139,4
DA:140,4
DA:141,4
DA:142,4
DA:143,4
DA:144,4
DA:145,4
DA:146,4
DA:147,4
DA:148,4
DA:149,4
DA:150,4
DA:151,4
DA:152,4
DA:153,4
DA:154,4
DA:155,4
DA:156,4
DA:157,4
DA:158,4
DA:159,4
DA:160,4
DA:161,4
DA:162,4
DA:163,1
DA:164,1
DA:165,1
DA:166,1
DA:167,1
DA:168,1
DA:169,1
DA:170,1
DA:171,1
DA:172,1
DA:173,1
DA:174,1
DA:175,1
DA:176,1
DA:177,1
DA:178,1
DA:179,1
DA:180,1
DA:181,1
DA:182,1
DA:183,1
DA:184,1
DA:185,1
DA:186,1
DA:187,1
DA:188,1
DA:189,11
DA:190,11
DA:191,11
DA:192,11
DA:193,11
DA:194,11
LF:194
LH:193
BRDA:20,0,0,11
BRDA:76,1,0,6
BRDA:82,2,0,5
BRDA:82,3,0,4
BRDA:163,4,0,1
BRDA:25,5,0,6
BRDA:27,6,0,6
BRDA:31,7,0,5
BRDA:32,8,0,1
BRDA:34,9,0,0
BRDA:35,10,0,4
BRDA:37,11,0,0
BRDA:37,12,0,4
BRDA:38,13,0,3
BRDA:38,14,0,1
BRDA:39,15,0,2
BRDA:40,16,0,0
BRDA:41,17,0,0
BRDA:53,18,0,1
BRDA:166,19,0,1
BRDA:176,20,0,0
BRDA:179,21,0,0
BRDA:182,22,0,0
BRDA:183,23,0,0
BRDA:184,24,0,0
BRF:25
BRH:16
end_of_record
TN:
SF:app\Quiz\Score\score.jsx
FN:13,safeParse
FN:35,QuizScorePage
FN:81,fetchPublishState
FN:105,showPublishNotice
FN:115,handleEditQuiz
FN:119,handlePublishQuiz
FNF:6
FNH:5
FNDA:18,safeParse
FNDA:15,QuizScorePage
FNDA:1,fetchPublishState
FNDA:1,showPublishNotice
FNDA:0,handleEditQuiz
FNDA:1,handlePublishQuiz
DA:1,1
DA:2,1
DA:3,1
DA:4,1
DA:5,1
DA:6,1
DA:7,1
DA:8,1
DA:9,1
DA:10,1
DA:11,1
DA:12,1
DA:13,1
DA:14,18
DA:15,9
DA:16,9
DA:17,18
DA:18,3
DA:19,3
DA:20,3
DA:21,18
DA:22,1
DA:23,1
DA:24,1
DA:25,1
DA:26,1
DA:27,1
DA:28,1
DA:29,1
DA:30,1
DA:31,1
DA:32,1
DA:33,1
DA:34,1
DA:35,1
DA:36,15
DA:37,15
DA:38,15
DA:39,15
DA:40,15
DA:41,15
DA:42,15
DA:43,15
DA:44,15
DA:45,15
DA:46,6
DA:47,6
DA:48,1
DA:49,1
DA:50,6
DA:51,15
DA:52,15
DA:53,15
DA:54,6
DA:55,6
DA:56,6
DA:57,6
DA:58,6
DA:59,6
DA:60,6
DA:61,6
DA:62,6
DA:63,6
DA:64,6
DA:65,6
DA:66,6
DA:67,6
DA:68,6
DA:69,4
DA:70,4
DA:71,4
DA:72,6
DA:73,15
DA:74,15
DA:75,15
DA:76,11
DA:77,11
DA:78,11
DA:79,1
DA:80,1
DA:81,1
DA:82,1
DA:83,1
DA:84,1
DA:85,1
DA:86,1
DA:87,1
DA:88,0
DA:89,0
DA:90,1
DA:91,1
DA:92,1
DA:93,1
DA:94,1
DA:95,0
DA:96,0
DA:97,1
DA:98,1
DA:99,1
DA:100,1
DA:101,1
DA:102,1
DA:103,15
DA:104,15
DA:105,15
DA:106,1
DA:107,1
DA:108,0
DA:109,0
DA:110,1
DA:111,0
DA:112,1
DA:113,15
DA:114,15
DA:115,15
DA:116,0
DA:117,15
DA:118,15
DA:119,15
DA:120,1
DA:121,1
DA:122,1
DA:123,0
DA:124,0
DA:125,0
DA:126,1
DA:127,1
DA:128,1
DA:129,1
DA:130,1
DA:131,1
DA:132,1
DA:133,1
DA:134,1
DA:135,1
DA:136,1
DA:137,1
DA:138,1
DA:139,1
DA:140,0
DA:141,0
DA:142,0
DA:143,0
DA:144,0
DA:145,0
DA:146,0
DA:147,1
DA:148,1
DA:149,1
DA:150,1
DA:151,1
DA:152,1
DA:153,1
DA:154,1
DA:155,1
DA:156,1
DA:157,1
DA:158,1
DA:159,1
DA:160,1
DA:161,1
DA:162,1
DA:163,1
DA:164,1
DA:165,1
DA:166,0
DA:167,0
DA:168,0
DA:169,0
DA:170,0
DA:171,0
DA:172,0
DA:173,0
DA:174,0
DA:175,0
DA:176,0
DA:177,1
DA:178,1
DA:179,1
DA:180,0
DA:181,0
DA:182,0
DA:183,0
DA:184,0
DA:185,0
DA:186,1
DA:187,1
DA:188,1
DA:189,1
DA:190,1
DA:191,1
DA:192,15
DA:193,15
DA:194,15
DA:195,6
DA:196,6
DA:197,6
DA:198,6
DA:199,6
DA:200,6
DA:201,6
DA:202,6
DA:203,6
DA:204,6
DA:205,6
DA:206,9
DA:207,9
DA:208,15
DA:209,15
DA:210,15
DA:211,15
DA:212,15
DA:213,15
DA:214,15
DA:215,15
DA:216,15
DA:217,15
DA:218,15
DA:219,15
DA:220,15
DA:221,15
DA:222,15
DA:223,15
DA:224,15
DA:225,15
DA:226,15
DA:227,15
DA:228,15
DA:229,15
DA:230,15
DA:231,15
DA:232,15
DA:233,15
DA:234,15
DA:235,15
DA:236,15
DA:237,15
DA:238,15
DA:239,15
DA:240,15
DA:241,15
DA:242,15
DA:243,15
DA:244,15
DA:245,15
DA:246,15
DA:247,15
DA:248,15
DA:249,15
DA:250,15
DA:251,15
DA:252,15
DA:253,15
DA:254,15
DA:255,15
DA:256,15
DA:257,15
DA:258,2
DA:259,2
DA:260,2
DA:261,15
DA:262,15
DA:263,1
DA:264,1
DA:265,1
DA:266,1
DA:267,1
DA:268,1
DA:269,1
DA:270,15
DA:271,15
DA:272,15
DA:273,15
DA:274,15
DA:275,15
LF:275
LH:240
BRDA:13,0,0,18
BRDA:14,1,0,9
BRDA:17,2,0,3
BRDA:35,3,0,15
BRDA:194,4,0,6
BRDA:205,5,0,9
BRDA:208,6,0,7
BRDA:208,7,0,4
BRDA:208,8,0,2
BRDA:249,9,0,8
BRDA:255,10,0,1
BRDA:255,11,0,8
BRDA:257,12,0,2
BRDA:262,13,0,1
BRDA:265,14,0,0
BRDA:45,15,0,6
BRDA:46,16,0,6
BRDA:47,17,0,1
BRDA:53,18,0,6
BRDA:54,19,0,0
BRDA:56,20,0,5
BRDA:57,21,0,5
BRDA:60,22,0,1
BRDA:60,23,0,5
BRDA:68,24,0,4
BRDA:59,25,0,3
BRDA:75,26,0,11
BRDA:76,27,0,5
BRDA:76,28,0,8
BRDA:76,29,0,2
BRDA:76,30,0,6
BRDA:77,31,0,6
BRDA:77,32,0,5
BRDA:78,33,0,4
BRDA:78,34,0,1
BRDA:81,35,0,1
BRDA:87,36,0,0
BRDA:90,37,0,0
BRDA:94,38,0,0
BRDA:93,39,0,1
BRDA:93,40,0,0
BRDA:100,41,0,1
BRDA:105,42,0,1
BRDA:107,43,0,0
BRDA:119,44,0,1
BRDA:120,45,0,0
BRDA:121,46,0,0
BRDA:121,47,0,0
BRDA:122,48,0,0
BRDA:137,49,0,0
BRDA:139,50,0,0
BRDA:146,51,0,0
BRDA:147,52,0,0
BRDA:148,53,0,0
BRDA:149,54,0,0
BRDA:156,55,0,0
BRDA:165,56,0,0
BRDA:177,57,0,0
BRDA:179,58,0,0
BRDA:188,59,0,0
BRF:60
BRH:38
end_of_record
TN:
SF:app\Quiz\[Qnumber]\qnumber.jsx
FN:17,safeParse
FN:27,normalizeQuestion
FN:38,QuizPage
FN:76,sanitize
FN:279,handleAnswerSelect
FN:284,handleSubmit
FN:329,goToQuestion
FN:334,handlePreviousQuestion
FN:339,handleNextQuestion
FN:370,handleReturnToConfig
FN:410,handlePageHide
FN:484,onClick
FN:574,onClick
FN:624,onChange
FN:638,onChange
FNF:15
FNH:4
FNDA:12,safeParse
FNDA:2,normalizeQuestion
FNDA:13,QuizPage
FNDA:1,sanitize
FNDA:0,handleAnswerSelect
FNDA:0,handleSubmit
FNDA:0,goToQuestion
FNDA:0,handlePreviousQuestion
FNDA:0,handleNextQuestion
FNDA:0,handleReturnToConfig
FNDA:0,handlePageHide
FNDA:0,onClick
FNDA:0,onClick
FNDA:0,onChange
FNDA:0,onChange
DA:1,1
DA:2,1
DA:3,1
DA:4,1
DA:5,1
DA:6,1
DA:7,1
DA:8,1
DA:9,1
DA:10,1
DA:11,1
DA:12,1
DA:13,1
DA:14,1
DA:15,1
DA:16,1
DA:17,1
DA:18,12
DA:19,6
DA:20,6
DA:21,12
DA:22,0
DA:23,0
DA:24,0
DA:25,12
DA:26,1
DA:27,1
DA:28,2
DA:29,3
DA:30,3
DA:31,2
DA:32,2
DA:33,2
DA:34,2
DA:35,2
DA:36,2
DA:37,1
DA:38,1
DA:39,13
DA:40,13
DA:41,13
DA:42,13
DA:43,13
DA:44,13
DA:45,13
DA:46,13
DA:47,13
DA:48,13
DA:49,13
DA:50,13
DA:51,13
DA:52,13
DA:53,13
DA:54,13
DA:55,13
DA:56,6
DA:57,6
DA:58,13
DA:59,13
DA:60,13
DA:61,3
DA:62,3
DA:63,3
DA:64,3
DA:65,3
DA:66,0
DA:67,0
DA:68,13
DA:69,13
DA:70,13
DA:71,6
DA:72,6
DA:73,13
DA:74,13
DA:75,13
DA:76,6
DA:77,1
DA:78,1
DA:79,6
DA:80,6
DA:81,1
DA:82,1
DA:83,5
DA:84,6
DA:85,0
DA:86,6
DA:87,0
DA:88,0
DA:89,5
DA:90,13
DA:91,13
DA:92,13
DA:93,1
DA:94,1
DA:95,1
DA:96,13
DA:97,13
DA:98,13
DA:99,6
DA:100,5
DA:101,5
DA:102,1
DA:103,13
DA:104,13
DA:105,13
DA:106,6
DA:107,6
DA:108,13
DA:109,13
DA:110,13
DA:111,3
DA:112,0
DA:113,0
DA:114,3
DA:115,0
DA:116,0
DA:117,3
DA:118,0
DA:119,0
DA:120,3
DA:121,3
DA:122,0
DA:123,0
DA:124,3
DA:125,13
DA:126,13
DA:127,13
DA:128,13
DA:129,6
DA:130,6
DA:131,6
DA:132,0
DA:133,0
DA:134,6
DA:135,0
DA:136,0
DA:137,6
DA:138,13
DA:139,13
DA:140,13
DA:141,13
DA:142,13
DA:143,3
DA:144,3
DA:145,3
DA:146,3
DA:147,3
DA:148,0
DA:149,0
DA:150,0
DA:151,0
DA:152,3
DA:153,3
DA:154,3
DA:155,3
DA:156,3
DA:157,3
DA:158,3
DA:159,3
DA:160,3
DA:161,3
DA:162,3
DA:163,3
DA:164,3
DA:165,3
DA:166,3
DA:167,3
DA:168,3
DA:169,3
DA:170,3
DA:171,3
DA:172,0
DA:173,0
DA:174,3
DA:175,3
DA:176,3
DA:177,3
DA:178,3
DA:179,3
DA:180,3
DA:181,3
DA:182,3
DA:183,3
DA:184,3
DA:185,13
DA:186,13
DA:187,13
DA:188,3
DA:189,3
DA:190,3
DA:191,3
DA:192,3
DA:193,0
DA:194,0
DA:195,0
DA:196,3
DA:197,3
DA:198,3
DA:199,3
DA:200,13
DA:201,13
DA:202,13
DA:203,3
DA:204,3
DA:205,3
DA:206,3
DA:207,3
DA:208,3
DA:209,3
DA:210,3
DA:211,3
DA:212,3
DA:213,3
DA:214,3
DA:215,3
DA:216,3
DA:217,3
DA:218,3
DA:219,0
DA:220,0
DA:221,0
DA:222,0
DA:223,3
DA:224,1
DA:225,1
DA:226,1
DA:227,3
DA:228,0
DA:229,0
DA:230,2
DA:231,2
DA:232,1
DA:233,1
DA:234,1
DA:235,1
DA:236,2
DA:237,2
DA:238,2
DA:239,2
DA:240,2
DA:241,3
DA:242,1
DA:243,1
DA:244,1
DA:245,3
DA:246,3
DA:247,3
DA:248,13
DA:249,13
DA:250,13
DA:251,13
DA:252,13
DA:253,9
DA:254,9
DA:255,3
DA:256,3
DA:257,3
DA:258,3
DA:259,3
DA:260,3
DA:261,13
DA:262,13
DA:263,13
DA:264,4
DA:265,4
DA:266,4
DA:267,4
DA:268,4
DA:269,0
DA:270,0
DA:271,0
DA:272,4
DA:273,13
DA:274,13
DA:275,13
DA:276,13
DA:277,13
DA:278,13
DA:279,13
DA:280,0
DA:281,0
DA:282,13
DA:283,13
DA:284,13
DA:285,0
DA:286,0
DA:287,0
DA:288,0
DA:289,0
DA:290,0
DA:291,0
DA:292,0
DA:293,0
DA:294,0
DA:295,0
DA:296,0
DA:297,0
DA:298,0
DA:299,0
DA:300,0
DA:301,0
DA:302,0
DA:303,0
DA:304,0
DA:305,0
DA:306,0
DA:307,0
DA:308,0
DA:309,0
DA:310,0
DA:311,0
DA:312,0
DA:313,0
DA:314,0
DA:315,0
DA:316,0
DA:317,0
DA:318,0
DA:319,0
DA:320,0
DA:321,0
DA:322,0
DA:323,0
DA:324,0
DA:325,0
DA:326,0
DA:327,13
DA:328,13
DA:329,13
DA:330,0
DA:331,0
DA:332,13
DA:333,13
DA:334,13
DA:335,0
DA:336,0
DA:337,13
DA:338,13
DA:339,13
DA:340,0
DA:341,0
DA:342,0
DA:343,0
DA:344,0
DA:345,0
DA:346,0
DA:347,0
DA:348,0
DA:349,13
DA:350,13
DA:351,13
DA:352,0
DA:353,0
DA:354,0
DA:355,0
DA:356,0
DA:357,0
DA:358,0
DA:359,0
DA:360,0
DA:361,0
DA:362,0
DA:363,0
DA:364,0
DA:365,0
DA:366,13
DA:367,13
DA:368,13
DA:369,13
DA:370,13
DA:371,0
DA:372,0
DA:373,0
DA:374,0
DA:375,0
DA:376,0
DA:377,0
DA:378,0
DA:379,0
DA:380,0
DA:381,0
DA:382,0
DA:383,0
DA:384,0
DA:385,0
DA:386,0
DA:387,0
DA:388,0
DA:389,0
DA:390,0
DA:391,0
DA:392,0
DA:393,0
DA:394,0
DA:395,0
DA:396,0
DA:397,0
DA:398,0
DA:399,0
DA:400,0
DA:401,0
DA:402,0
DA:403,0
DA:404,0
DA:405,0
DA:406,13
DA:407,13
DA:408,13
DA:409,5
DA:410,5
DA:411,0
DA:412,5
DA:413,5
DA:414,5
DA:415,5
DA:416,5
DA:417,13
DA:418,13
DA:419,13
DA:420,13
DA:421,13
DA:422,13
DA:423,13
DA:424,13
DA:425,13
DA:426,13
DA:427,13
DA:428,13
DA:429,13
DA:430,13
DA:431,13
DA:432,13
DA:433,13
DA:434,3
DA:435,13
DA:436,13
DA:437,13
DA:438,13
DA:439,9
DA:440,9
DA:441,9
DA:442,9
DA:443,9
DA:444,9
DA:445,4
DA:446,13
DA:447,1
DA:448,1
DA:449,1
DA:450,1
DA:451,1
DA:452,1
DA:453,1
DA:454,1
DA:455,1
DA:456,1
DA:457,1
DA:458,1
DA:459,1
DA:460,1
DA:461,1
DA:462,1
DA:463,1
DA:464,1
DA:465,3
DA:466,3
DA:467,3
DA:468,13
DA:469,13
DA:470,13
DA:471,13
DA:472,13
DA:473,13
DA:474,13
DA:475,13
DA:476,0
DA:477,0
DA:478,0
DA:479,0
DA:480,0
DA:481,0
DA:482,0
DA:483,0
DA:484,0
DA:485,0
DA:486,0
DA:487,0
DA:488,0
DA:489,0
DA:490,0
DA:491,13
DA:492,13
DA:493,13
DA:494,13
DA:495,13
DA:496,13
DA:497,13
DA:498,13
DA:499,13
DA:500,13
DA:501,13
DA:502,13
DA:503,13
DA:504,13
DA:505,13
DA:506,13
DA:507,13
DA:508,13
DA:509,13
DA:510,13
DA:511,13
DA:512,13
DA:513,13
DA:514,13
DA:515,13
DA:516,13
DA:517,13
DA:518,13
DA:519,0
DA:520,13
DA:521,13
DA:522,13
DA:523,13
DA:524,13
DA:525,13
DA:526,13
DA:527,13
DA:528,13
DA:529,0
DA:530,0
DA:531,0
DA:532,0
DA:533,0
DA:534,0
DA:535,0
DA:536,0
DA:537,0
DA:538,0
DA:539,0
DA:540,0
DA:541,0
DA:542,0
DA:543,0
DA:544,0
DA:545,0
DA:546,13
DA:547,13
DA:548,13
DA:549,13
DA:550,13
DA:551,13
DA:552,9
DA:553,9
DA:554,9
DA:555,0
DA:556,0
DA:557,0
DA:558,0
DA:559,0
DA:560,9
DA:561,0
DA:562,9
DA:563,9
DA:564,9
DA:565,0
DA:566,0
DA:567,0
DA:568,0
DA:569,9
DA:570,9
DA:571,9
DA:572,9
DA:573,9
DA:574,9
DA:575,9
DA:576,9
DA:577,9
DA:578,9
DA:579,9
DA:580,9
DA:581,9
DA:582,9
DA:583,9
DA:584,9
DA:585,9
DA:586,9
DA:587,9
DA:588,9
DA:589,0
DA:590,9
DA:591,9
DA:592,9
DA:593,9
DA:594,9
DA:595,9
DA:596,9
DA:597,0
DA:598,0
DA:599,0
DA:600,0
DA:601,0
DA:602,0
DA:603,0
DA:604,0
DA:605,0
DA:606,0
DA:607,0
DA:608,9
DA:609,9
DA:610,9
DA:611,13
DA:612,13
DA:613,13
DA:614,13
DA:615,13
DA:616,13
DA:617,13
DA:618,13
DA:619,13
DA:620,13
DA:621,13
DA:622,13
DA:623,13
DA:624,13
DA:625,13
DA:626,13
DA:627,13
DA:628,13
DA:629,13
DA:630,13
DA:631,13
DA:632,13
DA:633,13
DA:634,13
DA:635,13
DA:636,13
DA:637,13
DA:638,13
DA:639,13
DA:640,13
DA:641,13
DA:642,3
DA:643,3
DA:644,3
DA:645,13
DA:646,13
DA:647,13
DA:648,13
DA:649,13
DA:650,13
DA:651,13
DA:652,13
DA:653,13
DA:654,13
DA:655,13
DA:656,13
DA:657,13
DA:658,3
DA:659,0
DA:660,0
DA:661,0
DA:662,0
DA:663,0
DA:664,0
DA:665,0
DA:666,0
DA:667,0
DA:668,0
DA:669,3
DA:670,3
DA:671,3
DA:672,3
DA:673,3
DA:674,3
DA:675,3
DA:676,3
DA:677,3
DA:678,3
DA:679,3
DA:680,13
DA:681,0
DA:682,0
DA:683,0
DA:684,0
DA:685,0
DA:686,0
DA:687,0
DA:688,13
DA:689,13
DA:690,13
DA:691,13
DA:692,13
DA:693,13
DA:694,13
LF:694
LH:477
BRDA:17,0,0,12
BRDA:18,1,0,6
BRDA:21,2,0,0
BRDA:27,3,0,2
BRDA:28,4,0,1
BRDA:28,5,0,3
BRDA:29,6,0,0
BRDA:38,7,0,13
BRDA:275,8,0,10
BRDA:276,9,0,3
BRDA:276,10,0,10
BRDA:277,11,0,3
BRDA:419,12,0,0
BRDA:420,13,0,10
BRDA:422,14,0,3
BRDA:422,15,0,10
BRDA:422,16,0,0
BRDA:424,17,0,3
BRDA:424,18,0,10
BRDA:424,19,0,1
BRDA:424,20,0,9
BRDA:425,21,0,3
BRDA:425,22,0,10
BRDA:430,23,0,0
BRDA:431,24,0,0
BRDA:434,25,0,3
BRDA:434,26,0,0
BRDA:435,27,0,10
BRDA:438,28,0,10
BRDA:438,29,0,7
BRDA:438,30,0,9
BRDA:444,31,0,4
BRDA:446,32,0,1
BRDA:450,33,0,0
BRDA:464,34,0,3
BRDA:468,35,0,0
BRDA:468,36,0,3
BRDA:469,37,0,0
BRDA:470,38,0,0
BRDA:471,39,0,0
BRDA:475,40,0,0
BRDA:518,41,0,0
BRDA:528,42,0,0
BRDA:528,43,0,0
BRDA:657,44,0,3
BRDA:658,45,0,0
BRDA:672,46,0,0
BRDA:678,47,0,0
BRDA:681,48,0,0
BRDA:55,49,0,6
BRDA:56,50,0,0
BRDA:60,51,0,3
BRDA:61,52,0,0
BRDA:65,53,0,0
BRDA:70,54,0,6
BRDA:71,55,0,0
BRDA:72,56,0,0
BRDA:75,57,0,6
BRDA:80,58,0,1
BRDA:80,59,0,1
BRDA:82,60,0,5
BRDA:84,61,0,0
BRDA:84,62,0,0
BRDA:86,63,0,0
BRDA:88,64,0,5
BRDA:76,65,0,1
BRDA:77,66,0,0
BRDA:78,67,0,1
BRDA:78,68,0,0
BRDA:92,69,0,1
BRDA:98,70,0,6
BRDA:99,71,0,5
BRDA:101,72,0,1
BRDA:105,73,0,6
BRDA:106,74,0,0
BRDA:107,75,0,6
BRDA:107,76,0,5
BRDA:107,77,0,1
BRDA:110,78,0,3
BRDA:111,79,0,0
BRDA:111,80,0,0
BRDA:114,81,0,0
BRDA:114,82,0,0
BRDA:114,83,0,0
BRDA:117,84,0,0
BRDA:117,85,0,0
BRDA:117,86,0,0
BRDA:121,87,0,0
BRDA:121,88,0,0
BRDA:121,89,0,0
BRDA:124,90,0,0
BRDA:128,91,0,6
BRDA:130,92,0,0
BRDA:131,93,0,0
BRDA:131,94,0,0
BRDA:131,95,0,0
BRDA:134,96,0,0
BRDA:134,97,0,0
BRDA:142,98,0,3
BRDA:144,99,0,0
BRDA:146,100,0,0
BRDA:146,101,0,0
BRDA:146,102,0,0
BRDA:147,103,0,0
BRDA:152,104,0,0
BRDA:171,105,0,0
BRDA:187,106,0,3
BRDA:188,107,0,0
BRDA:192,108,0,0
BRDA:192,109,0,0
BRDA:202,110,0,3
BRDA:207,111,0,0
BRDA:215,112,0,0
BRDA:218,113,0,0
BRDA:223,114,0,1
BRDA:225,115,0,0
BRDA:226,116,0,2
BRDA:227,117,0,0
BRDA:229,118,0,2
BRDA:241,119,0,1
BRDA:243,120,0,0
BRDA:231,121,0,1
BRDA:252,122,0,9
BRDA:253,123,0,0
BRDA:254,124,0,6
BRDA:254,125,0,3
BRDA:263,126,0,4
BRDA:265,127,0,1
BRDA:268,128,0,0
BRDA:272,129,0,0
BRDA:408,130,0,5
BRDA:409,131,0,0
BRDA:414,132,0,5
BRDA:469,133,0,9
BRDA:551,134,0,9
BRDA:555,135,0,0
BRDA:561,136,0,0
BRDA:565,137,0,0
BRDA:581,138,0,0
BRDA:589,139,0,0
BRDA:596,140,0,0
BRDA:641,141,0,3
BRF:142
BRH:67
end_of_record
TN:
SF:app\Student\Quizzes\page2.jsx
FN:15,Section
FN:31,onClick
FN:67,StudentQuizzesPage
FN:76,fetchQuizzes
FN:109,handleSelectQuiz
FN:120,onClick
FNF:6
FNH:4
FNDA:8,Section
FNDA:0,onClick
FNDA:9,StudentQuizzesPage
FNDA:5,fetchQuizzes
FNDA:0,handleSelectQuiz
FNDA:1,onClick
DA:1,1
DA:2,1
DA:3,1
DA:4,1
DA:5,1
DA:6,1
DA:7,1
DA:8,1
DA:9,1
DA:10,1
DA:11,1
DA:12,1
DA:13,1
DA:14,1
DA:15,1
DA:16,8
DA:17,8
DA:18,8
DA:19,8
DA:20,8
DA:21,8
DA:22,7
DA:23,7
DA:24,7
DA:25,1
DA:26,1
DA:27,1
DA:28,1
DA:29,1
DA:30,1
DA:31,1
DA:32,1
DA:33,1
DA:34,1
DA:35,1
DA:36,1
DA:37,1
DA:38,1
DA:39,1
DA:40,1
DA:41,1
DA:42,0
DA:43,0
DA:44,0
DA:45,1
DA:46,1
DA:47,1
DA:48,1
DA:49,1
DA:50,0
DA:51,0
DA:52,0
DA:53,1
DA:54,1
DA:55,0
DA:56,0
DA:57,0
DA:58,1
DA:59,1
DA:60,1
DA:61,1
DA:62,1
DA:63,8
DA:64,8
DA:65,1
DA:66,1
DA:67,1
DA:68,9
DA:69,9
DA:70,9
DA:71,9
DA:72,9
DA:73,9
DA:74,9
DA:75,5
DA:76,5
DA:77,5
DA:78,5
DA:79,5
DA:80,5
DA:81,5
DA:82,5
DA:83,1
DA:84,1
DA:85,5
DA:86,5
DA:87,5
DA:88,5
DA:89,5
DA:90,5
DA:91,5
DA:92,5
DA:93,5
DA:94,1
DA:95,1
DA:96,5
DA:97,5
DA:98,5
DA:99,5
DA:100,5
DA:101,5
DA:102,5
DA:103,5
DA:104,5
DA:105,5
DA:106,5
DA:107,9
DA:108,9
DA:109,9
DA:110,0
DA:111,0
DA:112,9
DA:113,9
DA:114,9
DA:115,9
DA:116,9
DA:117,9
DA:118,9
DA:119,9
DA:120,9
DA:121,9
DA:122,9
DA:123,9
DA:124,9
DA:125,9
DA:126,9
DA:127,9
DA:128,9
DA:129,9
DA:130,9
DA:131,9
DA:132,9
DA:133,9
DA:134,1
DA:135,1
DA:136,1
DA:137,9
DA:138,9
DA:139,9
DA:140,5
DA:141,5
DA:142,5
DA:143,4
DA:144,4
DA:145,4
DA:146,4
DA:147,4
DA:148,4
DA:149,4
DA:150,4
DA:151,4
DA:152,4
DA:153,4
DA:154,4
DA:155,4
DA:156,4
DA:157,4
DA:158,4
DA:159,4
DA:160,9
DA:161,9
DA:162,9
DA:163,9
DA:164,9
LF:164
LH:153
BRDA:15,0,0,8
BRDA:21,1,0,7
BRDA:25,2,0,1
BRDA:27,3,0,1
BRDA:35,4,0,0
BRDA:41,5,0,0
BRDA:47,6,0,0
BRDA:47,7,0,0
BRDA:49,8,0,0
BRDA:49,9,0,0
BRDA:54,10,0,0
BRDA:54,11,0,0
BRDA:67,12,0,9
BRDA:133,13,0,1
BRDA:139,14,0,5
BRDA:143,15,0,4
BRDA:74,16,0,5
BRDA:76,17,0,5
BRDA:82,18,0,1
BRDA:83,19,0,0
BRDA:84,20,0,4
BRDA:85,21,0,0
BRDA:85,22,0,4
BRDA:86,23,0,3
BRDA:86,24,0,1
BRDA:93,25,0,1
BRDA:94,26,0,0
BRDA:95,27,0,0
BRDA:86,28,0,4
BRDA:88,29,0,3
BRDA:88,30,0,0
BRDA:91,31,0,3
BRDA:91,32,0,0
BRDA:104,33,0,5
BRDA:120,34,0,1
BRF:35
BRH:21
end_of_record
TN:
SF:app\Student\Quizzes\[quizId]\quizid.jsx
FN:15,InfoRow
FN:22,StudentQuizDetailsPage
FN:34,fetchDefinition
FN:73,onClick
FN:88,onClick
FN:191,onClick
FNF:6
FNH:3
FNDA:3,InfoRow
FNDA:8,StudentQuizDetailsPage
FNDA:4,fetchDefinition
FNDA:0,onClick
FNDA:0,onClick
FNDA:0,onClick
DA:1,1
DA:2,1
DA:3,1
DA:4,1
DA:5,1
DA:6,1
DA:7,1
DA:8,1
DA:9,1
DA:10,1
DA:11,1
DA:12,1
DA:13,1
DA:14,1
DA:15,1
DA:16,3
DA:17,3
DA:18,3
DA:19,3
DA:20,1
DA:21,1
DA:22,1
DA:23,8
DA:24,8
DA:25,8
DA:26,8
DA:27,8
DA:28,8
DA:29,8
DA:30,8
DA:31,8
DA:32,5
DA:33,4
DA:34,4
DA:35,4
DA:36,4
DA:37,4
DA:38,4
DA:39,4
DA:40,4
DA:41,1
DA:42,1
DA:43,3
DA:44,3
DA:45,3
DA:46,4
DA:47,1
DA:48,1
DA:49,1
DA:50,4
DA:51,4
DA:52,4
DA:53,4
DA:54,4
DA:55,4
DA:56,4
DA:57,4
DA:58,4
DA:59,4
DA:60,8
DA:61,8
DA:62,8
DA:63,8
DA:64,8
DA:65,8
DA:66,1
DA:67,1
DA:68,1
DA:69,1
DA:70,1
DA:71,1
DA:72,1
DA:73,1
DA:74,1
DA:75,1
DA:76,1
DA:77,1
DA:78,1
DA:79,1
DA:80,1
DA:81,7
DA:82,7
DA:83,7
DA:84,7
DA:85,7
DA:86,7
DA:87,7
DA:88,7
DA:89,7
DA:90,7
DA:91,7
DA:92,7
DA:93,7
DA:94,7
DA:95,7
DA:96,1
DA:97,1
DA:98,1
DA:99,8
DA:100,8
DA:101,8
DA:102,4
DA:103,4
DA:104,4
DA:105,3
DA:106,1
DA:107,1
DA:108,1
DA:109,1
DA:110,1
DA:111,1
DA:112,1
DA:113,1
DA:114,1
DA:115,1
DA:116,1
DA:117,1
DA:118,1
DA:119,1
DA:120,1
DA:121,1
DA:122,1
DA:123,1
DA:124,1
DA:125,0
DA:126,1
DA:127,1
DA:128,1
DA:129,1
DA:130,1
DA:131,1
DA:132,1
DA:133,0
DA:134,0
DA:135,0
DA:136,1
DA:137,1
DA:138,1
DA:139,1
DA:140,1
DA:141,1
DA:142,1
DA:143,0
DA:144,0
DA:145,0
DA:146,0
DA:147,0
DA:148,0
DA:149,0
DA:150,0
DA:151,0
DA:152,0
DA:153,1
DA:154,1
DA:155,1
DA:156,1
DA:157,1
DA:158,1
DA:159,1
DA:160,1
DA:161,1
DA:162,1
DA:163,1
DA:164,1
DA:165,1
DA:166,1
DA:167,1
DA:168,1
DA:169,1
DA:170,1
DA:171,1
DA:172,1
DA:173,1
DA:174,1
DA:175,1
DA:176,1
DA:177,1
DA:178,1
DA:179,1
DA:180,1
DA:181,1
DA:182,1
DA:183,1
DA:184,2
DA:185,2
DA:186,2
DA:187,2
DA:188,2
DA:189,2
DA:190,2
DA:191,2
DA:192,2
DA:193,2
DA:194,2
DA:195,2
DA:196,2
DA:197,8
DA:198,8
DA:199,8
DA:200,8
DA:201,8
LF:201
LH:187
BRDA:15,0,0,3
BRDA:18,1,0,0
BRDA:22,2,0,8
BRDA:25,3,0,2
BRDA:25,4,0,6
BRDA:63,5,0,1
BRDA:63,6,0,7
BRDA:65,7,0,1
BRDA:80,8,0,7
BRDA:95,9,0,1
BRDA:101,10,0,4
BRDA:105,11,0,3
BRDA:105,12,0,1
BRDA:110,13,0,0
BRDA:113,14,0,0
BRDA:125,15,0,0
BRDA:133,16,0,0
BRDA:142,17,0,0
BRDA:184,18,0,2
BRDA:31,19,0,5
BRDA:32,20,0,1
BRDA:32,21,0,4
BRDA:34,22,0,4
BRDA:40,23,0,1
BRDA:41,24,0,0
BRDA:42,25,0,3
BRDA:46,26,0,1
BRDA:48,27,0,0
BRDA:57,28,0,4
BRDA:62,29,0,6
BRDA:62,30,0,1
BRDA:62,31,0,5
BRF:32
BRH:24
end_of_record
TN:
SF:app\components\ConditionalBody.jsx
FN:4,ConditionalBody
FNF:1
FNH:1
FNDA:10,ConditionalBody
DA:1,1
DA:2,1
DA:3,1
DA:4,1
DA:5,10
DA:6,10
DA:7,10
DA:8,10
DA:9,4
DA:10,4
DA:11,4
DA:12,4
DA:13,4
DA:14,4
DA:15,6
DA:16,6
DA:17,6
DA:18,6
DA:19,6
DA:20,6
DA:21,6
DA:22,6
LF:22
LH:22
BRDA:4,0,0,10
BRDA:8,1,0,4
BRDA:14,2,0,6
BRF:3
BRH:3
end_of_record
